[2015.07.09-15.18.23:301][  0]Log file open, 07/09/15 17:18:23
[2015.07.09-15.18.23:301][  0]LogInit:Display: Running engine for game: Unreal
[2015.07.09-15.18.23:301][  0]LogInit:Display: RandInit(-1412373880) SRandInit(-1412373880).
[2015.07.09-15.18.23:301][  0]LogTaskGraph: Started task graph with 4 named threads and 7 total threads.
[2015.07.09-15.18.23:301][  0]LogStats: Stats thread started
[2015.07.09-15.18.23:301][  0]LogInit: Version: 4.8.1-2591939+++depot+UE4-Releases+4.8
[2015.07.09-15.18.23:301][  0]LogInit: API Version: 2579680
[2015.07.09-15.18.23:301][  0]LogInit: Compiled (64-bit): Jun 18 2015 11:02:04
[2015.07.09-15.18.23:301][  0]LogInit: Compiled with Visual C++: 18.00.21005.01
[2015.07.09-15.18.23:301][  0]LogInit: Build Configuration: Development
[2015.07.09-15.18.23:301][  0]LogInit: Branch Name: ++depot+UE4-Releases+4.8
[2015.07.09-15.18.23:301][  0]LogInit: Command line:  /Temp/Autosaves/Game/Maps/UEDPCMap -game -PIEVIACONSOLE -ResX=1280 -ResY=720  -Multiprocess -featureleveles2 -faketouches 
[2015.07.09-15.18.23:301][  0]LogInit: Base directory: D:/Programme/Epic Games/4.8/Engine/Binaries/Win64/
[2015.07.09-15.18.23:301][  0]LogInit: Rocket: 1
[2015.07.09-15.18.23:314][  0]LogInit: Using libcurl 7.41.0
[2015.07.09-15.18.23:314][  0]LogInit:  - built for x86_64-pc-win32
[2015.07.09-15.18.23:314][  0]LogInit:  - supports SSL with WinSSL
[2015.07.09-15.18.23:314][  0]LogInit:  - other features:
[2015.07.09-15.18.23:314][  0]LogInit:      CURL_VERSION_SSL
[2015.07.09-15.18.23:314][  0]LogInit:      CURL_VERSION_IPV6
[2015.07.09-15.18.23:314][  0]LogInit:      CURL_VERSION_ASYNCHDNS
[2015.07.09-15.18.23:314][  0]LogInit:      CURL_VERSION_LARGEFILE
[2015.07.09-15.18.23:314][  0]LogInit:      CURL_VERSION_IDN
[2015.07.09-15.18.23:314][  0]LogInit:  CurlRequestOptions (configurable via config and command line):
[2015.07.09-15.18.23:314][  0]LogInit:  - bVerifyPeer = true  - Libcurl will verify peer certificate
[2015.07.09-15.18.23:314][  0]LogInit:  - bUseHttpProxy = false  - Libcurl will NOT use HTTP proxy
[2015.07.09-15.18.23:314][  0]LogInit:  - bDontReuseConnections = false  - Libcurl will reuse connections
[2015.07.09-15.18.23:314][  0]LogInit:  - CertBundlePath = nullptr  - Libcurl will use whatever was configured at build time.
[2015.07.09-15.18.23:331][  0]LogOnline:Warning: No default platform service specified for OnlineSubsystem
[2015.07.09-15.18.23:351][  0]LogInit: Presizing for 0 objects not considered by GC, pre-allocating 0 bytes.
[2015.07.09-15.18.23:364][  0]LogInit: Object subsystem initialized
[2015.07.09-15.18.23:365][  0]LogConsoleResponse:Warning: Skipping Unknown console variable: 'TranslucentSortAxis = (X=0.000000,Y=-1.000000,Z=0.000000)'
[2015.07.09-15.18.23:365][  0]LogConsoleResponse:Warning:   Found in ini file 'C:/Users/Jakob/Desktop/Radius Jam/Kraken/Unreal/Saved/Config/Windows/Engine.ini', in section '[/Script/Engine.RendererSettings]'
[2015.07.09-15.18.23:365][  0]LogConsoleResponse:Warning: Skipping Unknown console variable: 'UIScaleRule = ShortestSide'
[2015.07.09-15.18.23:365][  0]LogConsoleResponse:Warning:   Found in ini file 'C:/Users/Jakob/Desktop/Radius Jam/Kraken/Unreal/Saved/Config/Windows/Engine.ini', in section '[/Script/Engine.RendererSettings]'
[2015.07.09-15.18.23:365][  0]LogConsoleResponse:Warning: Skipping Unknown console variable: 'UIScaleCurve = (EditorCurveData=(Keys=),ExternalCurve=None)'
[2015.07.09-15.18.23:365][  0]LogConsoleResponse:Warning:   Found in ini file 'C:/Users/Jakob/Desktop/Radius Jam/Kraken/Unreal/Saved/Config/Windows/Engine.ini', in section '[/Script/Engine.RendererSettings]'
[2015.07.09-15.18.23:366][  0]LogInit: Selected Device Profile: [Windows]
[2015.07.09-15.18.23:366][  0]LogInit: Applying CVar settings loaded from the selected device profile: [Windows]
[2015.07.09-15.18.23:369][  0]LogInit: Computer: MSI_GS70
[2015.07.09-15.18.23:369][  0]LogInit: User: Jakob
[2015.07.09-15.18.23:369][  0]LogInit: CPU Page size=4096, Cores=4
[2015.07.09-15.18.23:369][  0]LogInit: High frequency timer resolution =2.435764 MHz
[2015.07.09-15.18.23:369][  0]LogMemory: Memory total: Physical=7.9GB (8GB approx)
[2015.07.09-15.18.23:369][  0]LogMemory: Platform Memory Stats for Windows
[2015.07.09-15.18.23:369][  0]LogMemory: Process Physical Memory: 47.47 MB used, 47.47 MB peak
[2015.07.09-15.18.23:369][  0]LogMemory: Process Virtual Memory: 20.32 MB used, 20.32 MB peak
[2015.07.09-15.18.23:369][  0]LogMemory: Physical Memory: 5585.01 MB used, 8111.15 MB total
[2015.07.09-15.18.23:369][  0]LogMemory: Virtual Memory: 293.59 MB used, 134217728.00 MB total
[2015.07.09-15.18.23:414][  0]LogTextLocalizationManager: The requested culture ('de_AT') has no localization data; falling back to 'en' for localization and internationalization data.
[2015.07.09-15.18.23:746][  0]LogTextLocalizationManager:Warning: Loaded localization resources contain conflicting entries for (Namespace:ContentBrowser, Key:ImportAssetToolTip):
Localization Resource: (D:/Programme/Epic Games/4.8/Engine/Content/Localization/Editor/en/Editor.locres) Source String Hash: (-630476809) Localized String: (Import to {0}...)
Localization Resource: (D:/Programme/Epic Games/4.8/Engine/Content/Localization/Editor/en/Editor.locres) Source String Hash: (1271782899) Localized String: (Imports an asset from file to this folder.)
[2015.07.09-15.18.24:247][  0]LogD3D11RHI: Found D3D11 adapter 0: NVIDIA GeForce GTX 860M  (Feature Level 11_0)
[2015.07.09-15.18.24:247][  0]LogD3D11RHI: Adapter has 1986MB of dedicated video memory, 0MB of dedicated system memory, and 2048MB of shared system memory, 1 output[s]
[2015.07.09-15.18.24:254][  0]LogD3D11RHI: Found D3D11 adapter 1: Intel(R) HD Graphics 4600 (Feature Level 11_0)
[2015.07.09-15.18.24:254][  0]LogD3D11RHI: Adapter has 0MB of dedicated video memory, 0MB of dedicated system memory, and 1792MB of shared system memory, 0 output[s]
[2015.07.09-15.18.24:255][  0]LogD3D11RHI: Found D3D11 adapter 2: Microsoft Basic Render Driver (Feature Level 11_0)
[2015.07.09-15.18.24:255][  0]LogD3D11RHI: Adapter has 0MB of dedicated video memory, 0MB of dedicated system memory, and 256MB of shared system memory, 0 output[s]
[2015.07.09-15.18.24:255][  0]LogD3D11RHI: Chosen D3D11 Adapter Id = 0
[2015.07.09-15.18.24:260][  0]LogRHI: Texture pool is 1361 MB (70% of 1945 MB)
[2015.07.09-15.18.24:273][  0]LogD3D11RHI: Async texture creation enabled
[2015.07.09-15.18.24:289][  0]LogShaderCompilers:Display: Using Local Shader Compiler.
[2015.07.09-15.18.25:176][  0]LogTemp:Display: Loaded TP DesktopTargetPlatform
[2015.07.09-15.18.25:189][  0]LogTemp:Display: Loaded TP WindowsClientTargetPlatform
[2015.07.09-15.18.25:204][  0]LogTemp:Display: Loaded TP WindowsNoEditorTargetPlatform
[2015.07.09-15.18.25:218][  0]LogTemp:Display: Loaded TP WindowsServerTargetPlatform
[2015.07.09-15.18.25:232][  0]LogTemp:Display: Loaded TP WindowsTargetPlatform
[2015.07.09-15.18.25:243][  0]LogTemp:Display: Loaded TP AndroidTargetPlatform
[2015.07.09-15.18.25:254][  0]LogTemp:Display: Loaded TP Android_ASTCTargetPlatform
[2015.07.09-15.18.25:265][  0]LogTemp:Display: Loaded TP Android_ATCTargetPlatform
[2015.07.09-15.18.25:276][  0]LogTemp:Display: Loaded TP Android_DXTTargetPlatform
[2015.07.09-15.18.25:287][  0]LogTemp:Display: Loaded TP Android_ETC1TargetPlatform
[2015.07.09-15.18.25:298][  0]LogTemp:Display: Loaded TP Android_ETC2TargetPlatform
[2015.07.09-15.18.25:310][  0]LogTemp:Display: Loaded TP Android_PVRTCTargetPlatform
[2015.07.09-15.18.25:354][  0]LogTemp:Display: Loaded TP IOSTargetPlatform
[2015.07.09-15.18.25:366][  0]LogTemp:Display: Loaded TP LinuxNoEditorTargetPlatform
[2015.07.09-15.18.25:378][  0]LogTemp:Display: Loaded TP LinuxServerTargetPlatform
[2015.07.09-15.18.25:391][  0]LogTemp:Display: Loaded TP LinuxTargetPlatform
[2015.07.09-15.18.25:391][  0]LogTargetPlatformManager:Display: Building Assets For Windows
[2015.07.09-15.18.25:572][  0]LogDerivedDataCache:Display: Max Cache Size: 512 MB
[2015.07.09-15.18.25:636][  0]LogDerivedDataCache: Loaded boot cache 0.06s 53MB C:/Users/Jakob/AppData/Local/UnrealEngine/4.8/DerivedDataCache/Boot.ddc.
[2015.07.09-15.18.25:636][  0]LogDerivedDataCache:Display: Loaded Boot cache: C:/Users/Jakob/AppData/Local/UnrealEngine/4.8/DerivedDataCache/Boot.ddc
[2015.07.09-15.18.25:636][  0]LogDerivedDataCache: FDerivedDataBackendGraph:  Pak pak cache file C:/Users/Jakob/Desktop/Radius Jam/Kraken/Unreal/DerivedDataCache/DDC.ddp not found, will not use a pak cache.
[2015.07.09-15.18.25:636][  0]LogDerivedDataCache: Unable to find inner node Pak for hierarchical cache Hierarchy.
[2015.07.09-15.18.25:636][  0]LogDerivedDataCache: FDerivedDataBackendGraph:  CompressedPak pak cache file C:/Users/Jakob/Desktop/Radius Jam/Kraken/Unreal/DerivedDataCache/Compressed.ddp not found, will not use a pak cache.
[2015.07.09-15.18.25:636][  0]LogDerivedDataCache: Unable to find inner node CompressedPak for hierarchical cache Hierarchy.
[2015.07.09-15.18.25:816][  0]LogDerivedDataCache:Display: Pak cache opened for reading ../../../Engine/DerivedDataCache/Compressed.ddp.
[2015.07.09-15.18.25:828][  0]LogDerivedDataCache: Using Local data cache path C:/Users/Jakob/AppData/Local/UnrealEngine/Common/DerivedDataCache: Writable
[2015.07.09-15.18.26:044][  0]LogInit: Selected Device Profile: [Windows]
[2015.07.09-15.18.26:101][  0]ImportText (ComponentSweepMultiTests): Missing closing parenthesis: (RootShapeAsset="/Engine/BasicShapes/Cube.Cube",ShapeType="TriggerCapsule",HitResult=(Time=0.50,Location=(X=-100.000015,Y=0.0,Z=100.000015),ImpactPoint=(X=-50.0,Y=0.0,Z=50.0),Normal=(X=-1.0,Y=-0.0,Z=0.0),ImpactNormal=(X=0.0,Y=0.0,Z=1.0),TraceStart=(X=-200.0,Y=0.0,Z=200.0),TraceEnd=(X=0.0,Y=0.0,Z=0.0))
[2015.07.09-15.18.26:102][  0]ImportText (LineTraceSingleByChannelTests): Missing closing parenthesis: (RootShapeAsset="/Engine/BasicShapes/Cube.Cube",HitResult=(Time=0.50,Location=(X=-100.000015,Y=0.0,Z=100.000015),ImpactPoint=(X=-50.0,Y=0.0,Z=50.0),Normal=(X=-1.0,Y=-0.0,Z=0.0),ImpactNormal=(X=0.0,Y=0.0,Z=1.0),TraceStart=(X=-200.0,Y=0.0,Z=200.0),TraceEnd=(X=0.0,Y=0.0,Z=0.0))
[2015.07.09-15.18.26:125][  0]LogMeshUtilities: No automatic mesh reduction module available
[2015.07.09-15.18.26:125][  0]LogMeshUtilities: No automatic mesh merging module available
[2015.07.09-15.18.26:402][  0]LogInit: WinSock: version 1.1 (2.2), MaxSocks=32767, MaxUdp=65467
[2015.07.09-15.18.26:797][  0]LogWindowsMoviePlayer: Unable to load movie: C:/Users/Jakob/Desktop/Radius Jam/Kraken/Unreal/Content/Movies/Default_Startup.mp4
[2015.07.09-15.18.26:936][  0]SourceControl: Info Source control is disabled
[2015.07.09-15.18.26:936][  0]SourceControl: Info Source control is disabled
[2015.07.09-15.18.26:950][  0]SourceControl: Info Source control is disabled
[2015.07.09-15.18.27:122][  0]LogObj: 25781 objects as part of root set at end of initial load.
[2015.07.09-15.18.27:122][  0]LogUObjectAllocator: 5195968 out of 0 bytes used by permanent object pool.
[2015.07.09-15.18.27:193][  0]LogAutomationTest:Warning: ERR: Transient text cannot be serialized "Testing Transient serialization detection".
[2015.07.09-15.18.27:193][  0]LogEngine: Initializing Engine...
[2015.07.09-15.18.27:195][  0]LogHMD: Can't find Oculus library dev build: is proper Runtime installed? Version: 0.6.0.0
[2015.07.09-15.18.27:197][  0]LogHMD:Warning: SteamVR failed to initialize.  Error: 110
[2015.07.09-15.18.27:225][  0]LogMaterial: Missing cached shader map for material MAT_LevelColorationLitLightmapUV, compiling. Is special engine material.
[2015.07.09-15.18.27:225][  0]LogMaterial:Warning: Failed to compile Material /Engine/EngineDebugMaterials/MAT_LevelColorationLitLightmapUV.MAT_LevelColorationLitLightmapUV for platform PCD3D_ES2, Default Material will be used in game.
[2015.07.09-15.18.27:225][  0]LogMaterial:Warning: 	(Node LightmapUVs) Node not supported in feature level ES2
[2015.07.09-15.18.27:263][  0]LogInit: XAudio2 using 'Speakers (Realtek High Definition Audio)' : 2 channels at 48 kHz using 32 bits per sample (channel mask 0x3)
[2015.07.09-15.18.27:275][  0]LogInit: FAudioDevice initialized.
[2015.07.09-15.18.27:281][  0]LogInit: Texture streaming: Disabled
[2015.07.09-15.18.27:339][  0]LogNet: Browse: /Temp/Autosaves/Game/Maps/UEDPCMap?Name=Player
[2015.07.09-15.18.27:339][  0]LogLoad: LoadMap: /Temp/Autosaves/Game/Maps/UEDPCMap?Name=Player
[2015.07.09-15.18.27:350][  0]LogParticles: Destroying 0 GPU particle simulations for FXSystem 0x000000FF23904CC0
[2015.07.09-15.18.27:359][  0]LogMemory: Platform Memory Stats for Windows
[2015.07.09-15.18.27:359][  0]LogMemory: Process Physical Memory: 332.86 MB used, 332.86 MB peak
[2015.07.09-15.18.27:359][  0]LogMemory: Process Virtual Memory: 302.00 MB used, 304.96 MB peak
[2015.07.09-15.18.27:359][  0]LogMemory: Physical Memory: 5843.52 MB used, 8111.15 MB total
[2015.07.09-15.18.27:359][  0]LogMemory: Virtual Memory: 786.13 MB used, 134217728.00 MB total
[2015.07.09-15.18.27:359][  0]LogMemory: 
[2015.07.09-15.18.27:359][  0]Allocator Stats for TBB: (not implemented)
[2015.07.09-15.18.27:957][  0]LogAIModule: Creating AISystem for world Map
[2015.07.09-15.18.27:957][  0]LogWorld: Game class is 'BP_Gamemode_C'
[2015.07.09-15.18.27:966][  0]LogWorld: Bringing World /Temp/Autosaves/Game/Maps/UEDPCMap.Map up for play (max tick rate 0) at 2015.07.09-17.18.27
[2015.07.09-15.18.27:967][  0]LogWorld: Bringing up level for play took: 0.007229
[2015.07.09-15.18.27:970][  0]LogInit:Display: Game Engine Initialized.
[2015.07.09-15.18.28:195][  0]LogAssetRegistry: FAssetRegistry took 0.0001 seconds to start up
[2015.07.09-15.18.28:195][  0]LogLoad: Full Startup: 6.26 seconds (BP compile: 0.25 seconds)
[2015.07.09-15.18.28:215][  0]LogRenderer: Reallocating scene render targets to support 128x128 (Frame:1).
[2015.07.09-15.18.28:239][  0]LogContentStreaming: Texture pool size is 1000.000000MB
[2015.07.09-15.18.28:289][  1]LogRenderer: Reallocating scene render targets to support 1280x720 (Frame:2).
[2015.07.09-15.18.44:559][  4]LogWindowsTextInputMethodSystem:Display: IME system now deactivated.
[2015.07.09-15.18.44:562][  4]LogEngine: All Windows Closed
[2015.07.09-15.18.44:562][  4]LogWindows: FPlatformMisc::RequestExit(0)
[2015.07.09-15.18.45:222][  5]LogExit: Preparing to exit.
[2015.07.09-15.18.45:287][  5]LogExit: Game engine shut down
[2015.07.09-15.18.45:288][  5]LogParticles: Destroying 0 GPU particle simulations for FXSystem 0x000000FF2676C5E0
[2015.07.09-15.18.45:423][  5]LogExit: Object subsystem successfully closed.
[2015.07.09-15.18.45:660][  5]LogModuleManager: Shutting down and abandoning module AndroidDeviceDetection (108)
[2015.07.09-15.18.46:226][  5]LogModuleManager: Shutting down and abandoning module AssetRegistry (107)
[2015.07.09-15.18.46:226][  5]LogModuleManager: Shutting down and abandoning module AutomationWorker (106)
[2015.07.09-15.18.46:226][  5]LogModuleManager: Shutting down and abandoning module CharacterAI (105)
[2015.07.09-15.18.46:226][  5]LogModuleManager: Shutting down and abandoning module AITestSuite (104)
[2015.07.09-15.18.46:226][  5]LogModuleManager: Shutting down and abandoning module GameplayDebugger (103)
[2015.07.09-15.18.46:226][  5]LogModuleManager: Shutting down and abandoning module AIModule (102)
[2015.07.09-15.18.46:226][  5]LogModuleManager: Shutting down and abandoning module GameLiveStreaming (101)
[2015.07.09-15.18.46:226][  5]LogModuleManager: Shutting down and abandoning module StreamingPauseRendering (100)
[2015.07.09-15.18.46:226][  5]LogModuleManager: Shutting down and abandoning module ProfilerService (99)
[2015.07.09-15.18.46:418][  5]LogModuleManager: Shutting down and abandoning module TaskGraph (98)
[2015.07.09-15.18.46:418][  5]LogModuleManager: Shutting down and abandoning module SlateRemote (97)
[2015.07.09-15.18.46:419][  5]LogModuleManager: Shutting down and abandoning module SteamVRController (96)
[2015.07.09-15.18.46:419][  5]LogModuleManager: Shutting down and abandoning module SteamVR (95)
[2015.07.09-15.18.46:419][  5]LogModuleManager: Shutting down and abandoning module ProceduralMeshComponent (94)
[2015.07.09-15.18.46:419][  5]LogModuleManager: Shutting down and abandoning module OculusRift (93)
[2015.07.09-15.18.46:419][  5]LogModuleManager: Shutting down and abandoning module LeapMotionController (92)
[2015.07.09-15.18.46:432][  5]LogModuleManager: Shutting down and abandoning module CustomMeshComponent (91)
[2015.07.09-15.18.46:432][  5]LogModuleManager: Shutting down and abandoning module CableComponent (90)
[2015.07.09-15.18.46:432][  5]LogModuleManager: Shutting down and abandoning module DesktopPlatform (89)
[2015.07.09-15.18.46:432][  5]LogModuleManager: Shutting down and abandoning module DirectoryWatcher (88)
[2015.07.09-15.18.46:432][  5]LogModuleManager: Shutting down and abandoning module HotReload (87)
[2015.07.09-15.18.46:432][  5]LogModuleManager: Shutting down and abandoning module VisualStudioSourceCodeAccess (86)
[2015.07.09-15.18.46:432][  5]LogModuleManager: Shutting down and abandoning module UObjectPlugin (85)
[2015.07.09-15.18.46:432][  5]LogModuleManager: Shutting down and abandoning module SubversionSourceControl (84)
[2015.07.09-15.18.46:432][  5]LogModuleManager: Shutting down and abandoning module SourceControl (83)
[2015.07.09-15.18.46:432][  5]LogModuleManager: Shutting down and abandoning module PerforceSourceControl (82)
[2015.07.09-15.18.46:432][  5]LogModuleManager: Shutting down and abandoning module BlankPlugin (81)
[2015.07.09-15.18.46:432][  5]LogModuleManager: Shutting down and abandoning module UdpMessaging (80)
[2015.07.09-15.18.46:432][  5]LogModuleManager: Shutting down and abandoning module Paper2D (79)
[2015.07.09-15.18.46:432][  5]LogModuleManager: Shutting down and abandoning module WindowsMoviePlayer (78)
[2015.07.09-15.18.46:433][  5]LogModuleManager: Shutting down and abandoning module Media (77)
[2015.07.09-15.18.46:433][  5]LogModuleManager: Shutting down and abandoning module WmfMedia (76)
[2015.07.09-15.18.46:433][  5]LogModuleManager: Shutting down and abandoning module OnlineBlueprintSupport (75)
[2015.07.09-15.18.46:433][  5]LogModuleManager: Shutting down and abandoning module PropertyEditor (74)
[2015.07.09-15.18.46:433][  5]LogModuleManager: Shutting down and abandoning module BehaviorTreeEditor (73)
[2015.07.09-15.18.46:433][  5]LogModuleManager: Shutting down and abandoning module FunctionalTesting (72)
[2015.07.09-15.18.46:433][  5]LogModuleManager: Shutting down and abandoning module CollisionAnalyzer (71)
[2015.07.09-15.18.46:433][  5]LogModuleManager: Shutting down and abandoning module WorkspaceMenuStructure (70)
[2015.07.09-15.18.46:433][  5]LogModuleManager: Shutting down and abandoning module MessageLog (69)
[2015.07.09-15.18.46:433][  5]LogModuleManager: Shutting down and abandoning module Sequencer (68)
[2015.07.09-15.18.46:433][  5]LogModuleManager: Shutting down and abandoning module AssetTools (67)
[2015.07.09-15.18.46:433][  5]LogModuleManager: Shutting down and abandoning module UMGEditor (66)
[2015.07.09-15.18.46:433][  5]LogModuleManager: Shutting down and abandoning module UMG (65)
[2015.07.09-15.18.46:433][  5]LogModuleManager: Shutting down and abandoning module Slate (64)
[2015.07.09-15.18.46:433][  5]LogModuleManager: Shutting down and abandoning module EditorStyle (63)
[2015.07.09-15.18.46:435][  5]LogModuleManager: Shutting down and abandoning module SessionServices (62)
[2015.07.09-15.18.46:435][  5]LogModuleManager: Shutting down and abandoning module SourceCodeAccess (61)
[2015.07.09-15.18.46:435][  5]LogModuleManager: Shutting down and abandoning module HeadMountedDisplay (60)
[2015.07.09-15.18.46:435][  5]LogModuleManager: Shutting down and abandoning module XAudio2 (59)
[2015.07.09-15.18.46:435][  5]LogModuleManager: Shutting down and abandoning module Networking (57)
[2015.07.09-15.18.46:435][  5]LogModuleManager: Shutting down and abandoning module Core (56)
[2015.07.09-15.18.46:435][  5]LogModuleManager: Shutting down and abandoning module KismetCompiler (55)
[2015.07.09-15.18.46:435][  5]LogModuleManager: Shutting down and abandoning module PhysXFormats (54)
[2015.07.09-15.18.46:435][  5]LogModuleManager: Shutting down and abandoning module MeshUtilities (53)
[2015.07.09-15.18.46:435][  5]LogModuleManager: Shutting down and abandoning module DerivedDataCache (52)
[2015.07.09-15.18.46:837][  5]LogDerivedDataCache: Shutdown
[2015.07.09-15.18.46:837][  5]LogModuleManager: Shutting down and abandoning module ShaderFormatOpenGL (51)
[2015.07.09-15.18.46:837][  5]LogModuleManager: Shutting down and abandoning module ShaderFormatD3D (50)
[2015.07.09-15.18.46:837][  5]LogModuleManager: Shutting down and abandoning module MetalShaderFormat (49)
[2015.07.09-15.18.46:837][  5]LogModuleManager: Shutting down and abandoning module TextureFormatUncompressed (48)
[2015.07.09-15.18.46:837][  5]LogModuleManager: Shutting down and abandoning module TextureFormatPVR (47)
[2015.07.09-15.18.46:837][  5]LogModuleManager: Shutting down and abandoning module TextureFormatIntelISPCTexComp (46)
[2015.07.09-15.18.46:837][  5]LogModuleManager: Shutting down and abandoning module TextureFormatDXT (45)
[2015.07.09-15.18.46:837][  5]LogModuleManager: Shutting down and abandoning module ImageWrapper (44)
[2015.07.09-15.18.46:837][  5]LogModuleManager: Shutting down and abandoning module TextureFormatASTC (43)
[2015.07.09-15.18.46:837][  5]LogModuleManager: Shutting down and abandoning module TextureFormatAndroid (42)
[2015.07.09-15.18.46:837][  5]LogModuleManager: Shutting down and abandoning module AudioFormatOpus (41)
[2015.07.09-15.18.46:837][  5]LogModuleManager: Shutting down and abandoning module AudioFormatOgg (40)
[2015.07.09-15.18.46:837][  5]LogModuleManager: Shutting down and abandoning module AudioFormatADPCM (39)
[2015.07.09-15.18.46:837][  5]LogModuleManager: Shutting down and abandoning module LinuxTargetPlatform (38)
[2015.07.09-15.18.46:837][  5]LogModuleManager: Shutting down and abandoning module LinuxServerTargetPlatform (37)
[2015.07.09-15.18.46:837][  5]LogModuleManager: Shutting down and abandoning module LinuxNoEditorTargetPlatform (36)
[2015.07.09-15.18.46:837][  5]LogModuleManager: Shutting down and abandoning module Messaging (35)
[2015.07.09-15.18.46:837][  5]LogModuleManager: Shutting down and abandoning module IOSTargetPlatform (34)
[2015.07.09-15.18.46:837][  5]LogModuleManager: Shutting down and abandoning module HTML5TargetPlatform (33)
[2015.07.09-15.18.46:837][  5]LogModuleManager: Shutting down and abandoning module Android_PVRTCTargetPlatform (32)
[2015.07.09-15.18.46:837][  5]LogModuleManager: Shutting down and abandoning module Android_ETC2TargetPlatform (31)
[2015.07.09-15.18.46:837][  5]LogModuleManager: Shutting down and abandoning module Android_ETC1TargetPlatform (30)
[2015.07.09-15.18.46:837][  5]LogModuleManager: Shutting down and abandoning module Android_DXTTargetPlatform (29)
[2015.07.09-15.18.46:837][  5]LogModuleManager: Shutting down and abandoning module Android_ATCTargetPlatform (28)
[2015.07.09-15.18.46:837][  5]LogModuleManager: Shutting down and abandoning module Android_ASTCTargetPlatform (27)
[2015.07.09-15.18.46:837][  5]LogModuleManager: Shutting down and abandoning module AndroidTargetPlatform (26)
[2015.07.09-15.18.46:837][  5]LogModuleManager: Shutting down and abandoning module WindowsTargetPlatform (25)
[2015.07.09-15.18.46:837][  5]LogModuleManager: Shutting down and abandoning module WindowsServerTargetPlatform (24)
[2015.07.09-15.18.46:837][  5]LogModuleManager: Shutting down and abandoning module WindowsNoEditorTargetPlatform (23)
[2015.07.09-15.18.46:837][  5]LogModuleManager: Shutting down and abandoning module WindowsClientTargetPlatform (22)
[2015.07.09-15.18.46:837][  5]LogModuleManager: Shutting down and abandoning module DesktopTargetPlatform (21)
[2015.07.09-15.18.46:837][  5]LogModuleManager: Shutting down and abandoning module TargetPlatform (20)
[2015.07.09-15.18.46:837][  5]LogModuleManager: Shutting down and abandoning module InputCore (19)
[2015.07.09-15.18.46:837][  5]LogModuleManager: Shutting down and abandoning module Settings (18)
[2015.07.09-15.18.46:837][  5]LogModuleManager: Shutting down and abandoning module OnlineSubsystem (16)
[2015.07.09-15.18.46:837][  5]LogModuleManager: Shutting down and abandoning module HTTP (15)
[2015.07.09-15.18.46:837][  5]LogModuleManager: Shutting down and abandoning module ExampleDeviceProfileSelector (14)
[2015.07.09-15.18.46:837][  5]LogModuleManager: Shutting down and abandoning module TextureCompressor (13)
[2015.07.09-15.18.46:837][  5]LogModuleManager: Shutting down and abandoning module ShaderCore (12)
[2015.07.09-15.18.46:837][  5]LogModuleManager: Shutting down and abandoning module Landscape (11)
[2015.07.09-15.18.46:837][  5]LogModuleManager: Shutting down and abandoning module SlateRHIRenderer (10)
[2015.07.09-15.18.46:837][  5]LogModuleManager: Shutting down and abandoning module OpenGLDrv (9)
[2015.07.09-15.18.46:837][  5]LogModuleManager: Shutting down and abandoning module D3D11RHI (8)
[2015.07.09-15.18.46:837][  5]LogModuleManager: Shutting down and abandoning module Renderer (7)
[2015.07.09-15.18.46:838][  5]LogModuleManager: Shutting down and abandoning module Engine (6)
[2015.07.09-15.18.46:838][  5]LogModuleManager: Shutting down and abandoning module CoreUObject (5)
[2015.07.09-15.18.46:838][  5]LogModuleManager: Shutting down and abandoning module NetworkFile (4)
[2015.07.09-15.18.46:838][  5]LogModuleManager: Shutting down and abandoning module StreamingFile (3)
[2015.07.09-15.18.46:838][  5]LogModuleManager: Shutting down and abandoning module SandboxFile (2)
[2015.07.09-15.18.46:838][  5]LogModuleManager: Shutting down and abandoning module PakFile (1)
[2015.07.09-15.18.46:838][  5]LogExit: Exiting.
[2015.07.09-15.18.46:839][  5]Log file closed, 07/09/15 17:18:46
