[2015.07.09-18.52.19:153][  0]Log file open, 07/09/15 20:52:19
[2015.07.09-18.52.19:153][  0]LogInit:Display: Running engine for game: Unreal
[2015.07.09-18.52.19:153][  0]LogInit:Display: RandInit(1495456554) SRandInit(1495456554).
[2015.07.09-18.52.19:153][  0]LogTaskGraph: Started task graph with 4 named threads and 7 total threads.
[2015.07.09-18.52.19:153][  0]LogStats: Stats thread started
[2015.07.09-18.52.19:153][  0]LogInit: Version: 4.8.1-2591939+++depot+UE4-Releases+4.8
[2015.07.09-18.52.19:153][  0]LogInit: API Version: 2579680
[2015.07.09-18.52.19:153][  0]LogInit: Compiled (64-bit): Jun 18 2015 11:02:04
[2015.07.09-18.52.19:153][  0]LogInit: Compiled with Visual C++: 18.00.21005.01
[2015.07.09-18.52.19:153][  0]LogInit: Build Configuration: Development
[2015.07.09-18.52.19:153][  0]LogInit: Branch Name: ++depot+UE4-Releases+4.8
[2015.07.09-18.52.19:153][  0]LogInit: Command line:  /Temp/Autosaves/Game/Maps/UEDPCMap -game -PIEVIACONSOLE -ResX=1280 -ResY=720  -Multiprocess -featureleveles2 -faketouches 
[2015.07.09-18.52.19:153][  0]LogInit: Base directory: C:/Program Files/Epic Games/4.8/Engine/Binaries/Win64/
[2015.07.09-18.52.19:153][  0]LogInit: Rocket: 1
[2015.07.09-18.52.19:163][  0]LogInit: Using libcurl 7.41.0
[2015.07.09-18.52.19:163][  0]LogInit:  - built for x86_64-pc-win32
[2015.07.09-18.52.19:163][  0]LogInit:  - supports SSL with WinSSL
[2015.07.09-18.52.19:163][  0]LogInit:  - other features:
[2015.07.09-18.52.19:163][  0]LogInit:      CURL_VERSION_SSL
[2015.07.09-18.52.19:163][  0]LogInit:      CURL_VERSION_IPV6
[2015.07.09-18.52.19:163][  0]LogInit:      CURL_VERSION_ASYNCHDNS
[2015.07.09-18.52.19:163][  0]LogInit:      CURL_VERSION_LARGEFILE
[2015.07.09-18.52.19:163][  0]LogInit:      CURL_VERSION_IDN
[2015.07.09-18.52.19:163][  0]LogInit:  CurlRequestOptions (configurable via config and command line):
[2015.07.09-18.52.19:163][  0]LogInit:  - bVerifyPeer = true  - Libcurl will verify peer certificate
[2015.07.09-18.52.19:163][  0]LogInit:  - bUseHttpProxy = false  - Libcurl will NOT use HTTP proxy
[2015.07.09-18.52.19:163][  0]LogInit:  - bDontReuseConnections = false  - Libcurl will reuse connections
[2015.07.09-18.52.19:163][  0]LogInit:  - CertBundlePath = nullptr  - Libcurl will use whatever was configured at build time.
[2015.07.09-18.52.19:173][  0]LogOnline:Warning: No default platform service specified for OnlineSubsystem
[2015.07.09-18.52.19:186][  0]LogInit: Presizing for 0 objects not considered by GC, pre-allocating 0 bytes.
[2015.07.09-18.52.19:192][  0]LogInit: Object subsystem initialized
[2015.07.09-18.52.19:193][  0]LogConsoleResponse:Warning: Skipping Unknown console variable: 'TranslucentSortAxis = (X=0.000000,Y=-1.000000,Z=0.000000)'
[2015.07.09-18.52.19:193][  0]LogConsoleResponse:Warning:   Found in ini file 'C:/Users/Matthias/Desktop/Kraken/Kraken/Unreal/Saved/Config/Windows/Engine.ini', in section '[/Script/Engine.RendererSettings]'
[2015.07.09-18.52.19:193][  0]LogConsoleResponse:Warning: Skipping Unknown console variable: 'UIScaleRule = ShortestSide'
[2015.07.09-18.52.19:193][  0]LogConsoleResponse:Warning:   Found in ini file 'C:/Users/Matthias/Desktop/Kraken/Kraken/Unreal/Saved/Config/Windows/Engine.ini', in section '[/Script/Engine.RendererSettings]'
[2015.07.09-18.52.19:193][  0]LogConsoleResponse:Warning: Skipping Unknown console variable: 'UIScaleCurve = (EditorCurveData=(Keys=),ExternalCurve=None)'
[2015.07.09-18.52.19:193][  0]LogConsoleResponse:Warning:   Found in ini file 'C:/Users/Matthias/Desktop/Kraken/Kraken/Unreal/Saved/Config/Windows/Engine.ini', in section '[/Script/Engine.RendererSettings]'
[2015.07.09-18.52.19:194][  0]LogInit: Selected Device Profile: [Windows]
[2015.07.09-18.52.19:194][  0]LogInit: Applying CVar settings loaded from the selected device profile: [Windows]
[2015.07.09-18.52.19:196][  0]LogInit: Computer: MATTHIAS-PC
[2015.07.09-18.52.19:196][  0]LogInit: User: Matthias
[2015.07.09-18.52.19:196][  0]LogInit: CPU Page size=4096, Cores=4
[2015.07.09-18.52.19:196][  0]LogInit: High frequency timer resolution =3.172753 MHz
[2015.07.09-18.52.19:196][  0]LogMemory: Memory total: Physical=15.9GB (16GB approx)
[2015.07.09-18.52.19:196][  0]LogMemory: Platform Memory Stats for Windows
[2015.07.09-18.52.19:196][  0]LogMemory: Process Physical Memory: 49.00 MB used, 49.00 MB peak
[2015.07.09-18.52.19:196][  0]LogMemory: Process Virtual Memory: 25.39 MB used, 25.39 MB peak
[2015.07.09-18.52.19:196][  0]LogMemory: Physical Memory: 5910.35 MB used, 16322.78 MB total
[2015.07.09-18.52.19:196][  0]LogMemory: Virtual Memory: 285.47 MB used, 8388608.00 MB total
[2015.07.09-18.52.19:228][  0]LogTextLocalizationManager: The requested culture ('de_DE') has no localization data; falling back to 'en' for localization and internationalization data.
[2015.07.09-18.52.19:427][  0]LogTextLocalizationManager:Warning: Loaded localization resources contain conflicting entries for (Namespace:ContentBrowser, Key:ImportAssetToolTip):
Localization Resource: (C:/Program Files/Epic Games/4.8/Engine/Content/Localization/Editor/en/Editor.locres) Source String Hash: (-630476809) Localized String: (Import to {0}...)
Localization Resource: (C:/Program Files/Epic Games/4.8/Engine/Content/Localization/Editor/en/Editor.locres) Source String Hash: (1271782899) Localized String: (Imports an asset from file to this folder.)
[2015.07.09-18.52.19:720][  0]LogD3D11RHI: Found D3D11 adapter 0: NVIDIA GeForce GTX 670 (Feature Level 11_0)
[2015.07.09-18.52.19:720][  0]LogD3D11RHI: Adapter has 1990MB of dedicated video memory, 0MB of dedicated system memory, and 2048MB of shared system memory, 2 output[s]
[2015.07.09-18.52.19:720][  0]LogD3D11RHI: Chosen D3D11 Adapter Id = 0
[2015.07.09-18.52.19:724][  0]LogRHI: Texture pool is 1361 MB (70% of 1945 MB)
[2015.07.09-18.52.19:730][  0]LogD3D11RHI: Async texture creation enabled
[2015.07.09-18.52.19:742][  0]LogShaderCompilers:Display: Using Local Shader Compiler.
[2015.07.09-18.52.20:356][  0]LogTemp:Display: Loaded TP DesktopTargetPlatform
[2015.07.09-18.52.20:367][  0]LogTemp:Display: Loaded TP WindowsClientTargetPlatform
[2015.07.09-18.52.20:378][  0]LogTemp:Display: Loaded TP WindowsNoEditorTargetPlatform
[2015.07.09-18.52.20:388][  0]LogTemp:Display: Loaded TP WindowsServerTargetPlatform
[2015.07.09-18.52.20:400][  0]LogTemp:Display: Loaded TP WindowsTargetPlatform
[2015.07.09-18.52.20:409][  0]LogTemp:Display: Loaded TP AndroidTargetPlatform
[2015.07.09-18.52.20:418][  0]LogTemp:Display: Loaded TP Android_ASTCTargetPlatform
[2015.07.09-18.52.20:428][  0]LogTemp:Display: Loaded TP Android_ATCTargetPlatform
[2015.07.09-18.52.20:437][  0]LogTemp:Display: Loaded TP Android_DXTTargetPlatform
[2015.07.09-18.52.20:448][  0]LogTemp:Display: Loaded TP Android_ETC1TargetPlatform
[2015.07.09-18.52.20:457][  0]LogTemp:Display: Loaded TP Android_ETC2TargetPlatform
[2015.07.09-18.52.20:467][  0]LogTemp:Display: Loaded TP Android_PVRTCTargetPlatform
[2015.07.09-18.52.20:505][  0]LogTemp:Display: Loaded TP IOSTargetPlatform
[2015.07.09-18.52.20:514][  0]LogTemp:Display: Loaded TP LinuxNoEditorTargetPlatform
[2015.07.09-18.52.20:523][  0]LogTemp:Display: Loaded TP LinuxServerTargetPlatform
[2015.07.09-18.52.20:533][  0]LogTemp:Display: Loaded TP LinuxTargetPlatform
[2015.07.09-18.52.20:533][  0]LogTargetPlatformManager:Display: Building Assets For Windows
[2015.07.09-18.52.20:682][  0]LogDerivedDataCache:Display: Max Cache Size: 512 MB
[2015.07.09-18.52.20:722][  0]LogDerivedDataCache: Loaded boot cache 0.04s 53MB C:/Users/Matthias/AppData/Local/UnrealEngine/4.8/DerivedDataCache/Boot.ddc.
[2015.07.09-18.52.20:722][  0]LogDerivedDataCache:Display: Loaded Boot cache: C:/Users/Matthias/AppData/Local/UnrealEngine/4.8/DerivedDataCache/Boot.ddc
[2015.07.09-18.52.20:722][  0]LogDerivedDataCache: FDerivedDataBackendGraph:  Pak pak cache file ../../../../../../Users/Matthias/Desktop/Kraken/Kraken/Unreal/DerivedDataCache/DDC.ddp not found, will not use a pak cache.
[2015.07.09-18.52.20:722][  0]LogDerivedDataCache: Unable to find inner node Pak for hierarchical cache Hierarchy.
[2015.07.09-18.52.20:722][  0]LogDerivedDataCache: FDerivedDataBackendGraph:  CompressedPak pak cache file ../../../../../../Users/Matthias/Desktop/Kraken/Kraken/Unreal/DerivedDataCache/Compressed.ddp not found, will not use a pak cache.
[2015.07.09-18.52.20:722][  0]LogDerivedDataCache: Unable to find inner node CompressedPak for hierarchical cache Hierarchy.
[2015.07.09-18.52.20:849][  0]LogDerivedDataCache:Display: Pak cache opened for reading ../../../Engine/DerivedDataCache/Compressed.ddp.
[2015.07.09-18.52.20:860][  0]LogDerivedDataCache: Using Local data cache path C:/Users/Matthias/AppData/Local/UnrealEngine/Common/DerivedDataCache: Writable
[2015.07.09-18.52.21:010][  0]ImportText (ComponentSweepMultiTests): Missing closing parenthesis: (RootShapeAsset="/Engine/BasicShapes/Cube.Cube",ShapeType="TriggerCapsule",HitResult=(Time=0.50,Location=(X=-100.000015,Y=0.0,Z=100.000015),ImpactPoint=(X=-50.0,Y=0.0,Z=50.0),Normal=(X=-1.0,Y=-0.0,Z=0.0),ImpactNormal=(X=0.0,Y=0.0,Z=1.0),TraceStart=(X=-200.0,Y=0.0,Z=200.0),TraceEnd=(X=0.0,Y=0.0,Z=0.0))
[2015.07.09-18.52.21:010][  0]ImportText (LineTraceSingleByChannelTests): Missing closing parenthesis: (RootShapeAsset="/Engine/BasicShapes/Cube.Cube",HitResult=(Time=0.50,Location=(X=-100.000015,Y=0.0,Z=100.000015),ImpactPoint=(X=-50.0,Y=0.0,Z=50.0),Normal=(X=-1.0,Y=-0.0,Z=0.0),ImpactNormal=(X=0.0,Y=0.0,Z=1.0),TraceStart=(X=-200.0,Y=0.0,Z=200.0),TraceEnd=(X=0.0,Y=0.0,Z=0.0))
[2015.07.09-18.52.21:016][  0]LogInit: Selected Device Profile: [Windows]
[2015.07.09-18.52.21:034][  0]LogMeshUtilities: No automatic mesh reduction module available
[2015.07.09-18.52.21:034][  0]LogMeshUtilities: No automatic mesh merging module available
[2015.07.09-18.52.21:316][  0]LogInit: WinSock: version 1.1 (2.2), MaxSocks=32767, MaxUdp=65467
[2015.07.09-18.52.21:636][  0]LogWindowsMoviePlayer: Unable to load movie: ../../../../../../Users/Matthias/Desktop/Kraken/Kraken/Unreal/Content/Movies/Default_Startup.mp4
[2015.07.09-18.52.21:786][  0]SourceControl: Info Source control is disabled
[2015.07.09-18.52.21:786][  0]SourceControl: Info Source control is disabled
[2015.07.09-18.52.21:793][  0]SourceControl: Info Source control is disabled
[2015.07.09-18.52.21:919][  0]LogObj: 25781 objects as part of root set at end of initial load.
[2015.07.09-18.52.21:919][  0]LogUObjectAllocator: 5195968 out of 0 bytes used by permanent object pool.
[2015.07.09-18.52.21:974][  0]LogAutomationTest:Warning: ERR: Transient text cannot be serialized "Testing Transient serialization detection".
[2015.07.09-18.52.21:975][  0]LogEngine: Initializing Engine...
[2015.07.09-18.52.21:976][  0]LogHMD: Can't find Oculus library dev build: is proper Runtime installed? Version: 0.6.0.0
[2015.07.09-18.52.21:977][  0]LogHMD:Warning: SteamVR failed to initialize.  Error: 110
[2015.07.09-18.52.21:998][  0]LogMaterial: Missing cached shader map for material MAT_LevelColorationLitLightmapUV, compiling. Is special engine material.
[2015.07.09-18.52.21:999][  0]LogMaterial:Warning: Failed to compile Material /Engine/EngineDebugMaterials/MAT_LevelColorationLitLightmapUV.MAT_LevelColorationLitLightmapUV for platform PCD3D_ES2, Default Material will be used in game.
[2015.07.09-18.52.21:999][  0]LogMaterial:Warning: 	(Node LightmapUVs) Node not supported in feature level ES2
[2015.07.09-18.52.22:028][  0]LogInit: XAudio2 using 'Headset (Sound Blaster Tactic(3D) Alpha)' : 2 channels at 44.1 kHz using 16 bits per sample (channel mask 0x3)
[2015.07.09-18.52.22:036][  0]LogInit: FAudioDevice initialized.
[2015.07.09-18.52.22:039][  0]LogInit: Texture streaming: Disabled
[2015.07.09-18.52.22:084][  0]LogNet: Browse: /Temp/Autosaves/Game/Maps/UEDPCMap?Name=Player
[2015.07.09-18.52.22:084][  0]LogLoad: LoadMap: /Temp/Autosaves/Game/Maps/UEDPCMap?Name=Player
[2015.07.09-18.52.22:093][  0]LogParticles: Destroying 0 GPU particle simulations for FXSystem 0x000000000B6B40E0
[2015.07.09-18.52.22:100][  0]LogMemory: Platform Memory Stats for Windows
[2015.07.09-18.52.22:100][  0]LogMemory: Process Physical Memory: 336.34 MB used, 336.35 MB peak
[2015.07.09-18.52.22:100][  0]LogMemory: Process Virtual Memory: 285.53 MB used, 288.50 MB peak
[2015.07.09-18.52.22:100][  0]LogMemory: Physical Memory: 6156.87 MB used, 16322.78 MB total
[2015.07.09-18.52.22:100][  0]LogMemory: Virtual Memory: 793.73 MB used, 8388608.00 MB total
[2015.07.09-18.52.22:100][  0]LogMemory: 
[2015.07.09-18.52.22:100][  0]Allocator Stats for TBB: (not implemented)
[2015.07.09-18.52.22:641][  0]LogAIModule: Creating AISystem for world Map
[2015.07.09-18.52.22:641][  0]LogWorld: Game class is 'BP_Gamemode_C'
[2015.07.09-18.52.22:646][  0]LogWorld: Bringing World /Temp/Autosaves/Game/Maps/UEDPCMap.Map up for play (max tick rate 0) at 2015.07.09-20.52.22
[2015.07.09-18.52.22:646][  0]LogWorld: Bringing up level for play took: 0.003067
[2015.07.09-18.52.22:649][  0]LogInit:Display: Game Engine Initialized.
[2015.07.09-18.52.22:917][  0]LogAssetRegistry: FAssetRegistry took 0.0002 seconds to start up
[2015.07.09-18.52.22:917][  0]LogLoad: Full Startup: 4.67 seconds (BP compile: 0.26 seconds)
[2015.07.09-18.52.22:940][  0]LogRenderer: Reallocating scene render targets to support 128x128 (Frame:1).
[2015.07.09-18.52.22:955][  0]LogContentStreaming: Texture pool size is 1000.000000MB
[2015.07.09-18.52.23:030][  1]LogRenderer: Reallocating scene render targets to support 1280x720 (Frame:2).
[2015.07.09-18.52.27:026][243]LogEngine: All Windows Closed
[2015.07.09-18.52.27:026][243]LogWindows: FPlatformMisc::RequestExit(0)
[2015.07.09-18.52.27:979][244]LogExit: Preparing to exit.
[2015.07.09-18.52.28:043][244]LogExit: Game engine shut down
[2015.07.09-18.52.28:043][244]LogParticles: Destroying 0 GPU particle simulations for FXSystem 0x0000000013389C60
[2015.07.09-18.52.28:141][244]LogExit: Object subsystem successfully closed.
[2015.07.09-18.52.28:169][244]LogModuleManager: Shutting down and abandoning module AndroidDeviceDetection (108)
[2015.07.09-18.52.28:950][244]LogModuleManager: Shutting down and abandoning module AssetRegistry (107)
[2015.07.09-18.52.28:950][244]LogModuleManager: Shutting down and abandoning module AutomationWorker (106)
[2015.07.09-18.52.28:950][244]LogModuleManager: Shutting down and abandoning module CharacterAI (105)
[2015.07.09-18.52.28:950][244]LogModuleManager: Shutting down and abandoning module AITestSuite (104)
[2015.07.09-18.52.28:950][244]LogModuleManager: Shutting down and abandoning module GameplayDebugger (103)
[2015.07.09-18.52.28:950][244]LogModuleManager: Shutting down and abandoning module AIModule (102)
[2015.07.09-18.52.28:950][244]LogModuleManager: Shutting down and abandoning module GameLiveStreaming (101)
[2015.07.09-18.52.28:950][244]LogModuleManager: Shutting down and abandoning module StreamingPauseRendering (100)
[2015.07.09-18.52.28:950][244]LogModuleManager: Shutting down and abandoning module ProfilerService (99)
[2015.07.09-18.52.29:190][244]LogModuleManager: Shutting down and abandoning module TaskGraph (98)
[2015.07.09-18.52.29:190][244]LogModuleManager: Shutting down and abandoning module SlateRemote (97)
[2015.07.09-18.52.29:190][244]LogModuleManager: Shutting down and abandoning module SteamVRController (96)
[2015.07.09-18.52.29:190][244]LogModuleManager: Shutting down and abandoning module SteamVR (95)
[2015.07.09-18.52.29:190][244]LogModuleManager: Shutting down and abandoning module ProceduralMeshComponent (94)
[2015.07.09-18.52.29:190][244]LogModuleManager: Shutting down and abandoning module OculusRift (93)
[2015.07.09-18.52.29:190][244]LogModuleManager: Shutting down and abandoning module LeapMotionController (92)
[2015.07.09-18.52.29:197][244]LogModuleManager: Shutting down and abandoning module CustomMeshComponent (91)
[2015.07.09-18.52.29:197][244]LogModuleManager: Shutting down and abandoning module CableComponent (90)
[2015.07.09-18.52.29:198][244]LogModuleManager: Shutting down and abandoning module DesktopPlatform (89)
[2015.07.09-18.52.29:198][244]LogModuleManager: Shutting down and abandoning module DirectoryWatcher (88)
[2015.07.09-18.52.29:198][244]LogModuleManager: Shutting down and abandoning module HotReload (87)
[2015.07.09-18.52.29:198][244]LogModuleManager: Shutting down and abandoning module VisualStudioSourceCodeAccess (86)
[2015.07.09-18.52.29:198][244]LogModuleManager: Shutting down and abandoning module UObjectPlugin (85)
[2015.07.09-18.52.29:198][244]LogModuleManager: Shutting down and abandoning module SubversionSourceControl (84)
[2015.07.09-18.52.29:198][244]LogModuleManager: Shutting down and abandoning module SourceControl (83)
[2015.07.09-18.52.29:198][244]LogModuleManager: Shutting down and abandoning module PerforceSourceControl (82)
[2015.07.09-18.52.29:198][244]LogModuleManager: Shutting down and abandoning module BlankPlugin (81)
[2015.07.09-18.52.29:198][244]LogModuleManager: Shutting down and abandoning module UdpMessaging (80)
[2015.07.09-18.52.29:198][244]LogModuleManager: Shutting down and abandoning module Paper2D (79)
[2015.07.09-18.52.29:198][244]LogModuleManager: Shutting down and abandoning module WindowsMoviePlayer (78)
[2015.07.09-18.52.29:198][244]LogModuleManager: Shutting down and abandoning module Media (77)
[2015.07.09-18.52.29:198][244]LogModuleManager: Shutting down and abandoning module WmfMedia (76)
[2015.07.09-18.52.29:198][244]LogModuleManager: Shutting down and abandoning module OnlineBlueprintSupport (75)
[2015.07.09-18.52.29:198][244]LogModuleManager: Shutting down and abandoning module PropertyEditor (74)
[2015.07.09-18.52.29:198][244]LogModuleManager: Shutting down and abandoning module BehaviorTreeEditor (73)
[2015.07.09-18.52.29:198][244]LogModuleManager: Shutting down and abandoning module FunctionalTesting (72)
[2015.07.09-18.52.29:198][244]LogModuleManager: Shutting down and abandoning module CollisionAnalyzer (71)
[2015.07.09-18.52.29:198][244]LogModuleManager: Shutting down and abandoning module WorkspaceMenuStructure (70)
[2015.07.09-18.52.29:199][244]LogModuleManager: Shutting down and abandoning module MessageLog (69)
[2015.07.09-18.52.29:199][244]LogModuleManager: Shutting down and abandoning module Sequencer (68)
[2015.07.09-18.52.29:199][244]LogModuleManager: Shutting down and abandoning module AssetTools (67)
[2015.07.09-18.52.29:199][244]LogModuleManager: Shutting down and abandoning module UMGEditor (66)
[2015.07.09-18.52.29:199][244]LogModuleManager: Shutting down and abandoning module UMG (65)
[2015.07.09-18.52.29:199][244]LogModuleManager: Shutting down and abandoning module Slate (64)
[2015.07.09-18.52.29:199][244]LogModuleManager: Shutting down and abandoning module EditorStyle (63)
[2015.07.09-18.52.29:200][244]LogModuleManager: Shutting down and abandoning module SessionServices (62)
[2015.07.09-18.52.29:200][244]LogModuleManager: Shutting down and abandoning module SourceCodeAccess (61)
[2015.07.09-18.52.29:200][244]LogModuleManager: Shutting down and abandoning module HeadMountedDisplay (60)
[2015.07.09-18.52.29:200][244]LogModuleManager: Shutting down and abandoning module XAudio2 (59)
[2015.07.09-18.52.29:200][244]LogModuleManager: Shutting down and abandoning module Networking (57)
[2015.07.09-18.52.29:200][244]LogModuleManager: Shutting down and abandoning module Core (56)
[2015.07.09-18.52.29:200][244]LogModuleManager: Shutting down and abandoning module KismetCompiler (55)
[2015.07.09-18.52.29:200][244]LogModuleManager: Shutting down and abandoning module PhysXFormats (54)
[2015.07.09-18.52.29:200][244]LogModuleManager: Shutting down and abandoning module MeshUtilities (53)
[2015.07.09-18.52.29:200][244]LogModuleManager: Shutting down and abandoning module DerivedDataCache (52)
[2015.07.09-18.52.29:352][244]LogDerivedDataCache: Shutdown
[2015.07.09-18.52.29:352][244]LogModuleManager: Shutting down and abandoning module ShaderFormatOpenGL (51)
[2015.07.09-18.52.29:352][244]LogModuleManager: Shutting down and abandoning module ShaderFormatD3D (50)
[2015.07.09-18.52.29:352][244]LogModuleManager: Shutting down and abandoning module MetalShaderFormat (49)
[2015.07.09-18.52.29:352][244]LogModuleManager: Shutting down and abandoning module TextureFormatUncompressed (48)
[2015.07.09-18.52.29:352][244]LogModuleManager: Shutting down and abandoning module TextureFormatPVR (47)
[2015.07.09-18.52.29:352][244]LogModuleManager: Shutting down and abandoning module TextureFormatIntelISPCTexComp (46)
[2015.07.09-18.52.29:352][244]LogModuleManager: Shutting down and abandoning module TextureFormatDXT (45)
[2015.07.09-18.52.29:352][244]LogModuleManager: Shutting down and abandoning module ImageWrapper (44)
[2015.07.09-18.52.29:352][244]LogModuleManager: Shutting down and abandoning module TextureFormatASTC (43)
[2015.07.09-18.52.29:352][244]LogModuleManager: Shutting down and abandoning module TextureFormatAndroid (42)
[2015.07.09-18.52.29:352][244]LogModuleManager: Shutting down and abandoning module AudioFormatOpus (41)
[2015.07.09-18.52.29:352][244]LogModuleManager: Shutting down and abandoning module AudioFormatOgg (40)
[2015.07.09-18.52.29:352][244]LogModuleManager: Shutting down and abandoning module AudioFormatADPCM (39)
[2015.07.09-18.52.29:352][244]LogModuleManager: Shutting down and abandoning module LinuxTargetPlatform (38)
[2015.07.09-18.52.29:352][244]LogModuleManager: Shutting down and abandoning module LinuxServerTargetPlatform (37)
[2015.07.09-18.52.29:352][244]LogModuleManager: Shutting down and abandoning module LinuxNoEditorTargetPlatform (36)
[2015.07.09-18.52.29:352][244]LogModuleManager: Shutting down and abandoning module Messaging (35)
[2015.07.09-18.52.29:352][244]LogModuleManager: Shutting down and abandoning module IOSTargetPlatform (34)
[2015.07.09-18.52.29:352][244]LogModuleManager: Shutting down and abandoning module HTML5TargetPlatform (33)
[2015.07.09-18.52.29:352][244]LogModuleManager: Shutting down and abandoning module Android_PVRTCTargetPlatform (32)
[2015.07.09-18.52.29:352][244]LogModuleManager: Shutting down and abandoning module Android_ETC2TargetPlatform (31)
[2015.07.09-18.52.29:352][244]LogModuleManager: Shutting down and abandoning module Android_ETC1TargetPlatform (30)
[2015.07.09-18.52.29:352][244]LogModuleManager: Shutting down and abandoning module Android_DXTTargetPlatform (29)
[2015.07.09-18.52.29:352][244]LogModuleManager: Shutting down and abandoning module Android_ATCTargetPlatform (28)
[2015.07.09-18.52.29:352][244]LogModuleManager: Shutting down and abandoning module Android_ASTCTargetPlatform (27)
[2015.07.09-18.52.29:352][244]LogModuleManager: Shutting down and abandoning module AndroidTargetPlatform (26)
[2015.07.09-18.52.29:352][244]LogModuleManager: Shutting down and abandoning module WindowsTargetPlatform (25)
[2015.07.09-18.52.29:352][244]LogModuleManager: Shutting down and abandoning module WindowsServerTargetPlatform (24)
[2015.07.09-18.52.29:352][244]LogModuleManager: Shutting down and abandoning module WindowsNoEditorTargetPlatform (23)
[2015.07.09-18.52.29:352][244]LogModuleManager: Shutting down and abandoning module WindowsClientTargetPlatform (22)
[2015.07.09-18.52.29:352][244]LogModuleManager: Shutting down and abandoning module DesktopTargetPlatform (21)
[2015.07.09-18.52.29:352][244]LogModuleManager: Shutting down and abandoning module TargetPlatform (20)
[2015.07.09-18.52.29:352][244]LogModuleManager: Shutting down and abandoning module InputCore (19)
[2015.07.09-18.52.29:352][244]LogModuleManager: Shutting down and abandoning module Settings (18)
[2015.07.09-18.52.29:352][244]LogModuleManager: Shutting down and abandoning module OnlineSubsystem (16)
[2015.07.09-18.52.29:352][244]LogModuleManager: Shutting down and abandoning module HTTP (15)
[2015.07.09-18.52.29:352][244]LogModuleManager: Shutting down and abandoning module ExampleDeviceProfileSelector (14)
[2015.07.09-18.52.29:352][244]LogModuleManager: Shutting down and abandoning module TextureCompressor (13)
[2015.07.09-18.52.29:352][244]LogModuleManager: Shutting down and abandoning module ShaderCore (12)
[2015.07.09-18.52.29:352][244]LogModuleManager: Shutting down and abandoning module Landscape (11)
[2015.07.09-18.52.29:352][244]LogModuleManager: Shutting down and abandoning module SlateRHIRenderer (10)
[2015.07.09-18.52.29:352][244]LogModuleManager: Shutting down and abandoning module OpenGLDrv (9)
[2015.07.09-18.52.29:352][244]LogModuleManager: Shutting down and abandoning module D3D11RHI (8)
[2015.07.09-18.52.29:352][244]LogModuleManager: Shutting down and abandoning module Renderer (7)
[2015.07.09-18.52.29:352][244]LogModuleManager: Shutting down and abandoning module Engine (6)
[2015.07.09-18.52.29:352][244]LogModuleManager: Shutting down and abandoning module CoreUObject (5)
[2015.07.09-18.52.29:352][244]LogModuleManager: Shutting down and abandoning module NetworkFile (4)
[2015.07.09-18.52.29:352][244]LogModuleManager: Shutting down and abandoning module StreamingFile (3)
[2015.07.09-18.52.29:352][244]LogModuleManager: Shutting down and abandoning module SandboxFile (2)
[2015.07.09-18.52.29:352][244]LogModuleManager: Shutting down and abandoning module PakFile (1)
[2015.07.09-18.52.29:353][244]LogExit: Exiting.
[2015.07.09-18.52.29:354][244]Log file closed, 07/09/15 20:52:29
