[2015.07.09-15.41.44:667][  0]Log file open, 07/09/15 17:41:44
[2015.07.09-15.41.44:667][  0]LogInit:Display: Running engine for game: Unreal
[2015.07.09-15.41.44:667][  0]LogInit:Display: RandInit(2001648790) SRandInit(2001648790).
[2015.07.09-15.41.44:667][  0]LogTaskGraph: Started task graph with 4 named threads and 7 total threads.
[2015.07.09-15.41.44:667][  0]LogStats: Stats thread started
[2015.07.09-15.41.44:667][  0]LogInit: Version: 4.8.1-2591939+++depot+UE4-Releases+4.8
[2015.07.09-15.41.44:667][  0]LogInit: API Version: 2579680
[2015.07.09-15.41.44:667][  0]LogInit: Compiled (64-bit): Jun 18 2015 11:02:04
[2015.07.09-15.41.44:667][  0]LogInit: Compiled with Visual C++: 18.00.21005.01
[2015.07.09-15.41.44:667][  0]LogInit: Build Configuration: Development
[2015.07.09-15.41.44:667][  0]LogInit: Branch Name: ++depot+UE4-Releases+4.8
[2015.07.09-15.41.44:667][  0]LogInit: Command line:  /Temp/Autosaves/Temp/UEDPCUntitled_1 -game -PIEVIACONSOLE -ResX=1280 -ResY=720  -Multiprocess -featureleveles2 -faketouches 
[2015.07.09-15.41.44:667][  0]LogInit: Base directory: D:/Programme/Epic Games/4.8/Engine/Binaries/Win64/
[2015.07.09-15.41.44:667][  0]LogInit: Rocket: 1
[2015.07.09-15.41.44:679][  0]LogInit: Using libcurl 7.41.0
[2015.07.09-15.41.44:679][  0]LogInit:  - built for x86_64-pc-win32
[2015.07.09-15.41.44:679][  0]LogInit:  - supports SSL with WinSSL
[2015.07.09-15.41.44:679][  0]LogInit:  - other features:
[2015.07.09-15.41.44:679][  0]LogInit:      CURL_VERSION_SSL
[2015.07.09-15.41.44:679][  0]LogInit:      CURL_VERSION_IPV6
[2015.07.09-15.41.44:679][  0]LogInit:      CURL_VERSION_ASYNCHDNS
[2015.07.09-15.41.44:679][  0]LogInit:      CURL_VERSION_LARGEFILE
[2015.07.09-15.41.44:679][  0]LogInit:      CURL_VERSION_IDN
[2015.07.09-15.41.44:679][  0]LogInit:  CurlRequestOptions (configurable via config and command line):
[2015.07.09-15.41.44:679][  0]LogInit:  - bVerifyPeer = true  - Libcurl will verify peer certificate
[2015.07.09-15.41.44:679][  0]LogInit:  - bUseHttpProxy = false  - Libcurl will NOT use HTTP proxy
[2015.07.09-15.41.44:679][  0]LogInit:  - bDontReuseConnections = false  - Libcurl will reuse connections
[2015.07.09-15.41.44:679][  0]LogInit:  - CertBundlePath = nullptr  - Libcurl will use whatever was configured at build time.
[2015.07.09-15.41.44:689][  0]LogOnline:Warning: No default platform service specified for OnlineSubsystem
[2015.07.09-15.41.44:701][  0]LogInit: Presizing for 0 objects not considered by GC, pre-allocating 0 bytes.
[2015.07.09-15.41.44:710][  0]LogInit: Object subsystem initialized
[2015.07.09-15.41.44:711][  0]LogConsoleResponse:Warning: Skipping Unknown console variable: 'TranslucentSortAxis = (X=0.000000,Y=-1.000000,Z=0.000000)'
[2015.07.09-15.41.44:711][  0]LogConsoleResponse:Warning:   Found in ini file 'C:/Users/Jakob/Desktop/Radius Jam/Kraken/Unreal/Saved/Config/Windows/Engine.ini', in section '[/Script/Engine.RendererSettings]'
[2015.07.09-15.41.44:711][  0]LogConsoleResponse:Warning: Skipping Unknown console variable: 'UIScaleRule = ShortestSide'
[2015.07.09-15.41.44:711][  0]LogConsoleResponse:Warning:   Found in ini file 'C:/Users/Jakob/Desktop/Radius Jam/Kraken/Unreal/Saved/Config/Windows/Engine.ini', in section '[/Script/Engine.RendererSettings]'
[2015.07.09-15.41.44:711][  0]LogConsoleResponse:Warning: Skipping Unknown console variable: 'UIScaleCurve = (EditorCurveData=(Keys=),ExternalCurve=None)'
[2015.07.09-15.41.44:711][  0]LogConsoleResponse:Warning:   Found in ini file 'C:/Users/Jakob/Desktop/Radius Jam/Kraken/Unreal/Saved/Config/Windows/Engine.ini', in section '[/Script/Engine.RendererSettings]'
[2015.07.09-15.41.44:712][  0]LogInit: Selected Device Profile: [Windows]
[2015.07.09-15.41.44:712][  0]LogInit: Applying CVar settings loaded from the selected device profile: [Windows]
[2015.07.09-15.41.44:715][  0]LogInit: Computer: MSI_GS70
[2015.07.09-15.41.44:715][  0]LogInit: User: Jakob
[2015.07.09-15.41.44:715][  0]LogInit: CPU Page size=4096, Cores=4
[2015.07.09-15.41.44:715][  0]LogInit: High frequency timer resolution =2.435764 MHz
[2015.07.09-15.41.44:715][  0]LogMemory: Memory total: Physical=7.9GB (8GB approx)
[2015.07.09-15.41.44:715][  0]LogMemory: Platform Memory Stats for Windows
[2015.07.09-15.41.44:715][  0]LogMemory: Process Physical Memory: 47.53 MB used, 47.53 MB peak
[2015.07.09-15.41.44:715][  0]LogMemory: Process Virtual Memory: 24.32 MB used, 24.32 MB peak
[2015.07.09-15.41.44:715][  0]LogMemory: Physical Memory: 4935.55 MB used, 8111.15 MB total
[2015.07.09-15.41.44:715][  0]LogMemory: Virtual Memory: 293.72 MB used, 134217728.00 MB total
[2015.07.09-15.41.44:769][  0]LogTextLocalizationManager: The requested culture ('de_AT') has no localization data; falling back to 'en' for localization and internationalization data.
[2015.07.09-15.41.45:038][  0]LogTextLocalizationManager:Warning: Loaded localization resources contain conflicting entries for (Namespace:ContentBrowser, Key:ImportAssetToolTip):
Localization Resource: (D:/Programme/Epic Games/4.8/Engine/Content/Localization/Editor/en/Editor.locres) Source String Hash: (-630476809) Localized String: (Import to {0}...)
Localization Resource: (D:/Programme/Epic Games/4.8/Engine/Content/Localization/Editor/en/Editor.locres) Source String Hash: (1271782899) Localized String: (Imports an asset from file to this folder.)
[2015.07.09-15.41.45:474][  0]LogD3D11RHI: Found D3D11 adapter 0: NVIDIA GeForce GTX 860M  (Feature Level 11_0)
[2015.07.09-15.41.45:474][  0]LogD3D11RHI: Adapter has 1986MB of dedicated video memory, 0MB of dedicated system memory, and 2048MB of shared system memory, 1 output[s]
[2015.07.09-15.41.45:481][  0]LogD3D11RHI: Found D3D11 adapter 1: Intel(R) HD Graphics 4600 (Feature Level 11_0)
[2015.07.09-15.41.45:481][  0]LogD3D11RHI: Adapter has 0MB of dedicated video memory, 0MB of dedicated system memory, and 1792MB of shared system memory, 0 output[s]
[2015.07.09-15.41.45:482][  0]LogD3D11RHI: Found D3D11 adapter 2: Microsoft Basic Render Driver (Feature Level 11_0)
[2015.07.09-15.41.45:482][  0]LogD3D11RHI: Adapter has 0MB of dedicated video memory, 0MB of dedicated system memory, and 256MB of shared system memory, 0 output[s]
[2015.07.09-15.41.45:482][  0]LogD3D11RHI: Chosen D3D11 Adapter Id = 0
[2015.07.09-15.41.45:487][  0]LogRHI: Texture pool is 1361 MB (70% of 1945 MB)
[2015.07.09-15.41.45:497][  0]LogD3D11RHI: Async texture creation enabled
[2015.07.09-15.41.45:513][  0]LogShaderCompilers:Display: Using Local Shader Compiler.
[2015.07.09-15.41.46:194][  0]LogTemp:Display: Loaded TP DesktopTargetPlatform
[2015.07.09-15.41.46:204][  0]LogTemp:Display: Loaded TP WindowsClientTargetPlatform
[2015.07.09-15.41.46:215][  0]LogTemp:Display: Loaded TP WindowsNoEditorTargetPlatform
[2015.07.09-15.41.46:225][  0]LogTemp:Display: Loaded TP WindowsServerTargetPlatform
[2015.07.09-15.41.46:236][  0]LogTemp:Display: Loaded TP WindowsTargetPlatform
[2015.07.09-15.41.46:245][  0]LogTemp:Display: Loaded TP AndroidTargetPlatform
[2015.07.09-15.41.46:254][  0]LogTemp:Display: Loaded TP Android_ASTCTargetPlatform
[2015.07.09-15.41.46:262][  0]LogTemp:Display: Loaded TP Android_ATCTargetPlatform
[2015.07.09-15.41.46:271][  0]LogTemp:Display: Loaded TP Android_DXTTargetPlatform
[2015.07.09-15.41.46:280][  0]LogTemp:Display: Loaded TP Android_ETC1TargetPlatform
[2015.07.09-15.41.46:289][  0]LogTemp:Display: Loaded TP Android_ETC2TargetPlatform
[2015.07.09-15.41.46:298][  0]LogTemp:Display: Loaded TP Android_PVRTCTargetPlatform
[2015.07.09-15.41.46:334][  0]LogTemp:Display: Loaded TP IOSTargetPlatform
[2015.07.09-15.41.46:343][  0]LogTemp:Display: Loaded TP LinuxNoEditorTargetPlatform
[2015.07.09-15.41.46:352][  0]LogTemp:Display: Loaded TP LinuxServerTargetPlatform
[2015.07.09-15.41.46:362][  0]LogTemp:Display: Loaded TP LinuxTargetPlatform
[2015.07.09-15.41.46:362][  0]LogTargetPlatformManager:Display: Building Assets For Windows
[2015.07.09-15.41.46:501][  0]LogDerivedDataCache:Display: Max Cache Size: 512 MB
[2015.07.09-15.41.46:556][  0]LogDerivedDataCache: Loaded boot cache 0.06s 53MB C:/Users/Jakob/AppData/Local/UnrealEngine/4.8/DerivedDataCache/Boot.ddc.
[2015.07.09-15.41.46:557][  0]LogDerivedDataCache:Display: Loaded Boot cache: C:/Users/Jakob/AppData/Local/UnrealEngine/4.8/DerivedDataCache/Boot.ddc
[2015.07.09-15.41.46:557][  0]LogDerivedDataCache: FDerivedDataBackendGraph:  Pak pak cache file C:/Users/Jakob/Desktop/Radius Jam/Kraken/Unreal/DerivedDataCache/DDC.ddp not found, will not use a pak cache.
[2015.07.09-15.41.46:557][  0]LogDerivedDataCache: Unable to find inner node Pak for hierarchical cache Hierarchy.
[2015.07.09-15.41.46:557][  0]LogDerivedDataCache: FDerivedDataBackendGraph:  CompressedPak pak cache file C:/Users/Jakob/Desktop/Radius Jam/Kraken/Unreal/DerivedDataCache/Compressed.ddp not found, will not use a pak cache.
[2015.07.09-15.41.46:557][  0]LogDerivedDataCache: Unable to find inner node CompressedPak for hierarchical cache Hierarchy.
[2015.07.09-15.41.46:697][  0]LogDerivedDataCache:Display: Pak cache opened for reading ../../../Engine/DerivedDataCache/Compressed.ddp.
[2015.07.09-15.41.46:708][  0]LogDerivedDataCache: Using Local data cache path C:/Users/Jakob/AppData/Local/UnrealEngine/Common/DerivedDataCache: Writable
[2015.07.09-15.41.46:879][  0]LogInit: Selected Device Profile: [Windows]
[2015.07.09-15.41.46:924][  0]ImportText (ComponentSweepMultiTests): Missing closing parenthesis: (RootShapeAsset="/Engine/BasicShapes/Cube.Cube",ShapeType="TriggerCapsule",HitResult=(Time=0.50,Location=(X=-100.000015,Y=0.0,Z=100.000015),ImpactPoint=(X=-50.0,Y=0.0,Z=50.0),Normal=(X=-1.0,Y=-0.0,Z=0.0),ImpactNormal=(X=0.0,Y=0.0,Z=1.0),TraceStart=(X=-200.0,Y=0.0,Z=200.0),TraceEnd=(X=0.0,Y=0.0,Z=0.0))
[2015.07.09-15.41.46:925][  0]ImportText (LineTraceSingleByChannelTests): Missing closing parenthesis: (RootShapeAsset="/Engine/BasicShapes/Cube.Cube",HitResult=(Time=0.50,Location=(X=-100.000015,Y=0.0,Z=100.000015),ImpactPoint=(X=-50.0,Y=0.0,Z=50.0),Normal=(X=-1.0,Y=-0.0,Z=0.0),ImpactNormal=(X=0.0,Y=0.0,Z=1.0),TraceStart=(X=-200.0,Y=0.0,Z=200.0),TraceEnd=(X=0.0,Y=0.0,Z=0.0))
[2015.07.09-15.41.46:943][  0]LogMeshUtilities: No automatic mesh reduction module available
[2015.07.09-15.41.46:943][  0]LogMeshUtilities: No automatic mesh merging module available
[2015.07.09-15.41.47:159][  0]LogInit: WinSock: version 1.1 (2.2), MaxSocks=32767, MaxUdp=65467
[2015.07.09-15.41.47:460][  0]LogWindowsMoviePlayer: Unable to load movie: C:/Users/Jakob/Desktop/Radius Jam/Kraken/Unreal/Content/Movies/Default_Startup.mp4
[2015.07.09-15.41.47:574][  0]SourceControl: Info Source control is disabled
[2015.07.09-15.41.47:574][  0]SourceControl: Info Source control is disabled
[2015.07.09-15.41.47:582][  0]SourceControl: Info Source control is disabled
[2015.07.09-15.41.47:734][  0]LogObj: 25781 objects as part of root set at end of initial load.
[2015.07.09-15.41.47:734][  0]LogUObjectAllocator: 5195976 out of 0 bytes used by permanent object pool.
[2015.07.09-15.41.47:798][  0]LogAutomationTest:Warning: ERR: Transient text cannot be serialized "Testing Transient serialization detection".
[2015.07.09-15.41.47:798][  0]LogEngine: Initializing Engine...
[2015.07.09-15.41.47:800][  0]LogHMD: Can't find Oculus library dev build: is proper Runtime installed? Version: 0.6.0.0
[2015.07.09-15.41.47:801][  0]LogHMD:Warning: SteamVR failed to initialize.  Error: 110
[2015.07.09-15.41.47:826][  0]LogMaterial: Missing cached shader map for material MAT_LevelColorationLitLightmapUV, compiling. Is special engine material.
[2015.07.09-15.41.47:826][  0]LogMaterial:Warning: Failed to compile Material /Engine/EngineDebugMaterials/MAT_LevelColorationLitLightmapUV.MAT_LevelColorationLitLightmapUV for platform PCD3D_ES2, Default Material will be used in game.
[2015.07.09-15.41.47:826][  0]LogMaterial:Warning: 	(Node LightmapUVs) Node not supported in feature level ES2
[2015.07.09-15.41.47:855][  0]LogInit: XAudio2 using 'Speakers (Realtek High Definition Audio)' : 2 channels at 48 kHz using 32 bits per sample (channel mask 0x3)
[2015.07.09-15.41.47:864][  0]LogInit: FAudioDevice initialized.
[2015.07.09-15.41.47:870][  0]LogInit: Texture streaming: Disabled
[2015.07.09-15.41.47:915][  0]LogNet: Browse: /Temp/Autosaves/Temp/UEDPCUntitled_1?Name=Player
[2015.07.09-15.41.47:915][  0]LogLoad: LoadMap: /Temp/Autosaves/Temp/UEDPCUntitled_1?Name=Player
[2015.07.09-15.41.47:924][  0]LogParticles: Destroying 0 GPU particle simulations for FXSystem 0x000000217C7C0CC0
[2015.07.09-15.41.47:931][  0]LogMemory: Platform Memory Stats for Windows
[2015.07.09-15.41.47:931][  0]LogMemory: Process Physical Memory: 327.11 MB used, 327.11 MB peak
[2015.07.09-15.41.47:931][  0]LogMemory: Process Virtual Memory: 296.05 MB used, 303.09 MB peak
[2015.07.09-15.41.47:931][  0]LogMemory: Physical Memory: 5182.99 MB used, 8111.15 MB total
[2015.07.09-15.41.47:931][  0]LogMemory: Virtual Memory: 777.19 MB used, 134217728.00 MB total
[2015.07.09-15.41.47:931][  0]LogMemory: 
[2015.07.09-15.41.47:931][  0]Allocator Stats for TBB: (not implemented)
[2015.07.09-15.41.48:205][  0]LogAIModule: Creating AISystem for world Untitled_1
[2015.07.09-15.41.48:206][  0]LogWorld: Game class is 'GameMode'
[2015.07.09-15.41.48:212][  0]LogWorld: Bringing World /Temp/Autosaves/Temp/UEDPCUntitled_1.Untitled_1 up for play (max tick rate 0) at 2015.07.09-17.41.48
[2015.07.09-15.41.48:212][  0]LogWorld: Bringing up level for play took: 0.001677
[2015.07.09-15.41.48:258][  0]LogInit:Display: Game Engine Initialized.
[2015.07.09-15.41.48:482][  0]LogAssetRegistry: FAssetRegistry took 0.0001 seconds to start up
[2015.07.09-15.41.48:482][  0]LogLoad: Full Startup: 4.92 seconds (BP compile: 0.08 seconds)
[2015.07.09-15.41.48:502][  0]LogRenderer: Reallocating scene render targets to support 128x128 (Frame:1).
[2015.07.09-15.41.48:519][  0]LogContentStreaming: Texture pool size is 1000.000000MB
[2015.07.09-15.41.48:568][  1]LogRenderer: Reallocating scene render targets to support 1280x720 (Frame:2).
[2015.07.09-15.41.51:584][180]LogWindowsTextInputMethodSystem:Display: IME system now deactivated.
[2015.07.09-15.41.51:587][180]LogEngine: All Windows Closed
[2015.07.09-15.41.51:587][180]LogWindows: FPlatformMisc::RequestExit(0)
[2015.07.09-15.41.51:805][181]LogExit: Preparing to exit.
[2015.07.09-15.41.51:902][181]LogExit: Game engine shut down
[2015.07.09-15.41.51:903][181]LogParticles: Destroying 0 GPU particle simulations for FXSystem 0x000000217941E480
[2015.07.09-15.41.52:011][181]LogExit: Object subsystem successfully closed.
[2015.07.09-15.41.52:077][181]LogModuleManager: Shutting down and abandoning module AssetRegistry (107)
[2015.07.09-15.41.52:077][181]LogModuleManager: Shutting down and abandoning module AutomationWorker (106)
[2015.07.09-15.41.52:077][181]LogModuleManager: Shutting down and abandoning module CharacterAI (105)
[2015.07.09-15.41.52:077][181]LogModuleManager: Shutting down and abandoning module AITestSuite (104)
[2015.07.09-15.41.52:077][181]LogModuleManager: Shutting down and abandoning module GameplayDebugger (103)
[2015.07.09-15.41.52:077][181]LogModuleManager: Shutting down and abandoning module AIModule (102)
[2015.07.09-15.41.52:077][181]LogModuleManager: Shutting down and abandoning module GameLiveStreaming (101)
[2015.07.09-15.41.52:077][181]LogModuleManager: Shutting down and abandoning module StreamingPauseRendering (100)
[2015.07.09-15.41.52:078][181]LogModuleManager: Shutting down and abandoning module ProfilerService (99)
[2015.07.09-15.41.52:263][181]LogModuleManager: Shutting down and abandoning module TaskGraph (98)
[2015.07.09-15.41.52:263][181]LogModuleManager: Shutting down and abandoning module SlateRemote (97)
[2015.07.09-15.41.52:263][181]LogModuleManager: Shutting down and abandoning module SteamVRController (96)
[2015.07.09-15.41.52:263][181]LogModuleManager: Shutting down and abandoning module SteamVR (95)
[2015.07.09-15.41.52:263][181]LogModuleManager: Shutting down and abandoning module ProceduralMeshComponent (94)
[2015.07.09-15.41.52:263][181]LogModuleManager: Shutting down and abandoning module OculusRift (93)
[2015.07.09-15.41.52:263][181]LogModuleManager: Shutting down and abandoning module LeapMotionController (92)
[2015.07.09-15.41.52:283][181]LogModuleManager: Shutting down and abandoning module CustomMeshComponent (91)
[2015.07.09-15.41.52:283][181]LogModuleManager: Shutting down and abandoning module CableComponent (90)
[2015.07.09-15.41.52:283][181]LogModuleManager: Shutting down and abandoning module DesktopPlatform (89)
[2015.07.09-15.41.52:283][181]LogModuleManager: Shutting down and abandoning module DirectoryWatcher (88)
[2015.07.09-15.41.52:283][181]LogModuleManager: Shutting down and abandoning module HotReload (87)
[2015.07.09-15.41.52:283][181]LogModuleManager: Shutting down and abandoning module VisualStudioSourceCodeAccess (86)
[2015.07.09-15.41.52:283][181]LogModuleManager: Shutting down and abandoning module UObjectPlugin (85)
[2015.07.09-15.41.52:283][181]LogModuleManager: Shutting down and abandoning module SubversionSourceControl (84)
[2015.07.09-15.41.52:283][181]LogModuleManager: Shutting down and abandoning module SourceControl (83)
[2015.07.09-15.41.52:283][181]LogModuleManager: Shutting down and abandoning module PerforceSourceControl (82)
[2015.07.09-15.41.52:283][181]LogModuleManager: Shutting down and abandoning module BlankPlugin (81)
[2015.07.09-15.41.52:283][181]LogModuleManager: Shutting down and abandoning module UdpMessaging (80)
[2015.07.09-15.41.52:283][181]LogModuleManager: Shutting down and abandoning module Paper2D (79)
[2015.07.09-15.41.52:283][181]LogModuleManager: Shutting down and abandoning module WindowsMoviePlayer (78)
[2015.07.09-15.41.52:285][181]LogModuleManager: Shutting down and abandoning module Media (77)
[2015.07.09-15.41.52:285][181]LogModuleManager: Shutting down and abandoning module WmfMedia (76)
[2015.07.09-15.41.52:286][181]LogModuleManager: Shutting down and abandoning module OnlineBlueprintSupport (75)
[2015.07.09-15.41.52:286][181]LogModuleManager: Shutting down and abandoning module PropertyEditor (74)
[2015.07.09-15.41.52:286][181]LogModuleManager: Shutting down and abandoning module BehaviorTreeEditor (73)
[2015.07.09-15.41.52:286][181]LogModuleManager: Shutting down and abandoning module FunctionalTesting (72)
[2015.07.09-15.41.52:286][181]LogModuleManager: Shutting down and abandoning module CollisionAnalyzer (71)
[2015.07.09-15.41.52:286][181]LogModuleManager: Shutting down and abandoning module WorkspaceMenuStructure (70)
[2015.07.09-15.41.52:286][181]LogModuleManager: Shutting down and abandoning module MessageLog (69)
[2015.07.09-15.41.52:286][181]LogModuleManager: Shutting down and abandoning module Sequencer (68)
[2015.07.09-15.41.52:286][181]LogModuleManager: Shutting down and abandoning module AssetTools (67)
[2015.07.09-15.41.52:286][181]LogModuleManager: Shutting down and abandoning module UMGEditor (66)
[2015.07.09-15.41.52:286][181]LogModuleManager: Shutting down and abandoning module UMG (65)
[2015.07.09-15.41.52:286][181]LogModuleManager: Shutting down and abandoning module Slate (64)
[2015.07.09-15.41.52:286][181]LogModuleManager: Shutting down and abandoning module EditorStyle (63)
[2015.07.09-15.41.52:289][181]LogModuleManager: Shutting down and abandoning module SessionServices (62)
[2015.07.09-15.41.52:289][181]LogModuleManager: Shutting down and abandoning module SourceCodeAccess (61)
[2015.07.09-15.41.52:289][181]LogModuleManager: Shutting down and abandoning module HeadMountedDisplay (60)
[2015.07.09-15.41.52:289][181]LogModuleManager: Shutting down and abandoning module XAudio2 (59)
[2015.07.09-15.41.52:289][181]LogModuleManager: Shutting down and abandoning module Networking (57)
[2015.07.09-15.41.52:289][181]LogModuleManager: Shutting down and abandoning module Core (56)
[2015.07.09-15.41.52:289][181]LogModuleManager: Shutting down and abandoning module KismetCompiler (55)
[2015.07.09-15.41.52:289][181]LogModuleManager: Shutting down and abandoning module PhysXFormats (54)
[2015.07.09-15.41.52:289][181]LogModuleManager: Shutting down and abandoning module MeshUtilities (53)
[2015.07.09-15.41.52:289][181]LogModuleManager: Shutting down and abandoning module DerivedDataCache (52)
[2015.07.09-15.41.52:705][181]LogDerivedDataCache: Shutdown
[2015.07.09-15.41.52:705][181]LogModuleManager: Shutting down and abandoning module ShaderFormatOpenGL (51)
[2015.07.09-15.41.52:705][181]LogModuleManager: Shutting down and abandoning module ShaderFormatD3D (50)
[2015.07.09-15.41.52:705][181]LogModuleManager: Shutting down and abandoning module MetalShaderFormat (49)
[2015.07.09-15.41.52:705][181]LogModuleManager: Shutting down and abandoning module TextureFormatUncompressed (48)
[2015.07.09-15.41.52:705][181]LogModuleManager: Shutting down and abandoning module TextureFormatPVR (47)
[2015.07.09-15.41.52:705][181]LogModuleManager: Shutting down and abandoning module TextureFormatIntelISPCTexComp (46)
[2015.07.09-15.41.52:705][181]LogModuleManager: Shutting down and abandoning module TextureFormatDXT (45)
[2015.07.09-15.41.52:705][181]LogModuleManager: Shutting down and abandoning module ImageWrapper (44)
[2015.07.09-15.41.52:705][181]LogModuleManager: Shutting down and abandoning module TextureFormatASTC (43)
[2015.07.09-15.41.52:705][181]LogModuleManager: Shutting down and abandoning module TextureFormatAndroid (42)
[2015.07.09-15.41.52:705][181]LogModuleManager: Shutting down and abandoning module AudioFormatOpus (41)
[2015.07.09-15.41.52:705][181]LogModuleManager: Shutting down and abandoning module AudioFormatOgg (40)
[2015.07.09-15.41.52:705][181]LogModuleManager: Shutting down and abandoning module AudioFormatADPCM (39)
[2015.07.09-15.41.52:705][181]LogModuleManager: Shutting down and abandoning module LinuxTargetPlatform (38)
[2015.07.09-15.41.52:705][181]LogModuleManager: Shutting down and abandoning module LinuxServerTargetPlatform (37)
[2015.07.09-15.41.52:705][181]LogModuleManager: Shutting down and abandoning module LinuxNoEditorTargetPlatform (36)
[2015.07.09-15.41.52:705][181]LogModuleManager: Shutting down and abandoning module Messaging (35)
[2015.07.09-15.41.52:705][181]LogModuleManager: Shutting down and abandoning module IOSTargetPlatform (34)
[2015.07.09-15.41.52:705][181]LogModuleManager: Shutting down and abandoning module HTML5TargetPlatform (33)
[2015.07.09-15.41.52:705][181]LogModuleManager: Shutting down and abandoning module Android_PVRTCTargetPlatform (32)
[2015.07.09-15.41.52:705][181]LogModuleManager: Shutting down and abandoning module Android_ETC2TargetPlatform (31)
[2015.07.09-15.41.52:705][181]LogModuleManager: Shutting down and abandoning module Android_ETC1TargetPlatform (30)
[2015.07.09-15.41.52:705][181]LogModuleManager: Shutting down and abandoning module Android_DXTTargetPlatform (29)
[2015.07.09-15.41.52:705][181]LogModuleManager: Shutting down and abandoning module Android_ATCTargetPlatform (28)
[2015.07.09-15.41.52:705][181]LogModuleManager: Shutting down and abandoning module Android_ASTCTargetPlatform (27)
[2015.07.09-15.41.52:705][181]LogModuleManager: Shutting down and abandoning module AndroidTargetPlatform (26)
[2015.07.09-15.41.52:705][181]LogModuleManager: Shutting down and abandoning module WindowsTargetPlatform (25)
[2015.07.09-15.41.52:705][181]LogModuleManager: Shutting down and abandoning module WindowsServerTargetPlatform (24)
[2015.07.09-15.41.52:705][181]LogModuleManager: Shutting down and abandoning module WindowsNoEditorTargetPlatform (23)
[2015.07.09-15.41.52:705][181]LogModuleManager: Shutting down and abandoning module WindowsClientTargetPlatform (22)
[2015.07.09-15.41.52:705][181]LogModuleManager: Shutting down and abandoning module DesktopTargetPlatform (21)
[2015.07.09-15.41.52:705][181]LogModuleManager: Shutting down and abandoning module TargetPlatform (20)
[2015.07.09-15.41.52:705][181]LogModuleManager: Shutting down and abandoning module InputCore (19)
[2015.07.09-15.41.52:705][181]LogModuleManager: Shutting down and abandoning module Settings (18)
[2015.07.09-15.41.52:705][181]LogModuleManager: Shutting down and abandoning module OnlineSubsystem (16)
[2015.07.09-15.41.52:705][181]LogModuleManager: Shutting down and abandoning module HTTP (15)
[2015.07.09-15.41.52:706][181]LogModuleManager: Shutting down and abandoning module ExampleDeviceProfileSelector (14)
[2015.07.09-15.41.52:706][181]LogModuleManager: Shutting down and abandoning module TextureCompressor (13)
[2015.07.09-15.41.52:706][181]LogModuleManager: Shutting down and abandoning module ShaderCore (12)
[2015.07.09-15.41.52:706][181]LogModuleManager: Shutting down and abandoning module Landscape (11)
[2015.07.09-15.41.52:706][181]LogModuleManager: Shutting down and abandoning module SlateRHIRenderer (10)
[2015.07.09-15.41.52:706][181]LogModuleManager: Shutting down and abandoning module OpenGLDrv (9)
[2015.07.09-15.41.52:706][181]LogModuleManager: Shutting down and abandoning module D3D11RHI (8)
[2015.07.09-15.41.52:706][181]LogModuleManager: Shutting down and abandoning module Renderer (7)
[2015.07.09-15.41.52:706][181]LogModuleManager: Shutting down and abandoning module Engine (6)
[2015.07.09-15.41.52:706][181]LogModuleManager: Shutting down and abandoning module CoreUObject (5)
[2015.07.09-15.41.52:706][181]LogModuleManager: Shutting down and abandoning module NetworkFile (4)
[2015.07.09-15.41.52:706][181]LogModuleManager: Shutting down and abandoning module StreamingFile (3)
[2015.07.09-15.41.52:706][181]LogModuleManager: Shutting down and abandoning module SandboxFile (2)
[2015.07.09-15.41.52:706][181]LogModuleManager: Shutting down and abandoning module PakFile (1)
[2015.07.09-15.41.52:706][181]LogExit: Exiting.
[2015.07.09-15.41.52:708][181]Log file closed, 07/09/15 17:41:52
