[2015.07.11-09.47.03:965][  0]Log file open, 07/11/15 11:47:03
[2015.07.11-09.47.03:965][  0]LogInit:Display: Running engine for game: Unreal
[2015.07.11-09.47.03:965][  0]LogInit:Display: RandInit(567528871) SRandInit(567528871).
[2015.07.11-09.47.03:966][  0]LogTaskGraph: Started task graph with 4 named threads and 7 total threads.
[2015.07.11-09.47.03:966][  0]LogStats: Stats thread started
[2015.07.11-09.47.03:966][  0]LogInit: Version: 4.8.1-2591939+++depot+UE4-Releases+4.8
[2015.07.11-09.47.03:966][  0]LogInit: API Version: 2579680
[2015.07.11-09.47.03:966][  0]LogInit: Compiled (64-bit): Jun 18 2015 11:02:04
[2015.07.11-09.47.03:966][  0]LogInit: Compiled with Visual C++: 18.00.21005.01
[2015.07.11-09.47.03:966][  0]LogInit: Build Configuration: Development
[2015.07.11-09.47.03:966][  0]LogInit: Branch Name: ++depot+UE4-Releases+4.8
[2015.07.11-09.47.03:966][  0]LogInit: Command line: 
[2015.07.11-09.47.03:966][  0]LogInit: Base directory: D:/Matthias/unreal/4.8/Engine/Binaries/Win64/
[2015.07.11-09.47.03:966][  0]LogInit: Rocket: 1
[2015.07.11-09.47.03:975][  0]LogInit: Using libcurl 7.41.0
[2015.07.11-09.47.03:975][  0]LogInit:  - built for x86_64-pc-win32
[2015.07.11-09.47.03:975][  0]LogInit:  - supports SSL with WinSSL
[2015.07.11-09.47.03:975][  0]LogInit:  - other features:
[2015.07.11-09.47.03:975][  0]LogInit:      CURL_VERSION_SSL
[2015.07.11-09.47.03:975][  0]LogInit:      CURL_VERSION_IPV6
[2015.07.11-09.47.03:975][  0]LogInit:      CURL_VERSION_ASYNCHDNS
[2015.07.11-09.47.03:975][  0]LogInit:      CURL_VERSION_LARGEFILE
[2015.07.11-09.47.03:975][  0]LogInit:      CURL_VERSION_IDN
[2015.07.11-09.47.03:975][  0]LogInit:  CurlRequestOptions (configurable via config and command line):
[2015.07.11-09.47.03:975][  0]LogInit:  - bVerifyPeer = true  - Libcurl will verify peer certificate
[2015.07.11-09.47.03:975][  0]LogInit:  - bUseHttpProxy = false  - Libcurl will NOT use HTTP proxy
[2015.07.11-09.47.03:975][  0]LogInit:  - bDontReuseConnections = false  - Libcurl will reuse connections
[2015.07.11-09.47.03:975][  0]LogInit:  - CertBundlePath = nullptr  - Libcurl will use whatever was configured at build time.
[2015.07.11-09.47.03:983][  0]LogOnline:Warning: No default platform service specified for OnlineSubsystem
[2015.07.11-09.47.03:992][  0]LogInit: Presizing for 0 objects not considered by GC, pre-allocating 0 bytes.
[2015.07.11-09.47.03:998][  0]LogInit: Object subsystem initialized
[2015.07.11-09.47.03:999][  0]LogConsoleResponse:Warning: Skipping Unknown console variable: 'TranslucentSortAxis = (X=0.000000,Y=-1.000000,Z=0.000000)'
[2015.07.11-09.47.03:999][  0]LogConsoleResponse:Warning:   Found in ini file 'C:/Users/Martin/Documents/GitHub/Kraken/Unreal/Saved/Config/Windows/Engine.ini', in section '[/Script/Engine.RendererSettings]'
[2015.07.11-09.47.03:999][  0]LogConsoleResponse:Warning: Skipping Unknown console variable: 'UIScaleRule = ShortestSide'
[2015.07.11-09.47.03:999][  0]LogConsoleResponse:Warning:   Found in ini file 'C:/Users/Martin/Documents/GitHub/Kraken/Unreal/Saved/Config/Windows/Engine.ini', in section '[/Script/Engine.RendererSettings]'
[2015.07.11-09.47.03:999][  0]LogConsoleResponse:Warning: Skipping Unknown console variable: 'UIScaleCurve = (EditorCurveData=(Keys=),ExternalCurve=None)'
[2015.07.11-09.47.03:999][  0]LogConsoleResponse:Warning:   Found in ini file 'C:/Users/Martin/Documents/GitHub/Kraken/Unreal/Saved/Config/Windows/Engine.ini', in section '[/Script/Engine.RendererSettings]'
[2015.07.11-09.47.04:000][  0]LogInit: Selected Device Profile: [Windows]
[2015.07.11-09.47.04:000][  0]LogInit: Applying CVar settings loaded from the selected device profile: [Windows]
[2015.07.11-09.47.04:005][  0]LogInit: Computer: MARTIN
[2015.07.11-09.47.04:005][  0]LogInit: User: Martin
[2015.07.11-09.47.04:005][  0]LogInit: CPU Page size=4096, Cores=4
[2015.07.11-09.47.04:005][  0]LogInit: High frequency timer resolution =2.435777 MHz
[2015.07.11-09.47.04:006][  0]LogMemory: Memory total: Physical=15.9GB (16GB approx)
[2015.07.11-09.47.04:006][  0]LogMemory: Platform Memory Stats for Windows
[2015.07.11-09.47.04:006][  0]LogMemory: Process Physical Memory: 48.38 MB used, 48.38 MB peak
[2015.07.11-09.47.04:006][  0]LogMemory: Process Virtual Memory: 22.45 MB used, 22.45 MB peak
[2015.07.11-09.47.04:006][  0]LogMemory: Physical Memory: 4087.59 MB used, 16307.27 MB total
[2015.07.11-09.47.04:006][  0]LogMemory: Virtual Memory: 304.81 MB used, 134217728.00 MB total
[2015.07.11-09.47.04:037][  0]LogTextLocalizationManager: The requested culture ('de_AT') has no localization data; falling back to 'en' for localization and internationalization data.
[2015.07.11-09.47.04:238][  0]LogTextLocalizationManager:Warning: Loaded localization resources contain conflicting entries for (Namespace:ContentBrowser, Key:ImportAssetToolTip):
Localization Resource: (D:/Matthias/unreal/4.8/Engine/Content/Localization/Editor/en/Editor.locres) Source String Hash: (-630476809) Localized String: (Import to {0}...)
Localization Resource: (D:/Matthias/unreal/4.8/Engine/Content/Localization/Editor/en/Editor.locres) Source String Hash: (1271782899) Localized String: (Imports an asset from file to this folder.)
[2015.07.11-09.47.04:641][  0]LogD3D11RHI: Found D3D11 adapter 0: NVIDIA GeForce GTX 860M   (Feature Level 11_0)
[2015.07.11-09.47.04:641][  0]LogD3D11RHI: Adapter has 4006MB of dedicated video memory, 0MB of dedicated system memory, and 8153MB of shared system memory, 1 output[s]
[2015.07.11-09.47.04:647][  0]LogD3D11RHI: Found D3D11 adapter 1: Intel(R) HD Graphics 4600 (Feature Level 11_0)
[2015.07.11-09.47.04:647][  0]LogD3D11RHI: Adapter has 0MB of dedicated video memory, 0MB of dedicated system memory, and 1792MB of shared system memory, 0 output[s]
[2015.07.11-09.47.04:648][  0]LogD3D11RHI: Found D3D11 adapter 2: Microsoft Basic Render Driver (Feature Level 11_0)
[2015.07.11-09.47.04:648][  0]LogD3D11RHI: Adapter has 0MB of dedicated video memory, 0MB of dedicated system memory, and 256MB of shared system memory, 0 output[s]
[2015.07.11-09.47.04:648][  0]LogD3D11RHI: Chosen D3D11 Adapter Id = 0
[2015.07.11-09.47.04:653][  0]LogRHI: Texture pool is 1361 MB (70% of 1945 MB)
[2015.07.11-09.47.04:663][  0]LogD3D11RHI: Async texture creation enabled
[2015.07.11-09.47.04:679][  0]LogShaderCompilers:Display: Using Local Shader Compiler.
[2015.07.11-09.47.05:407][  0]LogTemp:Display: Loaded TP DesktopTargetPlatform
[2015.07.11-09.47.05:417][  0]LogTemp:Display: Loaded TP WindowsClientTargetPlatform
[2015.07.11-09.47.05:427][  0]LogTemp:Display: Loaded TP WindowsNoEditorTargetPlatform
[2015.07.11-09.47.05:436][  0]LogTemp:Display: Loaded TP WindowsServerTargetPlatform
[2015.07.11-09.47.05:447][  0]LogTemp:Display: Loaded TP WindowsTargetPlatform
[2015.07.11-09.47.05:455][  0]LogTemp:Display: Loaded TP AndroidTargetPlatform
[2015.07.11-09.47.05:463][  0]LogTemp:Display: Loaded TP Android_ASTCTargetPlatform
[2015.07.11-09.47.05:471][  0]LogTemp:Display: Loaded TP Android_ATCTargetPlatform
[2015.07.11-09.47.05:479][  0]LogTemp:Display: Loaded TP Android_DXTTargetPlatform
[2015.07.11-09.47.05:488][  0]LogTemp:Display: Loaded TP Android_ETC1TargetPlatform
[2015.07.11-09.47.05:496][  0]LogTemp:Display: Loaded TP Android_ETC2TargetPlatform
[2015.07.11-09.47.05:504][  0]LogTemp:Display: Loaded TP Android_PVRTCTargetPlatform
[2015.07.11-09.47.05:540][  0]LogTemp:Display: Loaded TP IOSTargetPlatform
[2015.07.11-09.47.05:548][  0]LogTemp:Display: Loaded TP LinuxNoEditorTargetPlatform
[2015.07.11-09.47.05:557][  0]LogTemp:Display: Loaded TP LinuxServerTargetPlatform
[2015.07.11-09.47.05:566][  0]LogTemp:Display: Loaded TP LinuxTargetPlatform
[2015.07.11-09.47.05:566][  0]LogTargetPlatformManager:Display: Building Assets For Windows
[2015.07.11-09.47.05:699][  0]LogDerivedDataCache:Display: Max Cache Size: 512 MB
[2015.07.11-09.47.05:746][  0]LogDerivedDataCache: Loaded boot cache 0.05s 53MB C:/Users/Martin/AppData/Local/UnrealEngine/4.8/DerivedDataCache/Boot.ddc.
[2015.07.11-09.47.05:746][  0]LogDerivedDataCache:Display: Loaded Boot cache: C:/Users/Martin/AppData/Local/UnrealEngine/4.8/DerivedDataCache/Boot.ddc
[2015.07.11-09.47.05:747][  0]LogDerivedDataCache: FDerivedDataBackendGraph:  Pak pak cache file C:/Users/Martin/Documents/GitHub/Kraken/Unreal/DerivedDataCache/DDC.ddp not found, will not use a pak cache.
[2015.07.11-09.47.05:747][  0]LogDerivedDataCache: Unable to find inner node Pak for hierarchical cache Hierarchy.
[2015.07.11-09.47.05:747][  0]LogDerivedDataCache: FDerivedDataBackendGraph:  CompressedPak pak cache file C:/Users/Martin/Documents/GitHub/Kraken/Unreal/DerivedDataCache/Compressed.ddp not found, will not use a pak cache.
[2015.07.11-09.47.05:747][  0]LogDerivedDataCache: Unable to find inner node CompressedPak for hierarchical cache Hierarchy.
[2015.07.11-09.47.05:884][  0]LogDerivedDataCache:Display: Pak cache opened for reading ../../../Engine/DerivedDataCache/Compressed.ddp.
[2015.07.11-09.47.05:896][  0]LogDerivedDataCache: Using Local data cache path C:/Users/Martin/AppData/Local/UnrealEngine/Common/DerivedDataCache: Writable
[2015.07.11-09.47.06:075][  0]LogInit: Selected Device Profile: [Windows]
[2015.07.11-09.47.06:147][  0]ImportText (ComponentSweepMultiTests): Missing closing parenthesis: (RootShapeAsset="/Engine/BasicShapes/Cube.Cube",ShapeType="TriggerCapsule",HitResult=(Time=0.50,Location=(X=-100.000015,Y=0.0,Z=100.000015),ImpactPoint=(X=-50.0,Y=0.0,Z=50.0),Normal=(X=-1.0,Y=-0.0,Z=0.0),ImpactNormal=(X=0.0,Y=0.0,Z=1.0),TraceStart=(X=-200.0,Y=0.0,Z=200.0),TraceEnd=(X=0.0,Y=0.0,Z=0.0))
[2015.07.11-09.47.06:147][  0]ImportText (LineTraceSingleByChannelTests): Missing closing parenthesis: (RootShapeAsset="/Engine/BasicShapes/Cube.Cube",HitResult=(Time=0.50,Location=(X=-100.000015,Y=0.0,Z=100.000015),ImpactPoint=(X=-50.0,Y=0.0,Z=50.0),Normal=(X=-1.0,Y=-0.0,Z=0.0),ImpactNormal=(X=0.0,Y=0.0,Z=1.0),TraceStart=(X=-200.0,Y=0.0,Z=200.0),TraceEnd=(X=0.0,Y=0.0,Z=0.0))
[2015.07.11-09.47.06:165][  0]LogMeshUtilities: No automatic mesh reduction module available
[2015.07.11-09.47.06:165][  0]LogMeshUtilities: No automatic mesh merging module available
[2015.07.11-09.47.06:400][  0]LogInit: WinSock: version 1.1 (2.2), MaxSocks=32767, MaxUdp=65467
[2015.07.11-09.47.07:145][  0]UdpMessaging: Initializing bridge on interface 0.0.0.0:0 to multicast group 230.0.0.1:6666.
[2015.07.11-09.47.07:409][  0]SourceControl: Info Source control is disabled
[2015.07.11-09.47.07:416][  0]SourceControl: Info Source control is disabled
[2015.07.11-09.47.07:422][  0]SourceControl: Info Source control is disabled
[2015.07.11-09.47.07:429][  0]SourceControl: Info Source control is disabled
[2015.07.11-09.47.07:578][  0]LogObj: 26273 objects as part of root set at end of initial load.
[2015.07.11-09.47.07:578][  0]LogUObjectAllocator: 5409248 out of 0 bytes used by permanent object pool.
[2015.07.11-09.47.07:635][  0]LogEngine: Initializing Engine...
[2015.07.11-09.47.07:637][  0]LogHMD: Can't find Oculus library dev build: is proper Runtime installed? Version: 0.6.0.0
[2015.07.11-09.47.07:638][  0]LogHMD:Warning: SteamVR failed to initialize.  Error: 110
[2015.07.11-09.47.07:757][  0]LogAIModule: Creating AISystem for world NewWorld
[2015.07.11-09.47.07:760][  0]LogInit: XAudio2 using 'Lautsprecher (Realtek High Definition Audio)' : 2 channels at 48 kHz using 32 bits per sample (channel mask 0x3)
[2015.07.11-09.47.07:775][  0]LogInit: FAudioDevice initialized.
[2015.07.11-09.47.07:799][  0]LogDerivedDataCache: Saved boot cache 0.02s 53MB C:/Users/Martin/AppData/Local/UnrealEngine/4.8/DerivedDataCache/Boot.ddc.
[2015.07.11-09.47.07:803][  0]LogInit: Texture streaming: Disabled
[2015.07.11-09.47.07:817][  0]LogAnalytics: Creating configured Analytics provider AnalyticsET
[2015.07.11-09.47.07:817][  0]LogAnalytics: [UEEditor.Rocket.Release] APIServer = http://et2.epicgames.com/ET2/. AppVersion = 4.8.1-2591939+++depot+UE4-Releases+4.8
[2015.07.11-09.47.07:817][  0]LogAnalytics: [UEEditor.Rocket.Release] SetUserId 925a908343451c523c48599e71b24289|f43b151de9f74d0d8c305aac1aca527f|332e9ce0-51fb-4932-82e8-f3f1365e625d
[2015.07.11-09.47.07:818][  0]LogAnalytics: [UEEditor.Rocket.Release] AnalyticsET::StartSession
[2015.07.11-09.47.07:839][  0]LogInit: Transaction tracking system initialized
[2015.07.11-09.47.07:919][  0]BlueprintLog: New page: Editor Load
[2015.07.11-09.47.07:945][  0]LogAssetRegistry: FAssetRegistry took 0.0107 seconds to start up
[2015.07.11-09.47.07:945][  0]LogDirectoryWatcher:Warning: Failed to begin reading directory changes for ../../../Engine/Plugins/Experimental/CharacterAI/Content/. Error: 0
[2015.07.11-09.47.08:371][  0]LogConsoleManager:Warning: Console variable 'r.VSync' wasn't set ('GameSetting' has a lower priority than 'SystemSettingsIni')
[2015.07.11-09.47.08:371][  0]LogConsoleResponse:Display: 
[2015.07.11-09.47.08:478][  0]LogCook:Display: Done creating registry. It took  0.00s.
[2015.07.11-09.47.08:596][  0]SourceControl: Info Source control is disabled
[2015.07.11-09.47.08:596][  0]Cmd: MAP LOAD FILE="../../../Engine/Content/Maps/Templates/Template_Default.umap" TEMPLATE=1 SHOWPROGRESS=1 FEATURELEVEL=3
[2015.07.11-09.47.08:596][  0]LightingResults: New page: Lighting Build
[2015.07.11-09.47.08:604][  0]MapCheck: New page: Map Check
[2015.07.11-09.47.08:604][  0]LightingResults: New page: Lighting Build
[2015.07.11-09.47.08:612][  0]LogParticles: Destroying 0 GPU particle simulations for FXSystem 0x000000C5C5BC4F40
[2015.07.11-09.47.08:931][  0]LogAIModule: Creating AISystem for world Untitled_1
[2015.07.11-09.47.08:936][  0]LogEditorServer: Finished looking for orphan Actors (0.000 secs)
[2015.07.11-09.47.08:944][  0]Cmd: MAP CHECKDEP NOCLEARLOG
[2015.07.11-09.47.08:970][  0]MapCheck: Info Map check complete: 0 Error(s), 0 Warning(s), took 26.217ms to complete.
[2015.07.11-09.47.08:970][  0]LogFileHelpers: Loading map 'Template_Default' took 0.373
[2015.07.11-09.47.09:070][  0]LogCollectionManager: Loaded 0 collections in 0.001183 seconds
[2015.07.11-09.47.09:078][  0]LogContentBrowser: Native class hierarchy populated in 0.0076 seconds. Added 1792 classes and 301 folders.
[2015.07.11-09.47.09:105][  0]LogContentBrowser: Native class hierarchy updated for 'WidgetCarousel' in 0.0003 seconds. Added 0 classes and 0 folders.
[2015.07.11-09.47.09:124][  0]LogContentBrowser: Native class hierarchy updated for 'AddContentDialog' in 0.0003 seconds. Added 0 classes and 0 folders.
[2015.07.11-09.47.09:134][  0]LogContentBrowser: Native class hierarchy updated for 'SceneOutliner' in 0.0003 seconds. Added 1 classes and 2 folders.
[2015.07.11-09.47.09:178][  0]LogCrashTracker: Crashtracker disabled due to settings.
[2015.07.11-09.47.09:182][  0]LogUObjectGlobals:Warning: Failed to find object 'Class None.'
[2015.07.11-09.47.09:205][  0]LogLoad: Full Startup: 6.43 seconds (BP compile: 0.09 seconds)
[2015.07.11-09.47.09:262][  0]LogContentStreaming: Texture pool size is 0.000000MB
[2015.07.11-09.47.09:290][  0]LogContentStreaming: Texture pool size now 1000 MB
[2015.07.11-09.47.09:495][  0]LogRenderer: Reallocating scene render targets to support 1000x280 (Frame:2).
[2015.07.11-09.47.09:778][  6]LogAssetRegistry: Asset discovery search completed in 1.8441 seconds
[2015.07.11-09.47.34:815][661]LogFactory: FactoryCreateBinary: SoundWave with SoundFactory (0 0 C:/Users/Martin/Documents/GitHub/Kraken/Unreal/Content/SFX/cannon_shoot.wav)
[2015.07.11-09.47.34:827][661]LogAudioDerivedData:Display: Building compressed audio format OGG wave cannon_shoot...
[2015.07.11-09.47.34:876][661]LogAudioDerivedData:Warning: Updated SoundWave->RawPCMDataSize during cooking SoundWave /Game/Sounds/cannon_shoot.cannon_shoot.
[2015.07.11-09.47.34:890][661]LogFactory: FactoryCreateBinary: SoundWave with SoundFactory (0 0 C:/Users/Martin/Documents/GitHub/Kraken/Unreal/Content/SFX/explosion.wav)
[2015.07.11-09.47.34:902][661]LogAudioDerivedData:Display: Building compressed audio format OGG wave explosion...
[2015.07.11-09.47.34:905][661]LogAudioDerivedData:Warning: Updated SoundWave->RawPCMDataSize during cooking SoundWave /Game/Sounds/explosion.explosion.
[2015.07.11-09.47.34:908][661]LogFactory: FactoryCreateBinary: SoundWave with SoundFactory (0 0 C:/Users/Martin/Documents/GitHub/Kraken/Unreal/Content/SFX/loot.wav)
[2015.07.11-09.47.34:914][661]LogAudioDerivedData:Display: Building compressed audio format OGG wave loot...
[2015.07.11-09.47.34:929][661]LogAudioDerivedData:Warning: Updated SoundWave->RawPCMDataSize during cooking SoundWave /Game/Sounds/loot.loot.
[2015.07.11-09.47.34:933][661]LogFactory: FactoryCreateBinary: SoundWave with SoundFactory (0 0 C:/Users/Martin/Documents/GitHub/Kraken/Unreal/Content/SFX/scream1.wav)
[2015.07.11-09.47.34:936][661]LogAudioDerivedData:Display: Building compressed audio format OGG wave scream1...
[2015.07.11-09.47.34:948][661]LogAudioDerivedData:Warning: Updated SoundWave->RawPCMDataSize during cooking SoundWave /Game/Sounds/scream1.scream1.
[2015.07.11-09.47.34:951][661]LogFactory: FactoryCreateBinary: SoundWave with SoundFactory (0 0 C:/Users/Martin/Documents/GitHub/Kraken/Unreal/Content/SFX/scream2.wav)
[2015.07.11-09.47.34:953][661]LogAudioDerivedData:Display: Building compressed audio format OGG wave scream2...
[2015.07.11-09.47.34:957][661]LogAudioDerivedData:Warning: Updated SoundWave->RawPCMDataSize during cooking SoundWave /Game/Sounds/scream2.scream2.
[2015.07.11-09.47.34:959][661]LogFactory: FactoryCreateBinary: SoundWave with SoundFactory (0 0 C:/Users/Martin/Documents/GitHub/Kraken/Unreal/Content/SFX/scream3.wav)
[2015.07.11-09.47.34:962][661]LogAudioDerivedData:Display: Building compressed audio format OGG wave scream3...
[2015.07.11-09.47.34:966][661]LogAudioDerivedData:Warning: Updated SoundWave->RawPCMDataSize during cooking SoundWave /Game/Sounds/scream3.scream3.
[2015.07.11-09.47.34:967][661]LogFactory: FactoryCreateBinary: SoundWave with SoundFactory (0 0 C:/Users/Martin/Documents/GitHub/Kraken/Unreal/Content/SFX/scream4.wav)
[2015.07.11-09.47.34:976][661]LogAudioDerivedData:Display: Building compressed audio format OGG wave scream4...
[2015.07.11-09.47.34:979][661]LogAudioDerivedData:Warning: Updated SoundWave->RawPCMDataSize during cooking SoundWave /Game/Sounds/scream4.scream4.
[2015.07.11-09.47.34:980][661]LogFactory: FactoryCreateBinary: SoundWave with SoundFactory (0 0 C:/Users/Martin/Documents/GitHub/Kraken/Unreal/Content/SFX/scream5.wav)
[2015.07.11-09.47.34:983][661]LogAudioDerivedData:Display: Building compressed audio format OGG wave scream5...
[2015.07.11-09.47.34:986][661]LogAudioDerivedData:Warning: Updated SoundWave->RawPCMDataSize during cooking SoundWave /Game/Sounds/scream5.scream5.
[2015.07.11-09.47.34:988][661]LogFactory: FactoryCreateBinary: SoundWave with SoundFactory (0 0 C:/Users/Martin/Documents/GitHub/Kraken/Unreal/Content/SFX/scream6.wav)
[2015.07.11-09.47.34:995][661]LogAudioDerivedData:Display: Building compressed audio format OGG wave scream6...
[2015.07.11-09.47.34:998][661]LogAudioDerivedData:Warning: Updated SoundWave->RawPCMDataSize during cooking SoundWave /Game/Sounds/scream6.scream6.
[2015.07.11-09.47.58:602][981]Cmd: OBJ SAVEPACKAGE PACKAGE="/Game/Sounds/cannon_shoot" FILE="C:/Users/Martin/Documents/GitHub/Kraken/Unreal/Content/Sounds/cannon_shoot.uasset" SILENT=true
[2015.07.11-09.47.58:606][981]LogSavePackage: Save=3.463371ms
[2015.07.11-09.47.58:606][981]LogSavePackage: Moving 'C:/Users/Martin/Documents/GitHub/Kraken/Unreal/Saved/cannon_shoot5596AF5C4989C2DAEFE8FBB9DA0DC088.tmp' to 'C:/Users/Martin/Documents/GitHub/Kraken/Unreal/Content/Sounds/cannon_shoot.uasset'
[2015.07.11-09.47.58:622][981]Cmd: OBJ SAVEPACKAGE PACKAGE="/Game/Sounds/explosion" FILE="C:/Users/Martin/Documents/GitHub/Kraken/Unreal/Content/Sounds/explosion.uasset" SILENT=true
[2015.07.11-09.47.58:628][981]LogSavePackage: Save=5.058345ms
[2015.07.11-09.47.58:628][981]LogSavePackage: Moving 'C:/Users/Martin/Documents/GitHub/Kraken/Unreal/Saved/explosionA06503B9423A86E40FD068A6027CAF61.tmp' to 'C:/Users/Martin/Documents/GitHub/Kraken/Unreal/Content/Sounds/explosion.uasset'
[2015.07.11-09.47.58:641][981]Cmd: OBJ SAVEPACKAGE PACKAGE="/Game/Sounds/loot" FILE="C:/Users/Martin/Documents/GitHub/Kraken/Unreal/Content/Sounds/loot.uasset" SILENT=true
[2015.07.11-09.47.58:645][981]LogSavePackage: Save=3.074584ms
[2015.07.11-09.47.58:645][981]LogSavePackage: Moving 'C:/Users/Martin/Documents/GitHub/Kraken/Unreal/Saved/lootCDE224174CC4114CD4B791A91F24637F.tmp' to 'C:/Users/Martin/Documents/GitHub/Kraken/Unreal/Content/Sounds/loot.uasset'
[2015.07.11-09.47.58:657][981]Cmd: OBJ SAVEPACKAGE PACKAGE="/Game/Sounds/scream1" FILE="C:/Users/Martin/Documents/GitHub/Kraken/Unreal/Content/Sounds/scream1.uasset" SILENT=true
[2015.07.11-09.47.58:662][981]LogSavePackage: Save=3.188715ms
[2015.07.11-09.47.58:662][981]LogSavePackage: Moving 'C:/Users/Martin/Documents/GitHub/Kraken/Unreal/Saved/scream1449A1B5F468E83BC4FA628A53A52E9B2.tmp' to 'C:/Users/Martin/Documents/GitHub/Kraken/Unreal/Content/Sounds/scream1.uasset'
[2015.07.11-09.47.58:675][981]Cmd: OBJ SAVEPACKAGE PACKAGE="/Game/Sounds/scream2" FILE="C:/Users/Martin/Documents/GitHub/Kraken/Unreal/Content/Sounds/scream2.uasset" SILENT=true
[2015.07.11-09.47.58:679][981]LogSavePackage: Save=3.133292ms
[2015.07.11-09.47.58:679][981]LogSavePackage: Moving 'C:/Users/Martin/Documents/GitHub/Kraken/Unreal/Saved/scream2899CA28A4F6824B80ECA5C819A9E3BF6.tmp' to 'C:/Users/Martin/Documents/GitHub/Kraken/Unreal/Content/Sounds/scream2.uasset'
[2015.07.11-09.47.58:691][981]Cmd: OBJ SAVEPACKAGE PACKAGE="/Game/Sounds/scream3" FILE="C:/Users/Martin/Documents/GitHub/Kraken/Unreal/Content/Sounds/scream3.uasset" SILENT=true
[2015.07.11-09.47.58:696][981]LogSavePackage: Save=3.201853ms
[2015.07.11-09.47.58:696][981]LogSavePackage: Moving 'C:/Users/Martin/Documents/GitHub/Kraken/Unreal/Saved/scream3B3B4734E438B8BFE269A2F85118B9913.tmp' to 'C:/Users/Martin/Documents/GitHub/Kraken/Unreal/Content/Sounds/scream3.uasset'
[2015.07.11-09.47.58:708][981]Cmd: OBJ SAVEPACKAGE PACKAGE="/Game/Sounds/scream4" FILE="C:/Users/Martin/Documents/GitHub/Kraken/Unreal/Content/Sounds/scream4.uasset" SILENT=true
[2015.07.11-09.47.58:712][981]LogSavePackage: Save=3.120154ms
[2015.07.11-09.47.58:712][981]LogSavePackage: Moving 'C:/Users/Martin/Documents/GitHub/Kraken/Unreal/Saved/scream4C71EAE0A40969511AA92478D33AA959B.tmp' to 'C:/Users/Martin/Documents/GitHub/Kraken/Unreal/Content/Sounds/scream4.uasset'
[2015.07.11-09.47.58:724][981]Cmd: OBJ SAVEPACKAGE PACKAGE="/Game/Sounds/scream5" FILE="C:/Users/Martin/Documents/GitHub/Kraken/Unreal/Content/Sounds/scream5.uasset" SILENT=true
[2015.07.11-09.47.58:729][981]LogSavePackage: Save=3.165314ms
[2015.07.11-09.47.58:729][981]LogSavePackage: Moving 'C:/Users/Martin/Documents/GitHub/Kraken/Unreal/Saved/scream50184E6A84A5F9B2086C2CA9616451B87.tmp' to 'C:/Users/Martin/Documents/GitHub/Kraken/Unreal/Content/Sounds/scream5.uasset'
[2015.07.11-09.47.58:740][981]Cmd: OBJ SAVEPACKAGE PACKAGE="/Game/Sounds/scream6" FILE="C:/Users/Martin/Documents/GitHub/Kraken/Unreal/Content/Sounds/scream6.uasset" SILENT=true
[2015.07.11-09.47.58:745][981]LogSavePackage: Save=3.135345ms
[2015.07.11-09.47.58:745][981]LogSavePackage: Moving 'C:/Users/Martin/Documents/GitHub/Kraken/Unreal/Saved/scream627AF845E46DE4936B1D77CA275731AA6.tmp' to 'C:/Users/Martin/Documents/GitHub/Kraken/Unreal/Content/Sounds/scream6.uasset'
[2015.07.11-09.50.07:967][494]Cmd: OBJ SAVEPACKAGE PACKAGE="/Game/Sounds/scream1_Cue" FILE="C:/Users/Martin/Documents/GitHub/Kraken/Unreal/Content/Sounds/scream1_Cue.uasset" SILENT=true
[2015.07.11-09.50.07:975][494]LogSavePackage: Save=6.723522ms
[2015.07.11-09.50.07:975][494]LogSavePackage: Moving 'C:/Users/Martin/Documents/GitHub/Kraken/Unreal/Saved/scream1_Cue2B6C615942CB1B1A3616B2A8C9F04C62.tmp' to 'C:/Users/Martin/Documents/GitHub/Kraken/Unreal/Content/Sounds/scream1_Cue.uasset'
[2015.07.11-09.50.16:230][988]LogProperty:Warning: Illegal TEXT reference to a private object in external package (EdGraphPin /Game/Sounds/scream1_Cue.scream1_Cue:SoundCueGraph_4.SoundCueGraphNode_4.EdGraphPin_4021) from referencer (EdGraphPin /Game/Sounds/loot_Cue.loot_Cue:SoundCueGraph_1.SoundCueGraphNode_12.EdGraphPin_4030).  Import failed...
[2015.07.11-09.50.16:230][988]LogProperty:Warning: ObjectProperty /Script/Engine.EdGraphPin:LinkedTo.LinkedTo: unresolved reference to 'EdGraphPin'SoundCueGraphNode_4.EdGraphPin_4021''
[2015.07.11-09.50.16:230][988]LogProperty:Warning: Illegal TEXT reference to a private object in external package (EdGraphPin /Game/Sounds/scream1_Cue.scream1_Cue:SoundCueGraph_4.SoundCueGraphNode_17.EdGraphPin_4052) from referencer (EdGraphPin /Game/Sounds/loot_Cue.loot_Cue:SoundCueGraph_1.SoundCueGraphNode_12.EdGraphPin_4029).  Import failed...
[2015.07.11-09.50.16:230][988]LogProperty:Warning: ObjectProperty /Script/Engine.EdGraphPin:LinkedTo.LinkedTo: unresolved reference to 'EdGraphPin'SoundCueGraphNode_17.EdGraphPin_4052''
[2015.07.11-09.50.16:230][988]LogProperty:Warning: Illegal TEXT reference to a private object in external package (SoundNodeWavePlayer /Game/Sounds/scream1_Cue.scream1_Cue:SoundNodeWavePlayer_4) from referencer (SoundNodeModulator /Game/Sounds/loot_Cue.loot_Cue:SoundCueGraph_1.SoundCueGraphNode_12.SoundNodeModulator_8).  Import failed...
[2015.07.11-09.50.16:230][988]LogProperty:Warning: ObjectProperty /Script/Engine.SoundNode:ChildNodes.ChildNodes: unresolved reference to 'SoundNodeWavePlayer'/Game/Sounds/scream1_Cue.scream1_Cue:SoundNodeWavePlayer_4''
[2015.07.11-09.50.20:366][234]Cmd: OBJ SAVEPACKAGE PACKAGE="/Game/Sounds/loot_Cue" FILE="C:/Users/Martin/Documents/GitHub/Kraken/Unreal/Content/Sounds/loot_Cue.uasset" SILENT=true
[2015.07.11-09.50.20:370][234]LogSavePackage: Save=2.053965ms
[2015.07.11-09.50.20:370][234]LogSavePackage: Moving 'C:/Users/Martin/Documents/GitHub/Kraken/Unreal/Saved/loot_Cue4630E7C840DC92D3042C64B1FA03F78B.tmp' to 'C:/Users/Martin/Documents/GitHub/Kraken/Unreal/Content/Sounds/loot_Cue.uasset'
[2015.07.11-09.50.24:432][476]LogProperty:Warning: Illegal TEXT reference to a private object in external package (EdGraphPin /Game/Sounds/scream1_Cue.scream1_Cue:SoundCueGraph_4.SoundCueGraphNode_4.EdGraphPin_4021) from referencer (EdGraphPin /Game/Sounds/explosion_Cue.explosion_Cue:SoundCueGraph_2.SoundCueGraphNode_12.EdGraphPin_4030).  Import failed...
[2015.07.11-09.50.24:432][476]LogProperty:Warning: ObjectProperty /Script/Engine.EdGraphPin:LinkedTo.LinkedTo: unresolved reference to 'EdGraphPin'SoundCueGraphNode_4.EdGraphPin_4021''
[2015.07.11-09.50.24:432][476]LogProperty:Warning: Illegal TEXT reference to a private object in external package (EdGraphPin /Game/Sounds/scream1_Cue.scream1_Cue:SoundCueGraph_4.SoundCueGraphNode_17.EdGraphPin_4052) from referencer (EdGraphPin /Game/Sounds/explosion_Cue.explosion_Cue:SoundCueGraph_2.SoundCueGraphNode_12.EdGraphPin_4029).  Import failed...
[2015.07.11-09.50.24:432][476]LogProperty:Warning: ObjectProperty /Script/Engine.EdGraphPin:LinkedTo.LinkedTo: unresolved reference to 'EdGraphPin'SoundCueGraphNode_17.EdGraphPin_4052''
[2015.07.11-09.50.24:432][476]LogProperty:Warning: Illegal TEXT reference to a private object in external package (SoundNodeWavePlayer /Game/Sounds/scream1_Cue.scream1_Cue:SoundNodeWavePlayer_4) from referencer (SoundNodeModulator /Game/Sounds/explosion_Cue.explosion_Cue:SoundCueGraph_2.SoundCueGraphNode_12.SoundNodeModulator_8).  Import failed...
[2015.07.11-09.50.24:432][476]LogProperty:Warning: ObjectProperty /Script/Engine.SoundNode:ChildNodes.ChildNodes: unresolved reference to 'SoundNodeWavePlayer'/Game/Sounds/scream1_Cue.scream1_Cue:SoundNodeWavePlayer_4''
[2015.07.11-09.50.28:050][689]Cmd: OBJ SAVEPACKAGE PACKAGE="/Game/Sounds/explosion_Cue" FILE="C:/Users/Martin/Documents/GitHub/Kraken/Unreal/Content/Sounds/explosion_Cue.uasset" SILENT=true
[2015.07.11-09.50.28:055][689]LogSavePackage: Save=2.271144ms
[2015.07.11-09.50.28:055][689]LogSavePackage: Moving 'C:/Users/Martin/Documents/GitHub/Kraken/Unreal/Saved/explosion_CueA34D4C78436A3E8CFBEA0F9FE8AE5702.tmp' to 'C:/Users/Martin/Documents/GitHub/Kraken/Unreal/Content/Sounds/explosion_Cue.uasset'
[2015.07.11-09.50.31:632][902]LogProperty:Warning: Illegal TEXT reference to a private object in external package (EdGraphPin /Game/Sounds/scream1_Cue.scream1_Cue:SoundCueGraph_4.SoundCueGraphNode_4.EdGraphPin_4021) from referencer (EdGraphPin /Game/Sounds/cannon_shoot_Cue.cannon_shoot_Cue:SoundCueGraph_3.SoundCueGraphNode_12.EdGraphPin_4030).  Import failed...
[2015.07.11-09.50.31:632][902]LogProperty:Warning: ObjectProperty /Script/Engine.EdGraphPin:LinkedTo.LinkedTo: unresolved reference to 'EdGraphPin'SoundCueGraphNode_4.EdGraphPin_4021''
[2015.07.11-09.50.31:633][902]LogProperty:Warning: Illegal TEXT reference to a private object in external package (EdGraphPin /Game/Sounds/scream1_Cue.scream1_Cue:SoundCueGraph_4.SoundCueGraphNode_17.EdGraphPin_4052) from referencer (EdGraphPin /Game/Sounds/cannon_shoot_Cue.cannon_shoot_Cue:SoundCueGraph_3.SoundCueGraphNode_12.EdGraphPin_4029).  Import failed...
[2015.07.11-09.50.31:633][902]LogProperty:Warning: ObjectProperty /Script/Engine.EdGraphPin:LinkedTo.LinkedTo: unresolved reference to 'EdGraphPin'SoundCueGraphNode_17.EdGraphPin_4052''
[2015.07.11-09.50.31:633][902]LogProperty:Warning: Illegal TEXT reference to a private object in external package (SoundNodeWavePlayer /Game/Sounds/scream1_Cue.scream1_Cue:SoundNodeWavePlayer_4) from referencer (SoundNodeModulator /Game/Sounds/cannon_shoot_Cue.cannon_shoot_Cue:SoundCueGraph_3.SoundCueGraphNode_12.SoundNodeModulator_8).  Import failed...
[2015.07.11-09.50.31:633][902]LogProperty:Warning: ObjectProperty /Script/Engine.SoundNode:ChildNodes.ChildNodes: unresolved reference to 'SoundNodeWavePlayer'/Game/Sounds/scream1_Cue.scream1_Cue:SoundNodeWavePlayer_4''
[2015.07.11-09.50.37:568][256]Cmd: OBJ SAVEPACKAGE PACKAGE="/Game/Sounds/cannon_shoot_Cue" FILE="C:/Users/Martin/Documents/GitHub/Kraken/Unreal/Content/Sounds/cannon_shoot_Cue.uasset" SILENT=true
[2015.07.11-09.50.37:571][256]LogSavePackage: Save=2.135664ms
[2015.07.11-09.50.37:571][256]LogSavePackage: Moving 'C:/Users/Martin/Documents/GitHub/Kraken/Unreal/Saved/cannon_shoot_Cue473933B741B5C6571C6BFEB7ECAF5E93.tmp' to 'C:/Users/Martin/Documents/GitHub/Kraken/Unreal/Content/Sounds/cannon_shoot_Cue.uasset'
[2015.07.11-09.50.40:417][425]Cmd: OBJ SAVEPACKAGE PACKAGE="/Game/Sounds/scream1_Cue" FILE="C:/Users/Martin/Documents/GitHub/Kraken/Unreal/Content/Sounds/scream1_Cue.uasset" SILENT=true
[2015.07.11-09.50.40:433][425]LogSavePackage: Save=5.455343ms
[2015.07.11-09.50.40:433][425]LogSavePackage: Moving 'C:/Users/Martin/Documents/GitHub/Kraken/Unreal/Saved/scream1_CueE91D348B429C3D39934227BAE663B452.tmp' to 'C:/Users/Martin/Documents/GitHub/Kraken/Unreal/Content/Sounds/scream1_Cue.uasset'
[2015.07.11-09.51.43:391][278]LogFactory: FactoryCreateBinary: Texture with TextureFactory (0 0 C:/Users/Martin/Documents/GitHub/Kraken/Unreal/Content/flag4.png)
[2015.07.11-09.51.44:202][278]LogTexture:Display: Building textures: flag4 (AutoDXT)
[2015.07.11-09.51.44:213][278]LogFactory: FactoryCreateBinary: Texture with TextureFactory (0 0 C:/Users/Martin/Documents/GitHub/Kraken/Unreal/Content/flag3.png)
[2015.07.11-09.51.44:214][278]LogTexture:Display: Building textures: flag3 (AutoDXT)
[2015.07.11-09.51.44:223][278]LogFactory: FactoryCreateBinary: Texture with TextureFactory (0 0 C:/Users/Martin/Documents/GitHub/Kraken/Unreal/Content/flag2.png)
[2015.07.11-09.51.44:224][278]LogTexture:Display: Building textures: flag2 (AutoDXT)
[2015.07.11-09.51.44:234][278]LogFactory: FactoryCreateBinary: Texture with TextureFactory (0 0 C:/Users/Martin/Documents/GitHub/Kraken/Unreal/Content/flag1.png)
[2015.07.11-09.51.44:235][278]LogTexture:Display: Building textures: flag1 (AutoDXT)
[2015.07.11-09.51.47:543][472]LogTexture:Display: Building textures: flag1 (BGRA8)
[2015.07.11-09.51.47:545][472]LogTexture:Display: Building textures: flag2 (BGRA8)
[2015.07.11-09.51.47:548][472]LogTexture:Display: Building textures: flag3 (BGRA8)
[2015.07.11-09.51.47:549][472]LogTexture:Display: Building textures: flag4 (BGRA8)
[2015.07.11-09.51.49:511][528]Cmd: OBJ SAVEPACKAGE PACKAGE="/Game/Ships/Flag/flag1" FILE="C:/Users/Martin/Documents/GitHub/Kraken/Unreal/Content/Ships/Flag/flag1.uasset" SILENT=true
[2015.07.11-09.51.49:515][528]LogSavePackage: Save=2.109799ms
[2015.07.11-09.51.49:515][528]LogSavePackage: Moving 'C:/Users/Martin/Documents/GitHub/Kraken/Unreal/Saved/flag1F46D12424F813FCE098DF792656A89EC.tmp' to 'C:/Users/Martin/Documents/GitHub/Kraken/Unreal/Content/Ships/Flag/flag1.uasset'
[2015.07.11-09.51.49:528][528]Cmd: OBJ SAVEPACKAGE PACKAGE="/Game/Ships/Flag/flag2" FILE="C:/Users/Martin/Documents/GitHub/Kraken/Unreal/Content/Ships/Flag/flag2.uasset" SILENT=true
[2015.07.11-09.51.49:531][528]LogSavePackage: Save=2.117599ms
[2015.07.11-09.51.49:531][528]LogSavePackage: Moving 'C:/Users/Martin/Documents/GitHub/Kraken/Unreal/Saved/flag23107B0D74014F4701FD733AF1DF56B02.tmp' to 'C:/Users/Martin/Documents/GitHub/Kraken/Unreal/Content/Ships/Flag/flag2.uasset'
[2015.07.11-09.51.49:544][528]Cmd: OBJ SAVEPACKAGE PACKAGE="/Game/Ships/Flag/flag3" FILE="C:/Users/Martin/Documents/GitHub/Kraken/Unreal/Content/Ships/Flag/flag3.uasset" SILENT=true
[2015.07.11-09.51.49:547][528]LogSavePackage: Save=2.280997ms
[2015.07.11-09.51.49:547][528]LogSavePackage: Moving 'C:/Users/Martin/Documents/GitHub/Kraken/Unreal/Saved/flag38A6C5C0F4264E7E3219A049D76296CB7.tmp' to 'C:/Users/Martin/Documents/GitHub/Kraken/Unreal/Content/Ships/Flag/flag3.uasset'
[2015.07.11-09.51.49:557][528]Cmd: OBJ SAVEPACKAGE PACKAGE="/Game/Ships/Flag/flag4" FILE="C:/Users/Martin/Documents/GitHub/Kraken/Unreal/Content/Ships/Flag/flag4.uasset" SILENT=true
[2015.07.11-09.51.49:563][528]LogSavePackage: Save=2.214078ms
[2015.07.11-09.51.49:563][528]LogSavePackage: Moving 'C:/Users/Martin/Documents/GitHub/Kraken/Unreal/Saved/flag4609F614D42347E3302A60186E03DF402.tmp' to 'C:/Users/Martin/Documents/GitHub/Kraken/Unreal/Content/Ships/Flag/flag4.uasset'
[2015.07.11-09.52.01:071][108]Cmd: OBJ SAVEPACKAGE PACKAGE="/Game/Ships/Flag/flag1_Sprite" FILE="C:/Users/Martin/Documents/GitHub/Kraken/Unreal/Content/Ships/Flag/flag1_Sprite.uasset" SILENT=true
[2015.07.11-09.52.01:078][108]LogSavePackage: Save=4.159658ms
[2015.07.11-09.52.01:078][108]LogSavePackage: Moving 'C:/Users/Martin/Documents/GitHub/Kraken/Unreal/Saved/flag1_SpriteFE51014D4A9CBF8AA1FF9C8AF6CCDF5D.tmp' to 'C:/Users/Martin/Documents/GitHub/Kraken/Unreal/Content/Ships/Flag/flag1_Sprite.uasset'
[2015.07.11-09.52.01:094][108]Cmd: OBJ SAVEPACKAGE PACKAGE="/Game/Ships/Flag/flag2_Sprite" FILE="C:/Users/Martin/Documents/GitHub/Kraken/Unreal/Content/Ships/Flag/flag2_Sprite.uasset" SILENT=true
[2015.07.11-09.52.01:100][108]LogSavePackage: Save=3.911278ms
[2015.07.11-09.52.01:100][108]LogSavePackage: Moving 'C:/Users/Martin/Documents/GitHub/Kraken/Unreal/Saved/flag2_Sprite17BE293E45C01D42E818AB9583C3CBE3.tmp' to 'C:/Users/Martin/Documents/GitHub/Kraken/Unreal/Content/Ships/Flag/flag2_Sprite.uasset'
[2015.07.11-09.52.01:117][108]Cmd: OBJ SAVEPACKAGE PACKAGE="/Game/Ships/Flag/flag3_Sprite" FILE="C:/Users/Martin/Documents/GitHub/Kraken/Unreal/Content/Ships/Flag/flag3_Sprite.uasset" SILENT=true
[2015.07.11-09.52.01:124][108]LogSavePackage: Save=4.628092ms
[2015.07.11-09.52.01:124][108]LogSavePackage: Moving 'C:/Users/Martin/Documents/GitHub/Kraken/Unreal/Saved/flag3_Sprite10CDDF724F26EF88FC73D38065D9F2A4.tmp' to 'C:/Users/Martin/Documents/GitHub/Kraken/Unreal/Content/Ships/Flag/flag3_Sprite.uasset'
[2015.07.11-09.52.01:140][108]Cmd: OBJ SAVEPACKAGE PACKAGE="/Game/Ships/Flag/flag4_Sprite" FILE="C:/Users/Martin/Documents/GitHub/Kraken/Unreal/Content/Ships/Flag/flag4_Sprite.uasset" SILENT=true
[2015.07.11-09.52.01:146][108]LogSavePackage: Save=4.407629ms
[2015.07.11-09.52.01:146][108]LogSavePackage: Moving 'C:/Users/Martin/Documents/GitHub/Kraken/Unreal/Saved/flag4_Sprite21341D7347B28B8F110F3BA0B7D7133B.tmp' to 'C:/Users/Martin/Documents/GitHub/Kraken/Unreal/Content/Ships/Flag/flag4_Sprite.uasset'
[2015.07.11-09.52.12:567][695]LogLinker:Warning: Asset '../../../Engine/Content/ArtTools/RenderToTexture/Macros/RenderToTextureMacros.uasset' has been saved with empty engine version. The asset will be loaded but may be incompatible.
[2015.07.11-09.52.12:608][695]LogLinker:Warning: Asset '../../../Engine/Content/ArtTools/RenderToTexture/Enums/RenderToTexture_Enum.uasset' has been saved with empty engine version. The asset will be loaded but may be incompatible.
[2015.07.11-09.52.51:104][918]LogRenderer: Reallocating scene render targets to support 1000x728 (Frame:10).
[2015.07.11-09.53.49:552][275]BlueprintLog: New page: Compile BP_Ship
[2015.07.11-09.53.49:887][275]BlueprintEditorCompileResults: Info [0407.11] Compile of BP_Ship successful! [in 334 ms]
[2015.07.11-09.53.50:730][322]Cmd: OBJ SAVEPACKAGE PACKAGE="/Game/Blueprints/BP_Ship" FILE="C:/Users/Martin/Documents/GitHub/Kraken/Unreal/Content/Blueprints/BP_Ship.uasset" SILENT=true
[2015.07.11-09.53.50:798][322]LogSavePackage: Save=57.919506ms
[2015.07.11-09.53.50:798][322]LogSavePackage: Moving 'C:/Users/Martin/Documents/GitHub/Kraken/Unreal/Saved/BP_Ship2C7F34464BCE73D02DBBAA95093F32F6.tmp' to 'C:/Users/Martin/Documents/GitHub/Kraken/Unreal/Content/Blueprints/BP_Ship.uasset'
[2015.07.11-09.54.53:587][ 59]BlueprintLog: New page: Compile BP_Ship
[2015.07.11-09.54.53:711][ 59]BlueprintEditorCompileResults: Info [0470.93] Compile of BP_Ship successful! [in 123 ms]
[2015.07.11-09.54.54:418][100]LogPlayLevel: PIE:  No blueprints needed recompiling
[2015.07.11-09.54.54:420][100]PIE: New page: PIE session: Untitled_1 (Jul 11, 2015, 1:54:54 PM)
[2015.07.11-09.54.54:420][100]LogPlayLevel: Creating play world package: /Temp/UEDPIE_0_Untitled_1
[2015.07.11-09.54.54:422][100]LogPlayLevel: PIE: StaticDuplicateObject took: (0.001604s)
[2015.07.11-09.54.54:422][100]LogAIModule: Creating AISystem for world Untitled_1
[2015.07.11-09.54.54:423][100]LogPlayLevel: PIE: World Init took: (0.001559s)
[2015.07.11-09.54.54:423][100]LogPlayLevel: PIE: Created PIE world by copying editor world from /Temp/Untitled_1.Untitled_1 to /Temp/UEDPIE_0_Untitled_1.Untitled_1 (0.003377s)
[2015.07.11-09.54.54:460][100]LogInit: XAudio2 using 'Lautsprecher (Realtek High Definition Audio)' : 2 channels at 48 kHz using 32 bits per sample (channel mask 0x3)
[2015.07.11-09.54.54:468][100]LogInit: FAudioDevice initialized.
[2015.07.11-09.54.54:517][100]LogWorld: Game class is 'GameMode'
[2015.07.11-09.54.54:521][100]LogWorld: Bringing World /Temp/UEDPIE_0_Untitled_1.Untitled_1 up for play (max tick rate 60) at 2015.07.11-11.54.54
[2015.07.11-09.54.54:521][100]LogActor:Warning: GameSession /Temp/UEDPIE_0_Untitled_1.Untitled_1:PersistentLevel.GameSession_0 has natively added scene component(s), but none of them were set as the actor's RootComponent - picking one arbitrarily
[2015.07.11-09.54.54:522][100]LogActor:Warning: GameNetworkManager /Temp/UEDPIE_0_Untitled_1.Untitled_1:PersistentLevel.GameNetworkManager_0 has natively added scene component(s), but none of them were set as the actor's RootComponent - picking one arbitrarily
[2015.07.11-09.54.54:522][100]LogWorld: Bringing up level for play took: 0.002226
[2015.07.11-09.54.54:542][100]PIE: Info Play in editor start time for /Temp/UEDPIE_0_Untitled_1 -0.369
[2015.07.11-09.54.54:613][100]LogRenderer: Reallocating scene render targets to support 1296x760 (Frame:3414).
[2015.07.11-09.54.56:726][210]LogParticles: Destroying 0 GPU particle simulations for FXSystem 0x000000C5DD2A00E0
[2015.07.11-09.55.01:498][470]LogAIModule: Creating AISystem for world Singleplayer
[2015.07.11-09.55.03:536][470]Cmd: OBJ SAVEPACKAGE PACKAGE="/Game/Blueprints/BP_Ship" FILE="C:/Users/Martin/Documents/GitHub/Kraken/Unreal/Content/Blueprints/BP_Ship.uasset" SILENT=true
[2015.07.11-09.55.03:619][470]LogSavePackage: Save=71.636688ms
[2015.07.11-09.55.03:619][470]LogSavePackage: Moving 'C:/Users/Martin/Documents/GitHub/Kraken/Unreal/Saved/BP_ShipED57D624497AB8C06C7187A5E710FDD5.tmp' to 'C:/Users/Martin/Documents/GitHub/Kraken/Unreal/Content/Blueprints/BP_Ship.uasset'
[2015.07.11-09.55.03:623][470]Cmd: MAP LOAD FILE="C:/Users/Martin/Documents/GitHub/Kraken/Unreal/Content/Maps/Singleplayer.umap" TEMPLATE=0 SHOWPROGRESS=1 FEATURELEVEL=3
[2015.07.11-09.55.03:624][470]LightingResults: New page: Lighting Build
[2015.07.11-09.55.03:645][470]LoadErrors: New page: Loading map: Singleplayer.umap
[2015.07.11-09.55.03:646][470]MapCheck: New page: Map Check
[2015.07.11-09.55.03:646][470]LightingResults: New page: Lighting Build
[2015.07.11-09.55.03:666][470]LogParticles: Destroying 0 GPU particle simulations for FXSystem 0x000000C5AE806B60
[2015.07.11-09.55.03:835][470]LogAIModule: Creating AISystem for world Singleplayer
[2015.07.11-09.55.03:894][470]LogEditorServer: Finished looking for orphan Actors (0.000 secs)
[2015.07.11-09.55.03:923][470]Cmd: MAP CHECKDEP NOCLEARLOG
[2015.07.11-09.55.04:043][470]MapCheck:Warning: Warning BP_Ship_C_7 PaperSpriteComponent /Game/Maps/Singleplayer.Singleplayer:PersistentLevel.BP_Ship_C_7.flag1_Sprite : Externally referenced 
[2015.07.11-09.55.04:043][470]MapCheck:Warning: Warning BP_Ship_C_6 PaperSpriteComponent /Game/Maps/Singleplayer.Singleplayer:PersistentLevel.BP_Ship_C_6.flag1_Sprite : Externally referenced 
[2015.07.11-09.55.04:043][470]MapCheck:Warning: Warning BP_Ship_C_5 PaperSpriteComponent /Game/Maps/Singleplayer.Singleplayer:PersistentLevel.BP_Ship_C_5.flag1_Sprite : Externally referenced 
[2015.07.11-09.55.04:043][470]MapCheck:Warning: Warning BP_Ship_C_1 PaperSpriteComponent /Game/Maps/Singleplayer.Singleplayer:PersistentLevel.BP_Ship_C_1.flag1_Sprite : Externally referenced 
[2015.07.11-09.55.04:043][470]MapCheck:Warning: Warning BP_Ship_C_7 PaperFlipbookComponent /Game/Maps/Singleplayer.Singleplayer:PersistentLevel.BP_Ship_C_7.ship1 : Externally referenced 
[2015.07.11-09.55.04:043][470]MapCheck:Warning: Warning BP_Ship_C_6 PaperFlipbookComponent /Game/Maps/Singleplayer.Singleplayer:PersistentLevel.BP_Ship_C_6.ship1 : Externally referenced 
[2015.07.11-09.55.04:043][470]MapCheck:Warning: Warning BP_Ship_C_5 PaperFlipbookComponent /Game/Maps/Singleplayer.Singleplayer:PersistentLevel.BP_Ship_C_5.ship1 : Externally referenced 
[2015.07.11-09.55.04:043][470]MapCheck:Warning: Warning BP_Ship_C_1 PaperFlipbookComponent /Game/Maps/Singleplayer.Singleplayer:PersistentLevel.BP_Ship_C_1.ship1 : Externally referenced 
[2015.07.11-09.55.04:043][470]MapCheck:Warning: Warning BP_Ship_C_7 PaperSpriteComponent /Game/Maps/Singleplayer.Singleplayer:PersistentLevel.BP_Ship_C_7.Collision : Externally referenced 
[2015.07.11-09.55.04:043][470]MapCheck:Warning: Warning BP_Ship_C_6 PaperSpriteComponent /Game/Maps/Singleplayer.Singleplayer:PersistentLevel.BP_Ship_C_6.Collision : Externally referenced 
[2015.07.11-09.55.04:043][470]MapCheck:Warning: Warning BP_Ship_C_5 PaperSpriteComponent /Game/Maps/Singleplayer.Singleplayer:PersistentLevel.BP_Ship_C_5.Collision : Externally referenced 
[2015.07.11-09.55.04:043][470]MapCheck:Warning: Warning BP_Ship_C_1 PaperSpriteComponent /Game/Maps/Singleplayer.Singleplayer:PersistentLevel.BP_Ship_C_1.Collision : Externally referenced 
[2015.07.11-09.55.04:043][470]MapCheck:Warning: Warning water_deep_Sprite2 PaperSpriteComponent /Game/Maps/Singleplayer.Singleplayer:PersistentLevel.water_deep_Sprite2.RenderComponent : Externally referenced 
[2015.07.11-09.55.04:043][470]MapCheck:Warning: Warning water_2 PaperFlipbookComponent /Game/Maps/Singleplayer.Singleplayer:PersistentLevel.water_2.RenderComponent : Externally referenced 
[2015.07.11-09.55.04:043][470]MapCheck:Warning: Warning water_2 PaperFlipbookComponent /Game/Maps/Singleplayer.Singleplayer:PersistentLevel.water_2.RenderComponent : Externally referenced 
[2015.07.11-09.55.04:043][470]MapCheck:Warning: Warning water_deep_Sprite2 PaperSpriteComponent /Game/Maps/Singleplayer.Singleplayer:PersistentLevel.water_deep_Sprite2.RenderComponent : Externally referenced 
[2015.07.11-09.55.04:043][470]MapCheck:Warning: Warning BP_Banana_C_1 PaperSpriteComponent /Game/Maps/Singleplayer.Singleplayer:PersistentLevel.BP_Banana_C_1.banana_Sprite : Externally referenced 
[2015.07.11-09.55.04:043][470]MapCheck: Info Map check complete: 0 Error(s), 17 Warning(s), took 120.153ms to complete.
[2015.07.11-09.55.04:085][470]LogFileHelpers: Loading map 'Singleplayer' took 0.462
[2015.07.11-09.55.06:881][618]BlueprintLog: New page: Pre-PIE auto-recompile
[2015.07.11-09.55.06:896][618]LogPlayLevel: [PIE] Compiling Singleplayer before PIE...
[2015.07.11-09.55.07:006][618]LogPlayLevel: PIE:  Blueprint regeneration took 123 ms (1 blueprints)
[2015.07.11-09.55.07:006][618]PIE: New page: PIE session: Singleplayer (Jul 11, 2015, 1:55:07 PM)
[2015.07.11-09.55.07:006][618]LogPlayLevel: Creating play world package: /Game/Maps/UEDPIE_0_Singleplayer
[2015.07.11-09.55.07:013][618]LogPlayLevel: PIE: StaticDuplicateObject took: (0.007015s)
[2015.07.11-09.55.07:014][618]LogAIModule: Creating AISystem for world Singleplayer
[2015.07.11-09.55.07:014][618]LogPlayLevel: PIE: World Init took: (0.000911s)
[2015.07.11-09.55.07:014][618]LogPlayLevel: PIE: Created PIE world by copying editor world from /Game/Maps/Singleplayer.Singleplayer to /Game/Maps/UEDPIE_0_Singleplayer.Singleplayer (0.008138s)
[2015.07.11-09.55.07:046][618]LogInit: XAudio2 using 'Lautsprecher (Realtek High Definition Audio)' : 2 channels at 48 kHz using 32 bits per sample (channel mask 0x3)
[2015.07.11-09.55.07:054][618]LogInit: FAudioDevice initialized.
[2015.07.11-09.55.07:089][618]LogWorld: Game class is 'BP_Gamemode_C'
[2015.07.11-09.55.07:095][618]LogWorld: Bringing World /Game/Maps/UEDPIE_0_Singleplayer.Singleplayer up for play (max tick rate 60) at 2015.07.11-11.55.07
[2015.07.11-09.55.07:095][618]LogActor:Warning: GameSession /Game/Maps/UEDPIE_0_Singleplayer.Singleplayer:PersistentLevel.GameSession_1 has natively added scene component(s), but none of them were set as the actor's RootComponent - picking one arbitrarily
[2015.07.11-09.55.07:096][618]LogActor:Warning: GameNetworkManager /Game/Maps/UEDPIE_0_Singleplayer.Singleplayer:PersistentLevel.GameNetworkManager_1 has natively added scene component(s), but none of them were set as the actor's RootComponent - picking one arbitrarily
[2015.07.11-09.55.07:098][618]LogWorld: Bringing up level for play took: 0.006282
[2015.07.11-09.55.07:115][618]PIE: Info Play in editor start time for /Game/Maps/UEDPIE_0_Singleplayer 0.204
[2015.07.11-09.55.27:824][844]LogParticles: Destroying 0 GPU particle simulations for FXSystem 0x000000C5C5CE8FE0
[2015.07.11-09.55.42:737][738]BlueprintLog: New page: Compile BP_Ship
[2015.07.11-09.55.42:875][738]BlueprintEditorCompileResults: Info [0520.10] Compile of BP_Ship successful! [in 138 ms]
[2015.07.11-09.55.43:353][763]Cmd: OBJ SAVEPACKAGE PACKAGE="/Game/Blueprints/BP_Ship" FILE="C:/Users/Martin/Documents/GitHub/Kraken/Unreal/Content/Blueprints/BP_Ship.uasset" SILENT=true
[2015.07.11-09.55.43:424][763]LogSavePackage: Save=61.189098ms
[2015.07.11-09.55.43:424][763]LogSavePackage: Moving 'C:/Users/Martin/Documents/GitHub/Kraken/Unreal/Saved/BP_Ship89D69A3242F8D1AEE04F029102A525FC.tmp' to 'C:/Users/Martin/Documents/GitHub/Kraken/Unreal/Content/Blueprints/BP_Ship.uasset'
[2015.07.11-09.55.46:564][951]BlueprintLog: New page: Pre-PIE auto-recompile
[2015.07.11-09.55.46:573][951]LogPlayLevel: [PIE] Compiling Singleplayer before PIE...
[2015.07.11-09.55.46:672][951]LogPlayLevel: PIE:  Blueprint regeneration took 107 ms (1 blueprints)
[2015.07.11-09.55.46:672][951]PIE: New page: PIE session: Singleplayer (Jul 11, 2015, 1:55:46 PM)
[2015.07.11-09.55.46:673][951]LogPlayLevel: Creating play world package: /Game/Maps/UEDPIE_0_Singleplayer
[2015.07.11-09.55.46:680][951]LogPlayLevel: PIE: StaticDuplicateObject took: (0.006898s)
[2015.07.11-09.55.46:680][951]LogAIModule: Creating AISystem for world Singleplayer
[2015.07.11-09.55.46:681][951]LogPlayLevel: PIE: World Init took: (0.001097s)
[2015.07.11-09.55.46:681][951]LogPlayLevel: PIE: Created PIE world by copying editor world from /Game/Maps/Singleplayer.Singleplayer to /Game/Maps/UEDPIE_0_Singleplayer.Singleplayer (0.008166s)
[2015.07.11-09.55.46:713][951]LogInit: XAudio2 using 'Lautsprecher (Realtek High Definition Audio)' : 2 channels at 48 kHz using 32 bits per sample (channel mask 0x3)
[2015.07.11-09.55.46:720][951]LogInit: FAudioDevice initialized.
[2015.07.11-09.55.46:751][951]LogWorld: Game class is 'BP_Gamemode_C'
[2015.07.11-09.55.46:758][951]LogWorld: Bringing World /Game/Maps/UEDPIE_0_Singleplayer.Singleplayer up for play (max tick rate 60) at 2015.07.11-11.55.46
[2015.07.11-09.55.46:758][951]LogActor:Warning: GameSession /Game/Maps/UEDPIE_0_Singleplayer.Singleplayer:PersistentLevel.GameSession_2 has natively added scene component(s), but none of them were set as the actor's RootComponent - picking one arbitrarily
[2015.07.11-09.55.46:760][951]LogActor:Warning: GameNetworkManager /Game/Maps/UEDPIE_0_Singleplayer.Singleplayer:PersistentLevel.GameNetworkManager_2 has natively added scene component(s), but none of them were set as the actor's RootComponent - picking one arbitrarily
[2015.07.11-09.55.46:762][951]LogWorld: Bringing up level for play took: 0.007335
[2015.07.11-09.55.46:778][951]PIE: Info Play in editor start time for /Game/Maps/UEDPIE_0_Singleplayer -0.132
[2015.07.11-09.56.07:529][190]LogArray:Warning: Attempted to get an item from array CallFunc_GetAllActorsOfClass_OutActors out of bounds [0/0]!
[2015.07.11-09.56.11:494][419]LogParticles: Destroying 0 GPU particle simulations for FXSystem 0x000000C5AECFA8E0
[2015.07.11-09.56.13:138][514]Cmd: OBJ SAVEPACKAGE PACKAGE="/Game/Blueprints/BP_Ship" FILE="C:/Users/Martin/Documents/GitHub/Kraken/Unreal/Content/Blueprints/BP_Ship.uasset" SILENT=true
[2015.07.11-09.56.13:216][514]LogSavePackage: Save=64.876221ms
[2015.07.11-09.56.13:216][514]LogSavePackage: Moving 'C:/Users/Martin/Documents/GitHub/Kraken/Unreal/Saved/BP_Ship046BC2374ADC122F0FF128A1507F34AC.tmp' to 'C:/Users/Martin/Documents/GitHub/Kraken/Unreal/Content/Blueprints/BP_Ship.uasset'
[2015.07.11-09.56.19:538][891]Cmd: OBJ SAVEPACKAGE PACKAGE="/Game/Maps/Singleplayer" FILE="C:/Users/Martin/Documents/GitHub/Kraken/Unreal/Content/Maps/Singleplayer.umap" SILENT=true AUTOSAVING=false KEEPDIRTY=false
[2015.07.11-09.56.23:678][891]LogSavePackage: Save=115.989273ms
[2015.07.11-09.56.23:678][891]LogSavePackage: Moving 'C:/Users/Martin/Documents/GitHub/Kraken/Unreal/Saved/SingleplayerA454BBA74D910DA646459B88F9CCAE55.tmp' to 'C:/Users/Martin/Documents/GitHub/Kraken/Unreal/Content/Maps/Singleplayer.umap'
[2015.07.11-09.57.08:879][658]LogFactory: FactoryCreateBinary: Texture with TextureFactory (0 0 C:/Users/Martin/Documents/GitHub/Kraken/Unreal/Content/speechbubble.png)
[2015.07.11-09.57.08:881][658]LogTexture:Display: Building textures: speechbubble (AutoDXT)
[2015.07.11-09.57.08:902][658]LogFactory: FactoryCreateBinary: Texture with TextureFactory (0 0 C:/Users/Martin/Documents/GitHub/Kraken/Unreal/Content/riff.png)
[2015.07.11-09.57.08:912][658]LogTexture:Display: Building textures: riff (AutoDXT)
[2015.07.11-09.57.09:023][658]LogFactory: FactoryCreateBinary: Texture with TextureFactory (0 0 C:/Users/Martin/Documents/GitHub/Kraken/Unreal/Content/fire3.png)
[2015.07.11-09.57.09:024][658]LogTexture:Display: Building textures: fire3 (AutoDXT)
[2015.07.11-09.57.09:039][658]LogFactory: FactoryCreateBinary: Texture with TextureFactory (0 0 C:/Users/Martin/Documents/GitHub/Kraken/Unreal/Content/fire4.png)
[2015.07.11-09.57.09:039][658]LogTexture:Display: Building textures: fire4 (AutoDXT)
[2015.07.11-09.57.09:053][658]LogFactory: FactoryCreateBinary: Texture with TextureFactory (0 0 C:/Users/Martin/Documents/GitHub/Kraken/Unreal/Content/fire2.png)
[2015.07.11-09.57.09:056][658]LogTexture:Display: Building textures: fire2 (AutoDXT)
[2015.07.11-09.57.09:069][658]LogFactory: FactoryCreateBinary: Texture with TextureFactory (0 0 C:/Users/Martin/Documents/GitHub/Kraken/Unreal/Content/fire1.png)
[2015.07.11-09.57.09:071][658]LogTexture:Display: Building textures: fire1 (AutoDXT)
[2015.07.11-09.57.18:632][176]LogTexture:Display: Building textures: fire1 (BGRA8)
[2015.07.11-09.57.18:634][176]LogTexture:Display: Building textures: fire2 (BGRA8)
[2015.07.11-09.57.18:636][176]LogTexture:Display: Building textures: fire3 (BGRA8)
[2015.07.11-09.57.18:639][176]LogTexture:Display: Building textures: fire4 (BGRA8)
[2015.07.11-09.57.18:651][176]LogTexture:Display: Building textures: gameover_menu (BGRA8)
[2015.07.11-09.57.18:741][176]LogTexture:Display: Building textures: riff (BGRA8)
[2015.07.11-09.57.18:785][176]LogTexture:Display: Building textures: speechbubble (BGRA8)
[2015.07.11-09.57.36:634][104]Cmd: OBJ SAVEPACKAGE PACKAGE="/Game/UI/button1" FILE="C:/Users/Martin/Documents/GitHub/Kraken/Unreal/Content/UI/button1.uasset" SILENT=true
[2015.07.11-09.57.36:650][104]LogSavePackage: Save=2.384865ms
[2015.07.11-09.57.36:650][104]LogSavePackage: Moving 'C:/Users/Martin/Documents/GitHub/Kraken/Unreal/Saved/button1FE62348A4AF2F9953242A9981B0F8A01.tmp' to 'C:/Users/Martin/Documents/GitHub/Kraken/Unreal/Content/UI/button1.uasset'
[2015.07.11-09.57.36:663][104]Cmd: OBJ SAVEPACKAGE PACKAGE="/Game/UI/button2" FILE="C:/Users/Martin/Documents/GitHub/Kraken/Unreal/Content/UI/button2.uasset" SILENT=true
[2015.07.11-09.57.36:674][104]LogSavePackage: Save=3.174346ms
[2015.07.11-09.57.36:674][104]LogSavePackage: Moving 'C:/Users/Martin/Documents/GitHub/Kraken/Unreal/Saved/button2C77805104C98E7E3EC6A80BCC24F8285.tmp' to 'C:/Users/Martin/Documents/GitHub/Kraken/Unreal/Content/UI/button2.uasset'
[2015.07.11-09.57.36:685][104]Cmd: OBJ SAVEPACKAGE PACKAGE="/Game/UI/button3" FILE="C:/Users/Martin/Documents/GitHub/Kraken/Unreal/Content/UI/button3.uasset" SILENT=true
[2015.07.11-09.57.36:696][104]LogSavePackage: Save=2.494481ms
[2015.07.11-09.57.36:696][104]LogSavePackage: Moving 'C:/Users/Martin/Documents/GitHub/Kraken/Unreal/Saved/button38CD506EB43F7FBFD193FE9B9A2B93211.tmp' to 'C:/Users/Martin/Documents/GitHub/Kraken/Unreal/Content/UI/button3.uasset'
[2015.07.11-09.57.36:716][104]Cmd: OBJ SAVEPACKAGE PACKAGE="/Game/UI/fire" FILE="C:/Users/Martin/Documents/GitHub/Kraken/Unreal/Content/UI/fire.uasset" SILENT=true
[2015.07.11-09.57.36:721][104]LogSavePackage: Save=3.890750ms
[2015.07.11-09.57.36:721][104]LogSavePackage: Moving 'C:/Users/Martin/Documents/GitHub/Kraken/Unreal/Saved/fire7F7007B1479713FEC1447F8375843A34.tmp' to 'C:/Users/Martin/Documents/GitHub/Kraken/Unreal/Content/UI/fire.uasset'
[2015.07.11-09.57.36:731][104]Cmd: OBJ SAVEPACKAGE PACKAGE="/Game/UI/fire1" FILE="C:/Users/Martin/Documents/GitHub/Kraken/Unreal/Content/UI/fire1.uasset" SILENT=true
[2015.07.11-09.57.36:734][104]LogSavePackage: Save=1.922179ms
[2015.07.11-09.57.36:734][104]LogSavePackage: Moving 'C:/Users/Martin/Documents/GitHub/Kraken/Unreal/Saved/fire1403EBA214D5713116585C49BD47CD5E9.tmp' to 'C:/Users/Martin/Documents/GitHub/Kraken/Unreal/Content/UI/fire1.uasset'
[2015.07.11-09.57.36:752][104]Cmd: OBJ SAVEPACKAGE PACKAGE="/Game/UI/fire1_Sprite" FILE="C:/Users/Martin/Documents/GitHub/Kraken/Unreal/Content/UI/fire1_Sprite.uasset" SILENT=true
[2015.07.11-09.57.36:758][104]LogSavePackage: Save=4.379301ms
[2015.07.11-09.57.36:758][104]LogSavePackage: Moving 'C:/Users/Martin/Documents/GitHub/Kraken/Unreal/Saved/fire1_Sprite5289AD3B43B0B3E4B054A0BC9B1761F0.tmp' to 'C:/Users/Martin/Documents/GitHub/Kraken/Unreal/Content/UI/fire1_Sprite.uasset'
[2015.07.11-09.57.36:768][104]Cmd: OBJ SAVEPACKAGE PACKAGE="/Game/UI/fire2" FILE="C:/Users/Martin/Documents/GitHub/Kraken/Unreal/Content/UI/fire2.uasset" SILENT=true
[2015.07.11-09.57.36:771][104]LogSavePackage: Save=2.379939ms
[2015.07.11-09.57.36:771][104]LogSavePackage: Moving 'C:/Users/Martin/Documents/GitHub/Kraken/Unreal/Saved/fire22B07CA2645E8726DA7D1C6BCC2B5464B.tmp' to 'C:/Users/Martin/Documents/GitHub/Kraken/Unreal/Content/UI/fire2.uasset'
[2015.07.11-09.57.36:788][104]Cmd: OBJ SAVEPACKAGE PACKAGE="/Game/UI/fire2_Sprite" FILE="C:/Users/Martin/Documents/GitHub/Kraken/Unreal/Content/UI/fire2_Sprite.uasset" SILENT=true
[2015.07.11-09.57.36:793][104]LogSavePackage: Save=3.969575ms
[2015.07.11-09.57.36:793][104]LogSavePackage: Moving 'C:/Users/Martin/Documents/GitHub/Kraken/Unreal/Saved/fire2_Sprite8695844D48938BC16739F884766E322B.tmp' to 'C:/Users/Martin/Documents/GitHub/Kraken/Unreal/Content/UI/fire2_Sprite.uasset'
[2015.07.11-09.57.36:803][104]Cmd: OBJ SAVEPACKAGE PACKAGE="/Game/UI/fire3" FILE="C:/Users/Martin/Documents/GitHub/Kraken/Unreal/Content/UI/fire3.uasset" SILENT=true
[2015.07.11-09.57.36:806][104]LogSavePackage: Save=1.822416ms
[2015.07.11-09.57.36:806][104]LogSavePackage: Moving 'C:/Users/Martin/Documents/GitHub/Kraken/Unreal/Saved/fire3C696574D4DC98C345C6C13894403813A.tmp' to 'C:/Users/Martin/Documents/GitHub/Kraken/Unreal/Content/UI/fire3.uasset'
[2015.07.11-09.57.36:823][104]Cmd: OBJ SAVEPACKAGE PACKAGE="/Game/UI/fire3_Sprite" FILE="C:/Users/Martin/Documents/GitHub/Kraken/Unreal/Content/UI/fire3_Sprite.uasset" SILENT=true
[2015.07.11-09.57.36:828][104]LogSavePackage: Save=3.944532ms
[2015.07.11-09.57.36:828][104]LogSavePackage: Moving 'C:/Users/Martin/Documents/GitHub/Kraken/Unreal/Saved/fire3_Sprite520740B24ED712573CC78585A2874458.tmp' to 'C:/Users/Martin/Documents/GitHub/Kraken/Unreal/Content/UI/fire3_Sprite.uasset'
[2015.07.11-09.57.36:838][104]Cmd: OBJ SAVEPACKAGE PACKAGE="/Game/UI/fire4" FILE="C:/Users/Martin/Documents/GitHub/Kraken/Unreal/Content/UI/fire4.uasset" SILENT=true
[2015.07.11-09.57.36:841][104]LogSavePackage: Save=1.960360ms
[2015.07.11-09.57.36:841][104]LogSavePackage: Moving 'C:/Users/Martin/Documents/GitHub/Kraken/Unreal/Saved/fire47AA28E5B45CA6B0E30AF85ABB63CF139.tmp' to 'C:/Users/Martin/Documents/GitHub/Kraken/Unreal/Content/UI/fire4.uasset'
[2015.07.11-09.57.36:858][104]Cmd: OBJ SAVEPACKAGE PACKAGE="/Game/UI/fire4_Sprite" FILE="C:/Users/Martin/Documents/GitHub/Kraken/Unreal/Content/UI/fire4_Sprite.uasset" SILENT=true
[2015.07.11-09.57.36:864][104]LogSavePackage: Save=3.886645ms
[2015.07.11-09.57.36:864][104]LogSavePackage: Moving 'C:/Users/Martin/Documents/GitHub/Kraken/Unreal/Saved/fire4_Sprite962694DF4A136D088F06179496FF5B17.tmp' to 'C:/Users/Martin/Documents/GitHub/Kraken/Unreal/Content/UI/fire4_Sprite.uasset'
[2015.07.11-09.57.36:879][104]Cmd: OBJ SAVEPACKAGE PACKAGE="/Game/UI/gameover_menu" FILE="C:/Users/Martin/Documents/GitHub/Kraken/Unreal/Content/UI/gameover_menu.uasset" SILENT=true
[2015.07.11-09.57.36:896][104]LogSavePackage: Save=7.115183ms
[2015.07.11-09.57.36:896][104]LogSavePackage: Moving 'C:/Users/Martin/Documents/GitHub/Kraken/Unreal/Saved/gameover_menu7AA49E0F43081AC25C27CE98D873D133.tmp' to 'C:/Users/Martin/Documents/GitHub/Kraken/Unreal/Content/UI/gameover_menu.uasset'
[2015.07.11-09.57.36:915][104]Cmd: OBJ SAVEPACKAGE PACKAGE="/Game/UI/riff" FILE="C:/Users/Martin/Documents/GitHub/Kraken/Unreal/Content/UI/riff.uasset" SILENT=true
[2015.07.11-09.57.36:935][104]LogSavePackage: Save=19.288712ms
[2015.07.11-09.57.36:935][104]LogSavePackage: Moving 'C:/Users/Martin/Documents/GitHub/Kraken/Unreal/Saved/riffE998E4D24D21AAFCB4CF06AE198D0FF2.tmp' to 'C:/Users/Martin/Documents/GitHub/Kraken/Unreal/Content/UI/riff.uasset'
[2015.07.11-09.57.36:948][104]Cmd: OBJ SAVEPACKAGE PACKAGE="/Game/UI/speechbubble" FILE="C:/Users/Martin/Documents/GitHub/Kraken/Unreal/Content/UI/speechbubble.uasset" SILENT=true
[2015.07.11-09.57.36:951][104]LogSavePackage: Save=2.322462ms
[2015.07.11-09.57.36:951][104]LogSavePackage: Moving 'C:/Users/Martin/Documents/GitHub/Kraken/Unreal/Saved/speechbubbleF8B8A48146879970DAE1A5A8DAF8AD6C.tmp' to 'C:/Users/Martin/Documents/GitHub/Kraken/Unreal/Content/UI/speechbubble.uasset'
[2015.07.11-09.57.46:474][594]Cmd: OBJ SAVEPACKAGE PACKAGE="/Game/UI/riff_Sprite" FILE="C:/Users/Martin/Documents/GitHub/Kraken/Unreal/Content/UI/riff_Sprite.uasset" SILENT=true
[2015.07.11-09.57.46:480][594]LogSavePackage: Save=4.203176ms
[2015.07.11-09.57.46:480][594]LogSavePackage: Moving 'C:/Users/Martin/Documents/GitHub/Kraken/Unreal/Saved/riff_Sprite5B5DB49C46D47B872A63AA8056DA9FCD.tmp' to 'C:/Users/Martin/Documents/GitHub/Kraken/Unreal/Content/UI/riff_Sprite.uasset'
[2015.07.11-09.58.41:773][608]Cmd: OBJ SAVEPACKAGE PACKAGE="/Game/Maps/Singleplayer" FILE="C:/Users/Martin/Documents/GitHub/Kraken/Unreal/Content/Maps/Singleplayer.umap" SILENT=true AUTOSAVING=false KEEPDIRTY=false
[2015.07.11-09.58.41:918][608]LogSavePackage: Save=99.959480ms
[2015.07.11-09.58.41:918][608]LogSavePackage: Moving 'C:/Users/Martin/Documents/GitHub/Kraken/Unreal/Saved/SingleplayerDFD74150400CBCEEE36FA3A2675B6193.tmp' to 'C:/Users/Martin/Documents/GitHub/Kraken/Unreal/Content/Maps/Singleplayer.umap'
[2015.07.11-09.58.41:947][608]LogFileHelpers: Saving map 'Singleplayer' took 1.533
[2015.07.11-09.58.42:057][608]LogWindowsTextInputMethodSystem:Display: IME system now deactivated.
[2015.07.11-09.58.42:338][609]Cmd: QUIT_EDITOR
[2015.07.11-09.58.43:271][609]LogExit: Preparing to exit.
[2015.07.11-09.58.43:679][609]LogExit: Editor shut down
[2015.07.11-09.58.43:679][609]LogExit: Transaction tracking system shut down
[2015.07.11-09.58.43:680][609]LogParticles: Destroying 0 GPU particle simulations for FXSystem 0x000000C5D00ED580
[2015.07.11-09.58.43:682][609]LogParticles: Destroying 0 GPU particle simulations for FXSystem 0x000000C5CC965A80
[2015.07.11-09.58.43:684][609]LogParticles: Destroying 0 GPU particle simulations for FXSystem 0x000000C5EA60F880
[2015.07.11-09.58.43:686][609]LogParticles: Destroying 0 GPU particle simulations for FXSystem 0x000000C5EABE18A0
[2015.07.11-09.58.43:686][609]LogParticles: Destroying 0 GPU particle simulations for FXSystem 0x000000C5D00EE020
[2015.07.11-09.58.43:836][609]LogExit: Object subsystem successfully closed.
[2015.07.11-09.58.43:909][609]LogModuleManager: Shutting down and abandoning module SoundCueEditor (189)
[2015.07.11-09.58.43:909][609]LogModuleManager: Shutting down and abandoning module CrashTracker (188)
[2015.07.11-09.58.43:909][609]LogModuleManager: Shutting down and abandoning module SceneOutliner (187)
[2015.07.11-09.58.43:909][609]LogModuleManager: Shutting down and abandoning module SuperSearch (186)
[2015.07.11-09.58.43:909][609]LogModuleManager: Shutting down and abandoning module WidgetCarousel (185)
[2015.07.11-09.58.43:909][609]LogModuleManager: Shutting down and abandoning module AddContentDialog (184)
[2015.07.11-09.58.43:909][609]LogModuleManager: Shutting down and abandoning module EditorWidgets (183)
[2015.07.11-09.58.43:909][609]LogModuleManager: Shutting down and abandoning module CollectionManager (182)
[2015.07.11-09.58.43:909][609]LogModuleManager: Shutting down and abandoning module StatsViewer (181)
[2015.07.11-09.58.43:909][609]LogModuleManager: Shutting down and abandoning module FoliageEdit (180)
[2015.07.11-09.58.43:909][609]LogModuleManager: Shutting down and abandoning module LandscapeEditor (179)
[2015.07.11-09.58.43:909][609]LogModuleManager: Shutting down and abandoning module ActorPickerMode (178)
[2015.07.11-09.58.43:909][609]LogModuleManager: Shutting down and abandoning module GeometryMode (177)
[2015.07.11-09.58.43:909][609]LogModuleManager: Shutting down and abandoning module TextureAlignMode (176)
[2015.07.11-09.58.43:909][609]LogModuleManager: Shutting down and abandoning module BspMode (175)
[2015.07.11-09.58.43:909][609]LogModuleManager: Shutting down and abandoning module PlacementMode (174)
[2015.07.11-09.58.43:910][609]LogModuleManager: Shutting down and abandoning module AutomationWorker (173)
[2015.07.11-09.58.43:910][609]LogModuleManager: Shutting down and abandoning module CharacterAI (172)
[2015.07.11-09.58.43:910][609]LogModuleManager: Shutting down and abandoning module SmartSnapping (171)
[2015.07.11-09.58.43:910][609]LogModuleManager: Shutting down and abandoning module ViewportSnapping (170)
[2015.07.11-09.58.43:910][609]LogModuleManager: Shutting down and abandoning module LogVisualizer (169)
[2015.07.11-09.58.43:910][609]LogModuleManager: Shutting down and abandoning module GameProjectGeneration (168)
[2015.07.11-09.58.43:910][609]LogModuleManager: Shutting down and abandoning module IntroTutorials (167)
[2015.07.11-09.58.43:910][609]LogModuleManager: Shutting down and abandoning module EditorLiveStreaming (166)
[2015.07.11-09.58.43:910][609]LogModuleManager: Shutting down and abandoning module IOSPlatformEditor (165)
[2015.07.11-09.58.43:910][609]LogModuleManager: Shutting down and abandoning module HTML5PlatformEditor (164)
[2015.07.11-09.58.43:910][609]LogModuleManager: Shutting down and abandoning module AndroidDeviceDetection (163)
[2015.07.11-09.58.44:665][609]LogModuleManager: Shutting down and abandoning module AndroidPlatformEditor (162)
[2015.07.11-09.58.44:665][609]LogModuleManager: Shutting down and abandoning module IOSRuntimeSettings (161)
[2015.07.11-09.58.44:665][609]LogModuleManager: Shutting down and abandoning module AndroidRuntimeSettings (160)
[2015.07.11-09.58.44:665][609]LogModuleManager: Shutting down and abandoning module MergeActors (159)
[2015.07.11-09.58.44:665][609]LogModuleManager: Shutting down and abandoning module SizeMap (158)
[2015.07.11-09.58.44:665][609]LogModuleManager: Shutting down and abandoning module TreeMap (157)
[2015.07.11-09.58.44:665][609]LogModuleManager: Shutting down and abandoning module ReferenceViewer (156)
[2015.07.11-09.58.44:665][609]LogModuleManager: Shutting down and abandoning module LocalizationDashboard (155)
[2015.07.11-09.58.44:665][609]LogModuleManager: Shutting down and abandoning module HardwareTargeting (154)
[2015.07.11-09.58.44:665][609]LogModuleManager: Shutting down and abandoning module DeviceProfileEditor (153)
[2015.07.11-09.58.44:665][609]LogModuleManager: Shutting down and abandoning module UndoHistory (152)
[2015.07.11-09.58.44:665][609]LogModuleManager: Shutting down and abandoning module GameplayTagsEditor (151)
[2015.07.11-09.58.44:665][609]LogModuleManager: Shutting down and abandoning module UserFeedback (150)
[2015.07.11-09.58.44:665][609]LogModuleManager: Shutting down and abandoning module XmlParser (149)
[2015.07.11-09.58.44:665][609]LogModuleManager: Shutting down and abandoning module Blutility (148)
[2015.07.11-09.58.44:665][609]LogModuleManager: Shutting down and abandoning module ProjectTargetPlatformEditor (147)
[2015.07.11-09.58.44:665][609]LogModuleManager: Shutting down and abandoning module ProjectSettingsViewer (146)
[2015.07.11-09.58.44:665][609]LogModuleManager: Shutting down and abandoning module InputBindingEditor (145)
[2015.07.11-09.58.44:665][609]LogModuleManager: Shutting down and abandoning module EditorSettingsViewer (144)
[2015.07.11-09.58.44:665][609]LogModuleManager: Shutting down and abandoning module SettingsEditor (143)
[2015.07.11-09.58.44:665][609]LogModuleManager: Shutting down and abandoning module ProjectLauncher (142)
[2015.07.11-09.58.44:665][609]LogModuleManager: Shutting down and abandoning module SessionFrontend (141)
[2015.07.11-09.58.44:665][609]LogModuleManager: Shutting down and abandoning module ProfilerClient (140)
[2015.07.11-09.58.44:665][609]LogModuleManager: Shutting down and abandoning module TargetDeviceServices (139)
[2015.07.11-09.58.44:665][609]LogModuleManager: Shutting down and abandoning module DeviceManager (138)
[2015.07.11-09.58.44:665][609]LogModuleManager: Shutting down and abandoning module AutomationController (137)
[2015.07.11-09.58.44:665][609]LogModuleManager: Shutting down and abandoning module AutomationWindow (136)
[2015.07.11-09.58.44:665][609]LogModuleManager: Shutting down and abandoning module Layers (135)
[2015.07.11-09.58.44:665][609]LogModuleManager: Shutting down and abandoning module ComponentVisualizers (134)
[2015.07.11-09.58.44:665][609]LogModuleManager: Shutting down and abandoning module DetailCustomizations (133)
[2015.07.11-09.58.44:665][609]LogModuleManager: Shutting down and abandoning module PackagesDialog (132)
[2015.07.11-09.58.44:666][609]LogModuleManager: Shutting down and abandoning module AssetRegistry (131)
[2015.07.11-09.58.44:799][609]LogModuleManager: Shutting down and abandoning module Persona (130)
[2015.07.11-09.58.44:799][609]LogModuleManager: Shutting down and abandoning module Kismet (129)
[2015.07.11-09.58.44:799][609]LogModuleManager: Shutting down and abandoning module GraphEditor (128)
[2015.07.11-09.58.44:799][609]LogModuleManager: Shutting down and abandoning module ClassViewer (127)
[2015.07.11-09.58.44:799][609]LogModuleManager: Shutting down and abandoning module Toolbox (126)
[2015.07.11-09.58.44:799][609]LogModuleManager: Shutting down and abandoning module ModuleUI (125)
[2015.07.11-09.58.44:799][609]LogModuleManager: Shutting down and abandoning module MovieSceneTools (124)
[2015.07.11-09.58.44:799][609]LogModuleManager: Shutting down and abandoning module OutputLog (123)
[2015.07.11-09.58.44:799][609]LogModuleManager: Shutting down and abandoning module GammaUI (122)
[2015.07.11-09.58.44:799][609]LogModuleManager: Shutting down and abandoning module Documentation (121)
[2015.07.11-09.58.44:799][609]LogModuleManager: Shutting down and abandoning module GameLiveStreaming (120)
[2015.07.11-09.58.44:799][609]LogModuleManager: Shutting down and abandoning module StreamingPauseRendering (119)
[2015.07.11-09.58.44:799][609]LogModuleManager: Shutting down and abandoning module AnalyticsET (118)
[2015.07.11-09.58.44:799][609]LogModuleManager: Shutting down and abandoning module Analytics (117)
[2015.07.11-09.58.44:799][609]LogModuleManager: Shutting down and abandoning module AITestSuite (116)
[2015.07.11-09.58.44:799][609]LogModuleManager: Shutting down and abandoning module GameplayDebugger (115)
[2015.07.11-09.58.44:799][609]LogModuleManager: Shutting down and abandoning module AIModule (114)
[2015.07.11-09.58.44:799][609]LogModuleManager: Shutting down and abandoning module ProfilerService (113)
[2015.07.11-09.58.44:862][609]LogModuleManager: Shutting down and abandoning module TaskGraph (112)
[2015.07.11-09.58.44:862][609]LogModuleManager: Shutting down and abandoning module SlateRemote (111)
[2015.07.11-09.58.44:862][609]LogModuleManager: Shutting down and abandoning module SteamVRController (110)
[2015.07.11-09.58.44:862][609]LogModuleManager: Shutting down and abandoning module SteamVR (109)
[2015.07.11-09.58.44:862][609]LogModuleManager: Shutting down and abandoning module ProceduralMeshComponent (108)
[2015.07.11-09.58.44:862][609]LogModuleManager: Shutting down and abandoning module OculusRift (107)
[2015.07.11-09.58.44:862][609]LogModuleManager: Shutting down and abandoning module LeapMotionController (106)
[2015.07.11-09.58.44:878][609]LogModuleManager: Shutting down and abandoning module CustomMeshComponent (105)
[2015.07.11-09.58.44:878][609]LogModuleManager: Shutting down and abandoning module CableComponent (104)
[2015.07.11-09.58.44:878][609]LogModuleManager: Shutting down and abandoning module MessagingDebugger (103)
[2015.07.11-09.58.44:878][609]LogModuleManager: Shutting down and abandoning module MediaPlayerEditor (102)
[2015.07.11-09.58.44:878][609]LogModuleManager: Shutting down and abandoning module SpeedTreeImporter (101)
[2015.07.11-09.58.44:878][609]LogModuleManager: Shutting down and abandoning module PluginBrowser (100)
[2015.07.11-09.58.44:878][609]LogModuleManager: Shutting down and abandoning module EpicSurvey (99)
[2015.07.11-09.58.44:878][609]LogModuleManager: Shutting down and abandoning module DesktopPlatform (98)
[2015.07.11-09.58.44:878][609]LogModuleManager: Shutting down and abandoning module VisualStudioSourceCodeAccess (97)
[2015.07.11-09.58.44:878][609]LogModuleManager: Shutting down and abandoning module UObjectPlugin (96)
[2015.07.11-09.58.44:878][609]LogModuleManager: Shutting down and abandoning module SubversionSourceControl (95)
[2015.07.11-09.58.44:878][609]LogModuleManager: Shutting down and abandoning module PerforceSourceControl (94)
[2015.07.11-09.58.44:878][609]LogModuleManager: Shutting down and abandoning module SourceControl (93)
[2015.07.11-09.58.44:878][609]LogModuleManager: Shutting down and abandoning module GitSourceControl (92)
[2015.07.11-09.58.44:878][609]LogModuleManager: Shutting down and abandoning module BlankPlugin (91)
[2015.07.11-09.58.44:878][609]LogModuleManager: Shutting down and abandoning module PaperTiledImporter (90)
[2015.07.11-09.58.44:878][609]LogModuleManager: Shutting down and abandoning module PaperSpriteSheetImporter (89)
[2015.07.11-09.58.44:878][609]LogModuleManager: Shutting down and abandoning module MeshPaint (88)
[2015.07.11-09.58.44:878][609]LogModuleManager: Shutting down and abandoning module SlateReflector (87)
[2015.07.11-09.58.44:878][609]LogModuleManager: Shutting down and abandoning module DirectoryWatcher (86)
[2015.07.11-09.58.44:879][609]LogModuleManager: Shutting down and abandoning module HotReload (85)
[2015.07.11-09.58.44:879][609]LogModuleManager: Shutting down and abandoning module MainFrame (84)
[2015.07.11-09.58.44:879][609]LogModuleManager: Shutting down and abandoning module LevelEditor (83)
[2015.07.11-09.58.44:880][609]LogModuleManager: Shutting down and abandoning module ContentBrowser (82)
[2015.07.11-09.58.44:880][609]LogModuleManager: Shutting down and abandoning module Paper2DEditor (81)
[2015.07.11-09.58.44:880][609]LogModuleManager: Shutting down and abandoning module UdpMessaging (80)
[2015.07.11-09.58.44:981][609]LogModuleManager: Shutting down and abandoning module Paper2D (79)
[2015.07.11-09.58.44:981][609]LogModuleManager: Shutting down and abandoning module WindowsMoviePlayer (78)
[2015.07.11-09.58.44:983][609]LogModuleManager: Shutting down and abandoning module Media (77)
[2015.07.11-09.58.44:983][609]LogModuleManager: Shutting down and abandoning module WmfMedia (76)
[2015.07.11-09.58.44:984][609]LogModuleManager: Shutting down and abandoning module OnlineBlueprintSupport (75)
[2015.07.11-09.58.44:984][609]LogModuleManager: Shutting down and abandoning module PropertyEditor (74)
[2015.07.11-09.58.44:984][609]LogModuleManager: Shutting down and abandoning module BehaviorTreeEditor (73)
[2015.07.11-09.58.44:984][609]LogModuleManager: Shutting down and abandoning module FunctionalTesting (72)
[2015.07.11-09.58.44:984][609]LogModuleManager: Shutting down and abandoning module CollisionAnalyzer (71)
[2015.07.11-09.58.44:984][609]LogModuleManager: Shutting down and abandoning module WorkspaceMenuStructure (70)
[2015.07.11-09.58.44:984][609]LogModuleManager: Shutting down and abandoning module MessageLog (69)
[2015.07.11-09.58.44:984][609]LogModuleManager: Shutting down and abandoning module Sequencer (68)
[2015.07.11-09.58.44:984][609]LogModuleManager: Shutting down and abandoning module AssetTools (67)
[2015.07.11-09.58.44:984][609]LogModuleManager: Shutting down and abandoning module UMGEditor (66)
[2015.07.11-09.58.44:984][609]LogModuleManager: Shutting down and abandoning module UMG (65)
[2015.07.11-09.58.44:984][609]LogModuleManager: Shutting down and abandoning module Slate (64)
[2015.07.11-09.58.44:984][609]LogModuleManager: Shutting down and abandoning module EditorStyle (63)
[2015.07.11-09.58.44:986][609]LogModuleManager: Shutting down and abandoning module SessionServices (62)
[2015.07.11-09.58.44:986][609]LogModuleManager: Shutting down and abandoning module SourceCodeAccess (61)
[2015.07.11-09.58.44:986][609]LogModuleManager: Shutting down and abandoning module HeadMountedDisplay (60)
[2015.07.11-09.58.44:986][609]LogModuleManager: Shutting down and abandoning module XAudio2 (59)
[2015.07.11-09.58.44:986][609]LogModuleManager: Shutting down and abandoning module Networking (57)
[2015.07.11-09.58.44:986][609]LogModuleManager: Shutting down and abandoning module Core (56)
[2015.07.11-09.58.44:986][609]LogModuleManager: Shutting down and abandoning module KismetCompiler (55)
[2015.07.11-09.58.44:986][609]LogModuleManager: Shutting down and abandoning module PhysXFormats (54)
[2015.07.11-09.58.44:986][609]LogModuleManager: Shutting down and abandoning module MeshUtilities (53)
[2015.07.11-09.58.44:986][609]LogModuleManager: Shutting down and abandoning module DerivedDataCache (52)
[2015.07.11-09.58.45:064][609]LogDerivedDataCache: Shutdown
[2015.07.11-09.58.45:064][609]LogModuleManager: Shutting down and abandoning module ShaderFormatOpenGL (51)
[2015.07.11-09.58.45:064][609]LogModuleManager: Shutting down and abandoning module ShaderFormatD3D (50)
[2015.07.11-09.58.45:064][609]LogModuleManager: Shutting down and abandoning module MetalShaderFormat (49)
[2015.07.11-09.58.45:064][609]LogModuleManager: Shutting down and abandoning module TextureFormatUncompressed (48)
[2015.07.11-09.58.45:064][609]LogModuleManager: Shutting down and abandoning module TextureFormatPVR (47)
[2015.07.11-09.58.45:064][609]LogModuleManager: Shutting down and abandoning module TextureFormatIntelISPCTexComp (46)
[2015.07.11-09.58.45:064][609]LogModuleManager: Shutting down and abandoning module TextureFormatDXT (45)
[2015.07.11-09.58.45:064][609]LogModuleManager: Shutting down and abandoning module ImageWrapper (44)
[2015.07.11-09.58.45:064][609]LogModuleManager: Shutting down and abandoning module TextureFormatASTC (43)
[2015.07.11-09.58.45:064][609]LogModuleManager: Shutting down and abandoning module TextureFormatAndroid (42)
[2015.07.11-09.58.45:064][609]LogModuleManager: Shutting down and abandoning module AudioFormatOpus (41)
[2015.07.11-09.58.45:064][609]LogModuleManager: Shutting down and abandoning module AudioFormatOgg (40)
[2015.07.11-09.58.45:064][609]LogModuleManager: Shutting down and abandoning module AudioFormatADPCM (39)
[2015.07.11-09.58.45:064][609]LogModuleManager: Shutting down and abandoning module LinuxTargetPlatform (38)
[2015.07.11-09.58.45:064][609]LogModuleManager: Shutting down and abandoning module LinuxServerTargetPlatform (37)
[2015.07.11-09.58.45:064][609]LogModuleManager: Shutting down and abandoning module LinuxNoEditorTargetPlatform (36)
[2015.07.11-09.58.45:064][609]LogModuleManager: Shutting down and abandoning module Messaging (35)
[2015.07.11-09.58.45:064][609]LogModuleManager: Shutting down and abandoning module IOSTargetPlatform (34)
[2015.07.11-09.58.45:064][609]LogModuleManager: Shutting down and abandoning module HTML5TargetPlatform (33)
[2015.07.11-09.58.45:064][609]LogModuleManager: Shutting down and abandoning module Android_PVRTCTargetPlatform (32)
[2015.07.11-09.58.45:064][609]LogModuleManager: Shutting down and abandoning module Android_ETC2TargetPlatform (31)
[2015.07.11-09.58.45:064][609]LogModuleManager: Shutting down and abandoning module Android_ETC1TargetPlatform (30)
[2015.07.11-09.58.45:064][609]LogModuleManager: Shutting down and abandoning module Android_DXTTargetPlatform (29)
[2015.07.11-09.58.45:064][609]LogModuleManager: Shutting down and abandoning module Android_ATCTargetPlatform (28)
[2015.07.11-09.58.45:064][609]LogModuleManager: Shutting down and abandoning module Android_ASTCTargetPlatform (27)
[2015.07.11-09.58.45:064][609]LogModuleManager: Shutting down and abandoning module AndroidTargetPlatform (26)
[2015.07.11-09.58.45:064][609]LogModuleManager: Shutting down and abandoning module WindowsTargetPlatform (25)
[2015.07.11-09.58.45:064][609]LogModuleManager: Shutting down and abandoning module WindowsServerTargetPlatform (24)
[2015.07.11-09.58.45:064][609]LogModuleManager: Shutting down and abandoning module WindowsNoEditorTargetPlatform (23)
[2015.07.11-09.58.45:064][609]LogModuleManager: Shutting down and abandoning module WindowsClientTargetPlatform (22)
[2015.07.11-09.58.45:064][609]LogModuleManager: Shutting down and abandoning module DesktopTargetPlatform (21)
[2015.07.11-09.58.45:064][609]LogModuleManager: Shutting down and abandoning module TargetPlatform (20)
[2015.07.11-09.58.45:064][609]LogModuleManager: Shutting down and abandoning module InputCore (19)
[2015.07.11-09.58.45:064][609]LogModuleManager: Shutting down and abandoning module Settings (18)
[2015.07.11-09.58.45:064][609]LogModuleManager: Shutting down and abandoning module OnlineSubsystem (16)
[2015.07.11-09.58.45:064][609]LogModuleManager: Shutting down and abandoning module HTTP (15)
[2015.07.11-09.58.45:065][609]LogModuleManager: Shutting down and abandoning module ExampleDeviceProfileSelector (14)
[2015.07.11-09.58.45:065][609]LogModuleManager: Shutting down and abandoning module TextureCompressor (13)
[2015.07.11-09.58.45:065][609]LogModuleManager: Shutting down and abandoning module ShaderCore (12)
[2015.07.11-09.58.45:065][609]LogModuleManager: Shutting down and abandoning module Landscape (11)
[2015.07.11-09.58.45:065][609]LogModuleManager: Shutting down and abandoning module SlateRHIRenderer (10)
[2015.07.11-09.58.45:067][609]LogModuleManager: Shutting down and abandoning module OpenGLDrv (9)
[2015.07.11-09.58.45:067][609]LogModuleManager: Shutting down and abandoning module D3D11RHI (8)
[2015.07.11-09.58.45:067][609]LogModuleManager: Shutting down and abandoning module Renderer (7)
[2015.07.11-09.58.45:067][609]LogModuleManager: Shutting down and abandoning module Engine (6)
[2015.07.11-09.58.45:067][609]LogModuleManager: Shutting down and abandoning module CoreUObject (5)
[2015.07.11-09.58.45:067][609]LogModuleManager: Shutting down and abandoning module NetworkFile (4)
[2015.07.11-09.58.45:068][609]LogModuleManager: Shutting down and abandoning module StreamingFile (3)
[2015.07.11-09.58.45:068][609]LogModuleManager: Shutting down and abandoning module SandboxFile (2)
[2015.07.11-09.58.45:068][609]LogModuleManager: Shutting down and abandoning module PakFile (1)
[2015.07.11-09.58.45:068][609]LogExit: Exiting.
[2015.07.11-09.58.45:078][609]Log file closed, 07/11/15 11:58:45
