[2015.07.10-16.54.49:573][  0]Log file open, 07/10/15 18:54:49
[2015.07.10-16.54.49:573][  0]LogInit:Display: Running engine for game: Unreal
[2015.07.10-16.54.49:573][  0]LogInit:Display: RandInit(-1347636096) SRandInit(-1347636095).
[2015.07.10-16.54.49:573][  0]LogTaskGraph: Started task graph with 4 named threads and 7 total threads.
[2015.07.10-16.54.49:573][  0]LogStats: Stats thread started
[2015.07.10-16.54.49:573][  0]LogInit: Version: 4.8.1-2591939+++depot+UE4-Releases+4.8
[2015.07.10-16.54.49:573][  0]LogInit: API Version: 2579680
[2015.07.10-16.54.49:573][  0]LogInit: Compiled (64-bit): Jun 18 2015 11:02:04
[2015.07.10-16.54.49:573][  0]LogInit: Compiled with Visual C++: 18.00.21005.01
[2015.07.10-16.54.49:573][  0]LogInit: Build Configuration: Development
[2015.07.10-16.54.49:574][  0]LogInit: Branch Name: ++depot+UE4-Releases+4.8
[2015.07.10-16.54.49:574][  0]LogInit: Command line: 
[2015.07.10-16.54.49:574][  0]LogInit: Base directory: D:/Matthias/unreal/4.8/Engine/Binaries/Win64/
[2015.07.10-16.54.49:574][  0]LogInit: Rocket: 1
[2015.07.10-16.54.49:581][  0]LogInit: Using libcurl 7.41.0
[2015.07.10-16.54.49:581][  0]LogInit:  - built for x86_64-pc-win32
[2015.07.10-16.54.49:581][  0]LogInit:  - supports SSL with WinSSL
[2015.07.10-16.54.49:581][  0]LogInit:  - other features:
[2015.07.10-16.54.49:581][  0]LogInit:      CURL_VERSION_SSL
[2015.07.10-16.54.49:581][  0]LogInit:      CURL_VERSION_IPV6
[2015.07.10-16.54.49:581][  0]LogInit:      CURL_VERSION_ASYNCHDNS
[2015.07.10-16.54.49:581][  0]LogInit:      CURL_VERSION_LARGEFILE
[2015.07.10-16.54.49:581][  0]LogInit:      CURL_VERSION_IDN
[2015.07.10-16.54.49:581][  0]LogInit:  CurlRequestOptions (configurable via config and command line):
[2015.07.10-16.54.49:581][  0]LogInit:  - bVerifyPeer = true  - Libcurl will verify peer certificate
[2015.07.10-16.54.49:581][  0]LogInit:  - bUseHttpProxy = false  - Libcurl will NOT use HTTP proxy
[2015.07.10-16.54.49:581][  0]LogInit:  - bDontReuseConnections = false  - Libcurl will reuse connections
[2015.07.10-16.54.49:581][  0]LogInit:  - CertBundlePath = nullptr  - Libcurl will use whatever was configured at build time.
[2015.07.10-16.54.49:589][  0]LogOnline:Warning: No default platform service specified for OnlineSubsystem
[2015.07.10-16.54.49:597][  0]LogInit: Presizing for 0 objects not considered by GC, pre-allocating 0 bytes.
[2015.07.10-16.54.49:603][  0]LogInit: Object subsystem initialized
[2015.07.10-16.54.49:604][  0]LogConsoleResponse:Warning: Skipping Unknown console variable: 'TranslucentSortAxis = (X=0.000000,Y=-1.000000,Z=0.000000)'
[2015.07.10-16.54.49:604][  0]LogConsoleResponse:Warning:   Found in ini file 'C:/Users/Martin/Documents/GitHub/Kraken/Unreal 4.8/Saved/Config/Windows/Engine.ini', in section '[/Script/Engine.RendererSettings]'
[2015.07.10-16.54.49:604][  0]LogConsoleResponse:Warning: Skipping Unknown console variable: 'UIScaleRule = ShortestSide'
[2015.07.10-16.54.49:604][  0]LogConsoleResponse:Warning:   Found in ini file 'C:/Users/Martin/Documents/GitHub/Kraken/Unreal 4.8/Saved/Config/Windows/Engine.ini', in section '[/Script/Engine.RendererSettings]'
[2015.07.10-16.54.49:604][  0]LogConsoleResponse:Warning: Skipping Unknown console variable: 'UIScaleCurve = (EditorCurveData=(Keys=),ExternalCurve=None)'
[2015.07.10-16.54.49:605][  0]LogConsoleResponse:Warning:   Found in ini file 'C:/Users/Martin/Documents/GitHub/Kraken/Unreal 4.8/Saved/Config/Windows/Engine.ini', in section '[/Script/Engine.RendererSettings]'
[2015.07.10-16.54.49:605][  0]LogInit: Selected Device Profile: [Windows]
[2015.07.10-16.54.49:605][  0]LogInit: Applying CVar settings loaded from the selected device profile: [Windows]
[2015.07.10-16.54.49:611][  0]LogInit: Computer: MARTIN
[2015.07.10-16.54.49:611][  0]LogInit: User: Martin
[2015.07.10-16.54.49:611][  0]LogInit: CPU Page size=4096, Cores=4
[2015.07.10-16.54.49:611][  0]LogInit: High frequency timer resolution =2.435777 MHz
[2015.07.10-16.54.49:611][  0]LogMemory: Memory total: Physical=15.9GB (16GB approx)
[2015.07.10-16.54.49:611][  0]LogMemory: Platform Memory Stats for Windows
[2015.07.10-16.54.49:612][  0]LogMemory: Process Physical Memory: 48.02 MB used, 48.02 MB peak
[2015.07.10-16.54.49:612][  0]LogMemory: Process Virtual Memory: 24.35 MB used, 24.35 MB peak
[2015.07.10-16.54.49:612][  0]LogMemory: Physical Memory: 3624.96 MB used, 16307.27 MB total
[2015.07.10-16.54.49:612][  0]LogMemory: Virtual Memory: 306.75 MB used, 134217728.00 MB total
[2015.07.10-16.54.49:654][  0]LogTextLocalizationManager: The requested culture ('de_AT') has no localization data; falling back to 'en' for localization and internationalization data.
[2015.07.10-16.54.49:865][  0]LogTextLocalizationManager:Warning: Loaded localization resources contain conflicting entries for (Namespace:ContentBrowser, Key:ImportAssetToolTip):
Localization Resource: (D:/Matthias/unreal/4.8/Engine/Content/Localization/Editor/en/Editor.locres) Source String Hash: (-630476809) Localized String: (Import to {0}...)
Localization Resource: (D:/Matthias/unreal/4.8/Engine/Content/Localization/Editor/en/Editor.locres) Source String Hash: (1271782899) Localized String: (Imports an asset from file to this folder.)
[2015.07.10-16.54.50:263][  0]LogD3D11RHI: Found D3D11 adapter 0: NVIDIA GeForce GTX 860M   (Feature Level 11_0)
[2015.07.10-16.54.50:263][  0]LogD3D11RHI: Adapter has 4006MB of dedicated video memory, 0MB of dedicated system memory, and 8153MB of shared system memory, 1 output[s]
[2015.07.10-16.54.50:270][  0]LogD3D11RHI: Found D3D11 adapter 1: Intel(R) HD Graphics 4600 (Feature Level 11_0)
[2015.07.10-16.54.50:270][  0]LogD3D11RHI: Adapter has 0MB of dedicated video memory, 0MB of dedicated system memory, and 1792MB of shared system memory, 0 output[s]
[2015.07.10-16.54.50:271][  0]LogD3D11RHI: Found D3D11 adapter 2: Microsoft Basic Render Driver (Feature Level 11_0)
[2015.07.10-16.54.50:271][  0]LogD3D11RHI: Adapter has 0MB of dedicated video memory, 0MB of dedicated system memory, and 256MB of shared system memory, 0 output[s]
[2015.07.10-16.54.50:271][  0]LogD3D11RHI: Chosen D3D11 Adapter Id = 0
[2015.07.10-16.54.50:276][  0]LogRHI: Texture pool is 1361 MB (70% of 1945 MB)
[2015.07.10-16.54.50:288][  0]LogD3D11RHI: Async texture creation enabled
[2015.07.10-16.54.50:304][  0]LogShaderCompilers:Display: Using Local Shader Compiler.
[2015.07.10-16.54.51:013][  0]LogTemp:Display: Loaded TP DesktopTargetPlatform
[2015.07.10-16.54.51:023][  0]LogTemp:Display: Loaded TP WindowsClientTargetPlatform
[2015.07.10-16.54.51:032][  0]LogTemp:Display: Loaded TP WindowsNoEditorTargetPlatform
[2015.07.10-16.54.51:042][  0]LogTemp:Display: Loaded TP WindowsServerTargetPlatform
[2015.07.10-16.54.51:052][  0]LogTemp:Display: Loaded TP WindowsTargetPlatform
[2015.07.10-16.54.51:060][  0]LogTemp:Display: Loaded TP AndroidTargetPlatform
[2015.07.10-16.54.51:068][  0]LogTemp:Display: Loaded TP Android_ASTCTargetPlatform
[2015.07.10-16.54.51:076][  0]LogTemp:Display: Loaded TP Android_ATCTargetPlatform
[2015.07.10-16.54.51:084][  0]LogTemp:Display: Loaded TP Android_DXTTargetPlatform
[2015.07.10-16.54.51:093][  0]LogTemp:Display: Loaded TP Android_ETC1TargetPlatform
[2015.07.10-16.54.51:101][  0]LogTemp:Display: Loaded TP Android_ETC2TargetPlatform
[2015.07.10-16.54.51:109][  0]LogTemp:Display: Loaded TP Android_PVRTCTargetPlatform
[2015.07.10-16.54.51:143][  0]LogTemp:Display: Loaded TP IOSTargetPlatform
[2015.07.10-16.54.51:151][  0]LogTemp:Display: Loaded TP LinuxNoEditorTargetPlatform
[2015.07.10-16.54.51:159][  0]LogTemp:Display: Loaded TP LinuxServerTargetPlatform
[2015.07.10-16.54.51:169][  0]LogTemp:Display: Loaded TP LinuxTargetPlatform
[2015.07.10-16.54.51:169][  0]LogTargetPlatformManager:Display: Building Assets For Windows
[2015.07.10-16.54.51:323][  0]LogDerivedDataCache:Display: Max Cache Size: 512 MB
[2015.07.10-16.54.51:372][  0]LogDerivedDataCache: Loaded boot cache 0.05s 53MB C:/Users/Martin/AppData/Local/UnrealEngine/4.8/DerivedDataCache/Boot.ddc.
[2015.07.10-16.54.51:372][  0]LogDerivedDataCache:Display: Loaded Boot cache: C:/Users/Martin/AppData/Local/UnrealEngine/4.8/DerivedDataCache/Boot.ddc
[2015.07.10-16.54.51:373][  0]LogDerivedDataCache: FDerivedDataBackendGraph:  Pak pak cache file C:/Users/Martin/Documents/GitHub/Kraken/Unreal 4.8/DerivedDataCache/DDC.ddp not found, will not use a pak cache.
[2015.07.10-16.54.51:373][  0]LogDerivedDataCache: Unable to find inner node Pak for hierarchical cache Hierarchy.
[2015.07.10-16.54.51:373][  0]LogDerivedDataCache: FDerivedDataBackendGraph:  CompressedPak pak cache file C:/Users/Martin/Documents/GitHub/Kraken/Unreal 4.8/DerivedDataCache/Compressed.ddp not found, will not use a pak cache.
[2015.07.10-16.54.51:373][  0]LogDerivedDataCache: Unable to find inner node CompressedPak for hierarchical cache Hierarchy.
[2015.07.10-16.54.51:511][  0]LogDerivedDataCache:Display: Pak cache opened for reading ../../../Engine/DerivedDataCache/Compressed.ddp.
[2015.07.10-16.54.51:523][  0]LogDerivedDataCache: Using Local data cache path C:/Users/Martin/AppData/Local/UnrealEngine/Common/DerivedDataCache: Writable
[2015.07.10-16.54.51:702][  0]LogInit: Selected Device Profile: [Windows]
[2015.07.10-16.54.51:775][  0]ImportText (ComponentSweepMultiTests): Missing closing parenthesis: (RootShapeAsset="/Engine/BasicShapes/Cube.Cube",ShapeType="TriggerCapsule",HitResult=(Time=0.50,Location=(X=-100.000015,Y=0.0,Z=100.000015),ImpactPoint=(X=-50.0,Y=0.0,Z=50.0),Normal=(X=-1.0,Y=-0.0,Z=0.0),ImpactNormal=(X=0.0,Y=0.0,Z=1.0),TraceStart=(X=-200.0,Y=0.0,Z=200.0),TraceEnd=(X=0.0,Y=0.0,Z=0.0))
[2015.07.10-16.54.51:776][  0]ImportText (LineTraceSingleByChannelTests): Missing closing parenthesis: (RootShapeAsset="/Engine/BasicShapes/Cube.Cube",HitResult=(Time=0.50,Location=(X=-100.000015,Y=0.0,Z=100.000015),ImpactPoint=(X=-50.0,Y=0.0,Z=50.0),Normal=(X=-1.0,Y=-0.0,Z=0.0),ImpactNormal=(X=0.0,Y=0.0,Z=1.0),TraceStart=(X=-200.0,Y=0.0,Z=200.0),TraceEnd=(X=0.0,Y=0.0,Z=0.0))
[2015.07.10-16.54.51:794][  0]LogMeshUtilities: No automatic mesh reduction module available
[2015.07.10-16.54.51:794][  0]LogMeshUtilities: No automatic mesh merging module available
[2015.07.10-16.54.52:058][  0]LogInit: WinSock: version 1.1 (2.2), MaxSocks=32767, MaxUdp=65467
[2015.07.10-16.54.52:782][  0]UdpMessaging: Initializing bridge on interface 0.0.0.0:0 to multicast group 230.0.0.1:6666.
[2015.07.10-16.54.53:042][  0]SourceControl: Info Source control is disabled
[2015.07.10-16.54.53:048][  0]SourceControl: Info Source control is disabled
[2015.07.10-16.54.53:054][  0]SourceControl: Info Source control is disabled
[2015.07.10-16.54.53:060][  0]SourceControl: Info Source control is disabled
[2015.07.10-16.54.53:208][  0]LogObj: 26273 objects as part of root set at end of initial load.
[2015.07.10-16.54.53:208][  0]LogUObjectAllocator: 5409248 out of 0 bytes used by permanent object pool.
[2015.07.10-16.54.53:266][  0]LogEngine: Initializing Engine...
[2015.07.10-16.54.53:267][  0]LogHMD: Can't find Oculus library dev build: is proper Runtime installed? Version: 0.6.0.0
[2015.07.10-16.54.53:269][  0]LogHMD:Warning: SteamVR failed to initialize.  Error: 110
[2015.07.10-16.54.53:384][  0]LogAIModule: Creating AISystem for world NewWorld
[2015.07.10-16.54.53:387][  0]LogInit: XAudio2 using 'Lautsprecher (Realtek High Definition Audio)' : 2 channels at 48 kHz using 32 bits per sample (channel mask 0x3)
[2015.07.10-16.54.53:395][  0]LogInit: FAudioDevice initialized.
[2015.07.10-16.54.53:420][  0]LogDerivedDataCache: Saved boot cache 0.03s 53MB C:/Users/Martin/AppData/Local/UnrealEngine/4.8/DerivedDataCache/Boot.ddc.
[2015.07.10-16.54.53:424][  0]LogInit: Texture streaming: Disabled
[2015.07.10-16.54.53:438][  0]LogAnalytics: Creating configured Analytics provider AnalyticsET
[2015.07.10-16.54.53:438][  0]LogAnalytics: [UEEditor.Rocket.Release] APIServer = http://et2.epicgames.com/ET2/. AppVersion = 4.8.1-2591939+++depot+UE4-Releases+4.8
[2015.07.10-16.54.53:438][  0]LogAnalytics: [UEEditor.Rocket.Release] SetUserId 925a908343451c523c48599e71b24289|f43b151de9f74d0d8c305aac1aca527f|332e9ce0-51fb-4932-82e8-f3f1365e625d
[2015.07.10-16.54.53:438][  0]LogAnalytics: [UEEditor.Rocket.Release] AnalyticsET::StartSession
[2015.07.10-16.54.53:458][  0]LogInit: Transaction tracking system initialized
[2015.07.10-16.54.53:533][  0]BlueprintLog: New page: Editor Load
[2015.07.10-16.54.53:559][  0]LogAssetRegistry: FAssetRegistry took 0.0113 seconds to start up
[2015.07.10-16.54.53:559][  0]LogDirectoryWatcher:Warning: Failed to begin reading directory changes for ../../../Engine/Plugins/Experimental/CharacterAI/Content/. Error: 0
[2015.07.10-16.54.53:944][  0]LogConsoleManager:Warning: Console variable 'r.VSync' wasn't set ('GameSetting' has a lower priority than 'SystemSettingsIni')
[2015.07.10-16.54.53:944][  0]LogConsoleResponse:Display: 
[2015.07.10-16.54.54:075][  0]LogCook:Display: Done creating registry. It took  0.00s.
[2015.07.10-16.54.54:185][  0]SourceControl: Info Source control is disabled
[2015.07.10-16.54.54:185][  0]Cmd: MAP LOAD FILE="../../../Engine/Content/Maps/Templates/Template_Default.umap" TEMPLATE=1 SHOWPROGRESS=1 FEATURELEVEL=3
[2015.07.10-16.54.54:185][  0]LightingResults: New page: Lighting Build
[2015.07.10-16.54.54:193][  0]MapCheck: New page: Map Check
[2015.07.10-16.54.54:193][  0]LightingResults: New page: Lighting Build
[2015.07.10-16.54.54:201][  0]LogParticles: Destroying 0 GPU particle simulations for FXSystem 0x00000056541C8F40
[2015.07.10-16.54.54:506][  0]LogAIModule: Creating AISystem for world Untitled_1
[2015.07.10-16.54.54:512][  0]LogEditorServer: Finished looking for orphan Actors (0.000 secs)
[2015.07.10-16.54.54:519][  0]Cmd: MAP CHECKDEP NOCLEARLOG
[2015.07.10-16.54.54:545][  0]MapCheck: Info Map check complete: 0 Error(s), 0 Warning(s), took 26.139ms to complete.
[2015.07.10-16.54.54:545][  0]LogFileHelpers: Loading map 'Template_Default' took 0.360
[2015.07.10-16.54.55:146][  0]LogCollectionManager: Loaded 0 collections in 0.004603 seconds
[2015.07.10-16.54.55:170][  0]LogContentBrowser: Native class hierarchy populated in 0.0235 seconds. Added 1792 classes and 301 folders.
[2015.07.10-16.54.55:463][  0]LogContentBrowser: Native class hierarchy updated for 'WidgetCarousel' in 0.0005 seconds. Added 0 classes and 0 folders.
[2015.07.10-16.54.55:647][  0]LogContentBrowser: Native class hierarchy updated for 'AddContentDialog' in 0.0004 seconds. Added 0 classes and 0 folders.
[2015.07.10-16.54.55:736][  0]LogContentBrowser: Native class hierarchy updated for 'SceneOutliner' in 0.0005 seconds. Added 1 classes and 2 folders.
[2015.07.10-16.54.56:473][  0]LogCrashTracker: Crashtracker disabled due to settings.
[2015.07.10-16.54.56:547][  0]LogUObjectGlobals:Warning: Failed to find object 'Class None.'
[2015.07.10-16.54.56:599][  0]LogLoad: Full Startup: 8.14 seconds (BP compile: 0.09 seconds)
[2015.07.10-16.54.56:849][  0]LogContentStreaming: Texture pool size is 0.000000MB
[2015.07.10-16.54.56:882][  0]LogContentStreaming: Texture pool size now 1000 MB
[2015.07.10-16.54.57:344][  1]LogRenderer: Reallocating scene render targets to support 840x416 (Frame:2).
[2015.07.10-16.54.57:588][  6]LogAssetRegistry: Asset discovery search completed in 4.0400 seconds
[2015.07.10-16.54.58:974][ 50]LogRenderer: Reallocating scene render targets to support 1000x520 (Frame:10).
[2015.07.10-16.55.04:981][351]LogLinker:Warning: CreateExport: Failed to load Outer for resource 'Tentacle': BP_Tentacle_C /Game/Maps/Map.Map:PersistentLevel.BP_Tentacle_C_1
[2015.07.10-16.55.04:983][351]LogUObjectGlobals:Warning: Guid is in use by ArrowComponent /Temp/Untitled_1.Untitled_1:PersistentLevel.LightSource.ArrowComponent0 and ArrowComponent /Game/Maps/Map.Map:PersistentLevel.LightSource.ArrowComponent0, which should never happen in the editor but could happen at runtime with duplicate level loading or PIE
[2015.07.10-16.55.04:983][351]LogUObjectGlobals:Warning: Guid is in use by ArrowComponent /Temp/Untitled_1.Untitled_1:PersistentLevel.PlayerStart.Arrow and ArrowComponent /Game/Maps/Map.Map:PersistentLevel.PlayerStart.Arrow, which should never happen in the editor but could happen at runtime with duplicate level loading or PIE
[2015.07.10-16.55.04:983][351]LogUObjectGlobals:Warning: Guid is in use by BillboardComponent /Temp/Untitled_1.Untitled_1:PersistentLevel.PlayerStart.Sprite and BillboardComponent /Game/Maps/Map.Map:PersistentLevel.PlayerStart.Sprite, which should never happen in the editor but could happen at runtime with duplicate level loading or PIE
[2015.07.10-16.55.04:983][351]LogUObjectGlobals:Warning: Guid is in use by BillboardComponent /Temp/Untitled_1.Untitled_1:PersistentLevel.PlayerStart.Sprite2 and BillboardComponent /Game/Maps/Map.Map:PersistentLevel.PlayerStart.Sprite2, which should never happen in the editor but could happen at runtime with duplicate level loading or PIE
[2015.07.10-16.55.04:983][351]LogUObjectGlobals:Warning: Guid is in use by CapsuleComponent /Temp/Untitled_1.Untitled_1:PersistentLevel.PlayerStart.CollisionCapsule and CapsuleComponent /Game/Maps/Map.Map:PersistentLevel.PlayerStart.CollisionCapsule, which should never happen in the editor but could happen at runtime with duplicate level loading or PIE
[2015.07.10-16.55.04:983][351]LogUObjectGlobals:Warning: Guid is in use by DirectionalLightComponent /Temp/Untitled_1.Untitled_1:PersistentLevel.LightSource.LightComponent0 and DirectionalLightComponent /Game/Maps/Map.Map:PersistentLevel.LightSource.LightComponent0, which should never happen in the editor but could happen at runtime with duplicate level loading or PIE
[2015.07.10-16.55.05:049][351]LogAIModule: Creating AISystem for world Map
[2015.07.10-16.55.05:206][351]Cmd: MAP LOAD FILE="C:/Users/Martin/Documents/GitHub/Kraken/Unreal 4.8/Content/Maps/Map.umap" TEMPLATE=0 SHOWPROGRESS=1 FEATURELEVEL=3
[2015.07.10-16.55.05:206][351]LightingResults: New page: Lighting Build
[2015.07.10-16.55.05:219][351]LoadErrors: New page: Loading map: Map.umap
[2015.07.10-16.55.05:220][351]MapCheck: New page: Map Check
[2015.07.10-16.55.05:220][351]LightingResults: New page: Lighting Build
[2015.07.10-16.55.05:228][351]LogParticles: Destroying 0 GPU particle simulations for FXSystem 0x000000564AD0E020
[2015.07.10-16.55.05:318][351]LogLinker:Warning: CreateExport: Failed to load Outer for resource 'Tentacle': BP_Tentacle_C /Game/Maps/Map.Map:PersistentLevel.BP_Tentacle_C_1
[2015.07.10-16.55.05:320][351]LogAIModule: Creating AISystem for world Map
[2015.07.10-16.55.05:450][351]LogEditorServer: Finished looking for orphan Actors (0.000 secs)
[2015.07.10-16.55.05:470][351]Cmd: MAP CHECKDEP NOCLEARLOG
[2015.07.10-16.55.05:503][351]MapCheck: Info Map check complete: 0 Error(s), 0 Warning(s), took 33.084ms to complete.
[2015.07.10-16.55.05:503][351]LogFileHelpers: Loading map 'Map' took 0.297
[2015.07.10-16.55.05:508][351]LoadErrors:Error: Error Failed import for BlueprintGeneratedClass /Game/Blueprints2/BP_Tentacle.BP_Tentacle_C
[2015.07.10-16.55.05:508][351]LoadErrors:Error: Error Failed import for SkeletalMeshComponent /Game/Blueprints2/BP_Tentacle.BP_Tentacle_C:TentacleEC1DA6D14DB6380725D7C180B486F6B3
[2015.07.10-16.55.07:458][463]LogAIModule: Creating AISystem for world Singleplayer
[2015.07.10-16.55.07:490][463]Cmd: MAP LOAD FILE="C:/Users/Martin/Documents/GitHub/Kraken/Unreal 4.8/Content/Maps/Singleplayer.umap" TEMPLATE=0 SHOWPROGRESS=1 FEATURELEVEL=3
[2015.07.10-16.55.07:490][463]LightingResults: New page: Lighting Build
[2015.07.10-16.55.07:507][463]LoadErrors: New page: Loading map: Singleplayer.umap
[2015.07.10-16.55.07:507][463]MapCheck: New page: Map Check
[2015.07.10-16.55.07:507][463]LightingResults: New page: Lighting Build
[2015.07.10-16.55.07:523][463]LogParticles: Destroying 0 GPU particle simulations for FXSystem 0x000000564AD0D6C0
[2015.07.10-16.55.07:558][463]LogAIModule: Creating AISystem for world Singleplayer
[2015.07.10-16.55.07:595][463]LogEditorServer: Finished looking for orphan Actors (0.000 secs)
[2015.07.10-16.55.07:616][463]Cmd: MAP CHECKDEP NOCLEARLOG
[2015.07.10-16.55.07:647][463]MapCheck: Info Map check complete: 0 Error(s), 0 Warning(s), took 31.218ms to complete.
[2015.07.10-16.55.07:647][463]LogFileHelpers: Loading map 'Singleplayer' took 0.159
[2015.07.10-16.55.08:714][525]LogPlayLevel: PIE:  No blueprints needed recompiling
[2015.07.10-16.55.08:807][525]PIE: New page: PIE session: Singleplayer (Jul 10, 2015, 8:55:08 PM)
[2015.07.10-16.55.08:807][525]LogPlayLevel: Creating play world package: /Game/Maps/UEDPIE_0_Singleplayer
[2015.07.10-16.55.08:808][525]LogPlayLevel: PIE: StaticDuplicateObject took: (0.000692s)
[2015.07.10-16.55.08:808][525]LogAIModule: Creating AISystem for world Singleplayer
[2015.07.10-16.55.08:809][525]LogPlayLevel: PIE: World Init took: (0.001032s)
[2015.07.10-16.55.08:822][525]LogPlayLevel: PIE: Created PIE world by copying editor world from /Game/Maps/Singleplayer.Singleplayer to /Game/Maps/UEDPIE_0_Singleplayer.Singleplayer (0.015092s)
[2015.07.10-16.55.08:839][525]LogInit: XAudio2 using 'Lautsprecher (Realtek High Definition Audio)' : 2 channels at 48 kHz using 32 bits per sample (channel mask 0x3)
[2015.07.10-16.55.08:846][525]LogInit: FAudioDevice initialized.
[2015.07.10-16.55.08:909][525]LogWorld: Game class is 'BP_Gamemode_C'
[2015.07.10-16.55.08:950][525]LogWorld: Bringing World /Game/Maps/UEDPIE_0_Singleplayer.Singleplayer up for play (max tick rate 60) at 2015.07.10-18.55.08
[2015.07.10-16.55.08:950][525]LogActor:Warning: GameSession /Game/Maps/UEDPIE_0_Singleplayer.Singleplayer:PersistentLevel.GameSession_0 has natively added scene component(s), but none of them were set as the actor's RootComponent - picking one arbitrarily
[2015.07.10-16.55.08:960][525]LogActor:Warning: GameNetworkManager /Game/Maps/UEDPIE_0_Singleplayer.Singleplayer:PersistentLevel.GameNetworkManager_0 has natively added scene component(s), but none of them were set as the actor's RootComponent - picking one arbitrarily
[2015.07.10-16.55.08:972][525]LogWorld: Bringing up level for play took: 0.023340
[2015.07.10-16.55.09:120][525]PIE: Info Play in editor start time for /Game/Maps/UEDPIE_0_Singleplayer 0.625
[2015.07.10-16.55.09:193][525]LogRenderer: Reallocating scene render targets to support 1296x760 (Frame:474).
[2015.07.10-16.55.14:659][846]LogBlueprintUserMessages: Hello
[2015.07.10-16.55.15:958][924]LogBlueprintUserMessages: Hello
[2015.07.10-16.55.17:533][ 15]LogParticles: Destroying 0 GPU particle simulations for FXSystem 0x0000005676090D60
[2015.07.10-16.55.18:682][ 83]LogPlayLevel: PIE:  No blueprints needed recompiling
[2015.07.10-16.55.18:682][ 83]PIE: New page: PIE session: Singleplayer (Jul 10, 2015, 8:55:18 PM)
[2015.07.10-16.55.18:683][ 83]LogPlayLevel: Creating play world package: /Game/Maps/UEDPIE_0_Singleplayer
[2015.07.10-16.55.18:683][ 83]LogPlayLevel: PIE: StaticDuplicateObject took: (0.000559s)
[2015.07.10-16.55.18:684][ 83]LogAIModule: Creating AISystem for world Singleplayer
[2015.07.10-16.55.18:684][ 83]LogPlayLevel: PIE: World Init took: (0.000878s)
[2015.07.10-16.55.18:684][ 83]LogPlayLevel: PIE: Created PIE world by copying editor world from /Game/Maps/Singleplayer.Singleplayer to /Game/Maps/UEDPIE_0_Singleplayer.Singleplayer (0.001583s)
[2015.07.10-16.55.18:705][ 83]LogInit: XAudio2 using 'Lautsprecher (Realtek High Definition Audio)' : 2 channels at 48 kHz using 32 bits per sample (channel mask 0x3)
[2015.07.10-16.55.18:712][ 83]LogInit: FAudioDevice initialized.
[2015.07.10-16.55.18:754][ 83]LogWorld: Game class is 'BP_Gamemode_C'
[2015.07.10-16.55.18:757][ 83]LogWorld: Bringing World /Game/Maps/UEDPIE_0_Singleplayer.Singleplayer up for play (max tick rate 60) at 2015.07.10-18.55.18
[2015.07.10-16.55.18:757][ 83]LogActor:Warning: GameSession /Game/Maps/UEDPIE_0_Singleplayer.Singleplayer:PersistentLevel.GameSession_1 has natively added scene component(s), but none of them were set as the actor's RootComponent - picking one arbitrarily
[2015.07.10-16.55.18:757][ 83]LogActor:Warning: GameNetworkManager /Game/Maps/UEDPIE_0_Singleplayer.Singleplayer:PersistentLevel.GameNetworkManager_1 has natively added scene component(s), but none of them were set as the actor's RootComponent - picking one arbitrarily
[2015.07.10-16.55.18:757][ 83]LogWorld: Bringing up level for play took: 0.001437
[2015.07.10-16.55.18:769][ 83]PIE: Info Play in editor start time for /Game/Maps/UEDPIE_0_Singleplayer 0.274
[2015.07.10-16.55.21:045][214]LogParticles: Destroying 0 GPU particle simulations for FXSystem 0x0000005676091260
[2015.07.10-16.55.59:988][550]LogPlayLevel: PIE:  No blueprints needed recompiling
[2015.07.10-16.55.59:988][550]PIE: New page: PIE session: Singleplayer (Jul 10, 2015, 8:55:59 PM)
[2015.07.10-16.55.59:988][550]LogPlayLevel: Creating play world package: /Game/Maps/UEDPIE_0_Singleplayer
[2015.07.10-16.55.59:989][550]LogPlayLevel: PIE: StaticDuplicateObject took: (0.000565s)
[2015.07.10-16.55.59:990][550]LogAIModule: Creating AISystem for world Singleplayer
[2015.07.10-16.55.59:990][550]LogPlayLevel: PIE: World Init took: (0.000911s)
[2015.07.10-16.55.59:990][550]LogPlayLevel: PIE: Created PIE world by copying editor world from /Game/Maps/Singleplayer.Singleplayer to /Game/Maps/UEDPIE_0_Singleplayer.Singleplayer (0.001618s)
[2015.07.10-16.56.00:007][550]LogInit: XAudio2 using 'Lautsprecher (Realtek High Definition Audio)' : 2 channels at 48 kHz using 32 bits per sample (channel mask 0x3)
[2015.07.10-16.56.00:014][550]LogInit: FAudioDevice initialized.
[2015.07.10-16.56.00:050][550]LogWorld: Game class is 'BP_Gamemode_C'
[2015.07.10-16.56.00:053][550]LogWorld: Bringing World /Game/Maps/UEDPIE_0_Singleplayer.Singleplayer up for play (max tick rate 60) at 2015.07.10-18.56.00
[2015.07.10-16.56.00:053][550]LogActor:Warning: GameSession /Game/Maps/UEDPIE_0_Singleplayer.Singleplayer:PersistentLevel.GameSession_2 has natively added scene component(s), but none of them were set as the actor's RootComponent - picking one arbitrarily
[2015.07.10-16.56.00:054][550]LogActor:Warning: GameNetworkManager /Game/Maps/UEDPIE_0_Singleplayer.Singleplayer:PersistentLevel.GameNetworkManager_2 has natively added scene component(s), but none of them were set as the actor's RootComponent - picking one arbitrarily
[2015.07.10-16.56.00:054][550]LogWorld: Bringing up level for play took: 0.001489
[2015.07.10-16.56.00:065][550]PIE: Info Play in editor start time for /Game/Maps/UEDPIE_0_Singleplayer -0.43
[2015.07.10-16.56.02:624][701]LogBlueprintUserMessages: Hello
[2015.07.10-16.56.06:591][939]LogBlueprintUserMessages: Hello
[2015.07.10-16.56.08:658][ 63]LogBlueprintUserMessages: Hello
[2015.07.10-16.56.11:957][258]LogParticles: Destroying 0 GPU particle simulations for FXSystem 0x000000564D37E480
[2015.07.10-16.56.13:084][325]LogPlayLevel: PIE:  No blueprints needed recompiling
[2015.07.10-16.56.13:084][325]PIE: New page: PIE session: Singleplayer (Jul 10, 2015, 8:56:13 PM)
[2015.07.10-16.56.13:085][325]LogPlayLevel: Creating play world package: /Game/Maps/UEDPIE_0_Singleplayer
[2015.07.10-16.56.13:085][325]LogPlayLevel: PIE: StaticDuplicateObject took: (0.000653s)
[2015.07.10-16.56.13:086][325]LogAIModule: Creating AISystem for world Singleplayer
[2015.07.10-16.56.13:087][325]LogPlayLevel: PIE: World Init took: (0.001007s)
[2015.07.10-16.56.13:087][325]LogPlayLevel: PIE: Created PIE world by copying editor world from /Game/Maps/Singleplayer.Singleplayer to /Game/Maps/UEDPIE_0_Singleplayer.Singleplayer (0.001831s)
[2015.07.10-16.56.13:108][325]LogInit: XAudio2 using 'Lautsprecher (Realtek High Definition Audio)' : 2 channels at 48 kHz using 32 bits per sample (channel mask 0x3)
[2015.07.10-16.56.13:116][325]LogInit: FAudioDevice initialized.
[2015.07.10-16.56.13:150][325]LogWorld: Game class is 'BP_Gamemode_C'
[2015.07.10-16.56.13:153][325]LogWorld: Bringing World /Game/Maps/UEDPIE_0_Singleplayer.Singleplayer up for play (max tick rate 60) at 2015.07.10-18.56.13
[2015.07.10-16.56.13:153][325]LogActor:Warning: GameSession /Game/Maps/UEDPIE_0_Singleplayer.Singleplayer:PersistentLevel.GameSession_3 has natively added scene component(s), but none of them were set as the actor's RootComponent - picking one arbitrarily
[2015.07.10-16.56.13:153][325]LogActor:Warning: GameNetworkManager /Game/Maps/UEDPIE_0_Singleplayer.Singleplayer:PersistentLevel.GameNetworkManager_3 has natively added scene component(s), but none of them were set as the actor's RootComponent - picking one arbitrarily
[2015.07.10-16.56.13:154][325]LogWorld: Bringing up level for play took: 0.001519
[2015.07.10-16.56.13:165][325]PIE: Info Play in editor start time for /Game/Maps/UEDPIE_0_Singleplayer 0.671
[2015.07.10-16.56.15:757][479]LogBlueprintUserMessages: Hello
[2015.07.10-16.56.17:341][574]LogBlueprintUserMessages: Hello
[2015.07.10-16.56.18:974][672]LogBlueprintUserMessages: Hello
[2015.07.10-16.56.20:724][777]LogBlueprintUserMessages: Hello
[2015.07.10-16.56.30:208][346]LogBlueprintUserMessages: Hello
[2015.07.10-16.56.32:581][485]LogParticles: Destroying 0 GPU particle simulations for FXSystem 0x0000005674781A80
[2015.07.10-16.56.34:473][598]LogPlayLevel: PIE:  No blueprints needed recompiling
[2015.07.10-16.56.34:473][598]PIE: New page: PIE session: Singleplayer (Jul 10, 2015, 8:56:34 PM)
[2015.07.10-16.56.34:473][598]LogPlayLevel: Creating play world package: /Game/Maps/UEDPIE_0_Singleplayer
[2015.07.10-16.56.34:474][598]LogPlayLevel: PIE: StaticDuplicateObject took: (0.000612s)
[2015.07.10-16.56.34:474][598]LogAIModule: Creating AISystem for world Singleplayer
[2015.07.10-16.56.34:475][598]LogPlayLevel: PIE: World Init took: (0.000883s)
[2015.07.10-16.56.34:475][598]LogPlayLevel: PIE: Created PIE world by copying editor world from /Game/Maps/Singleplayer.Singleplayer to /Game/Maps/UEDPIE_0_Singleplayer.Singleplayer (0.001645s)
[2015.07.10-16.56.34:490][598]LogInit: XAudio2 using 'Lautsprecher (Realtek High Definition Audio)' : 2 channels at 48 kHz using 32 bits per sample (channel mask 0x3)
[2015.07.10-16.56.34:496][598]LogInit: FAudioDevice initialized.
[2015.07.10-16.56.34:531][598]LogWorld: Game class is 'BP_Gamemode_C'
[2015.07.10-16.56.34:534][598]LogWorld: Bringing World /Game/Maps/UEDPIE_0_Singleplayer.Singleplayer up for play (max tick rate 60) at 2015.07.10-18.56.34
[2015.07.10-16.56.34:534][598]LogActor:Warning: GameSession /Game/Maps/UEDPIE_0_Singleplayer.Singleplayer:PersistentLevel.GameSession_4 has natively added scene component(s), but none of them were set as the actor's RootComponent - picking one arbitrarily
[2015.07.10-16.56.34:535][598]LogActor:Warning: GameNetworkManager /Game/Maps/UEDPIE_0_Singleplayer.Singleplayer:PersistentLevel.GameNetworkManager_4 has natively added scene component(s), but none of them were set as the actor's RootComponent - picking one arbitrarily
[2015.07.10-16.56.34:535][598]LogWorld: Bringing up level for play took: 0.002078
[2015.07.10-16.56.34:550][598]PIE: Info Play in editor start time for /Game/Maps/UEDPIE_0_Singleplayer 0.055
[2015.07.10-16.56.43:081][107]LogBlueprintUserMessages: Hello
[2015.07.10-16.56.44:547][195]LogBlueprintUserMessages: Hello
[2015.07.10-16.56.46:464][310]LogBlueprintUserMessages: Hello
[2015.07.10-16.56.48:648][441]LogBlueprintUserMessages: Hello
[2015.07.10-16.57.57:812][590]LogBlueprintUserMessages: Hello
[2015.07.10-16.57.58:672][638]LogParticles: Destroying 0 GPU particle simulations for FXSystem 0x0000005645816200
[2015.07.10-16.58.00:867][765]LogWindowsTextInputMethodSystem:Display: IME system now deactivated.
[2015.07.10-16.58.01:970][766]Cmd: QUIT_EDITOR
[2015.07.10-16.58.03:183][766]LogExit: Preparing to exit.
[2015.07.10-16.58.04:032][766]LogExit: Editor shut down
[2015.07.10-16.58.04:032][766]LogExit: Transaction tracking system shut down
[2015.07.10-16.58.04:033][766]LogParticles: Destroying 0 GPU particle simulations for FXSystem 0x0000005666E239C0
[2015.07.10-16.58.04:035][766]LogParticles: Destroying 0 GPU particle simulations for FXSystem 0x0000005666E21080
[2015.07.10-16.58.04:158][766]LogExit: Object subsystem successfully closed.
[2015.07.10-16.58.04:215][766]LogModuleManager: Shutting down and abandoning module CrashTracker (188)
[2015.07.10-16.58.04:215][766]LogModuleManager: Shutting down and abandoning module SceneOutliner (187)
[2015.07.10-16.58.04:215][766]LogModuleManager: Shutting down and abandoning module SuperSearch (186)
[2015.07.10-16.58.04:215][766]LogModuleManager: Shutting down and abandoning module WidgetCarousel (185)
[2015.07.10-16.58.04:215][766]LogModuleManager: Shutting down and abandoning module AddContentDialog (184)
[2015.07.10-16.58.04:216][766]LogModuleManager: Shutting down and abandoning module EditorWidgets (183)
[2015.07.10-16.58.04:216][766]LogModuleManager: Shutting down and abandoning module CollectionManager (182)
[2015.07.10-16.58.04:216][766]LogModuleManager: Shutting down and abandoning module StatsViewer (181)
[2015.07.10-16.58.04:216][766]LogModuleManager: Shutting down and abandoning module FoliageEdit (180)
[2015.07.10-16.58.04:216][766]LogModuleManager: Shutting down and abandoning module LandscapeEditor (179)
[2015.07.10-16.58.04:217][766]LogModuleManager: Shutting down and abandoning module ActorPickerMode (178)
[2015.07.10-16.58.04:217][766]LogModuleManager: Shutting down and abandoning module GeometryMode (177)
[2015.07.10-16.58.04:217][766]LogModuleManager: Shutting down and abandoning module TextureAlignMode (176)
[2015.07.10-16.58.04:217][766]LogModuleManager: Shutting down and abandoning module BspMode (175)
[2015.07.10-16.58.04:217][766]LogModuleManager: Shutting down and abandoning module PlacementMode (174)
[2015.07.10-16.58.04:217][766]LogModuleManager: Shutting down and abandoning module AutomationWorker (173)
[2015.07.10-16.58.04:217][766]LogModuleManager: Shutting down and abandoning module CharacterAI (172)
[2015.07.10-16.58.04:217][766]LogModuleManager: Shutting down and abandoning module SmartSnapping (171)
[2015.07.10-16.58.04:217][766]LogModuleManager: Shutting down and abandoning module ViewportSnapping (170)
[2015.07.10-16.58.04:217][766]LogModuleManager: Shutting down and abandoning module LogVisualizer (169)
[2015.07.10-16.58.04:217][766]LogModuleManager: Shutting down and abandoning module GameProjectGeneration (168)
[2015.07.10-16.58.04:217][766]LogModuleManager: Shutting down and abandoning module IntroTutorials (167)
[2015.07.10-16.58.04:217][766]LogModuleManager: Shutting down and abandoning module EditorLiveStreaming (166)
[2015.07.10-16.58.04:217][766]LogModuleManager: Shutting down and abandoning module IOSPlatformEditor (165)
[2015.07.10-16.58.04:217][766]LogModuleManager: Shutting down and abandoning module HTML5PlatformEditor (164)
[2015.07.10-16.58.04:217][766]LogModuleManager: Shutting down and abandoning module AndroidDeviceDetection (163)
[2015.07.10-16.58.04:949][766]LogModuleManager: Shutting down and abandoning module AndroidPlatformEditor (162)
[2015.07.10-16.58.04:949][766]LogModuleManager: Shutting down and abandoning module IOSRuntimeSettings (161)
[2015.07.10-16.58.04:949][766]LogModuleManager: Shutting down and abandoning module AndroidRuntimeSettings (160)
[2015.07.10-16.58.04:949][766]LogModuleManager: Shutting down and abandoning module MergeActors (159)
[2015.07.10-16.58.04:949][766]LogModuleManager: Shutting down and abandoning module SizeMap (158)
[2015.07.10-16.58.04:949][766]LogModuleManager: Shutting down and abandoning module TreeMap (157)
[2015.07.10-16.58.04:949][766]LogModuleManager: Shutting down and abandoning module ReferenceViewer (156)
[2015.07.10-16.58.04:949][766]LogModuleManager: Shutting down and abandoning module LocalizationDashboard (155)
[2015.07.10-16.58.04:949][766]LogModuleManager: Shutting down and abandoning module HardwareTargeting (154)
[2015.07.10-16.58.04:949][766]LogModuleManager: Shutting down and abandoning module DeviceProfileEditor (153)
[2015.07.10-16.58.04:949][766]LogModuleManager: Shutting down and abandoning module UndoHistory (152)
[2015.07.10-16.58.04:949][766]LogModuleManager: Shutting down and abandoning module GameplayTagsEditor (151)
[2015.07.10-16.58.04:949][766]LogModuleManager: Shutting down and abandoning module UserFeedback (150)
[2015.07.10-16.58.04:949][766]LogModuleManager: Shutting down and abandoning module XmlParser (149)
[2015.07.10-16.58.04:949][766]LogModuleManager: Shutting down and abandoning module Blutility (148)
[2015.07.10-16.58.04:949][766]LogModuleManager: Shutting down and abandoning module ProjectTargetPlatformEditor (147)
[2015.07.10-16.58.04:949][766]LogModuleManager: Shutting down and abandoning module ProjectSettingsViewer (146)
[2015.07.10-16.58.04:950][766]LogModuleManager: Shutting down and abandoning module InputBindingEditor (145)
[2015.07.10-16.58.04:950][766]LogModuleManager: Shutting down and abandoning module EditorSettingsViewer (144)
[2015.07.10-16.58.04:950][766]LogModuleManager: Shutting down and abandoning module SettingsEditor (143)
[2015.07.10-16.58.04:950][766]LogModuleManager: Shutting down and abandoning module ProjectLauncher (142)
[2015.07.10-16.58.04:950][766]LogModuleManager: Shutting down and abandoning module SessionFrontend (141)
[2015.07.10-16.58.04:950][766]LogModuleManager: Shutting down and abandoning module ProfilerClient (140)
[2015.07.10-16.58.04:950][766]LogModuleManager: Shutting down and abandoning module TargetDeviceServices (139)
[2015.07.10-16.58.04:950][766]LogModuleManager: Shutting down and abandoning module DeviceManager (138)
[2015.07.10-16.58.04:950][766]LogModuleManager: Shutting down and abandoning module AutomationController (137)
[2015.07.10-16.58.04:951][766]LogModuleManager: Shutting down and abandoning module AutomationWindow (136)
[2015.07.10-16.58.04:951][766]LogModuleManager: Shutting down and abandoning module Layers (135)
[2015.07.10-16.58.04:951][766]LogModuleManager: Shutting down and abandoning module ComponentVisualizers (134)
[2015.07.10-16.58.04:951][766]LogModuleManager: Shutting down and abandoning module DetailCustomizations (133)
[2015.07.10-16.58.04:951][766]LogModuleManager: Shutting down and abandoning module PackagesDialog (132)
[2015.07.10-16.58.04:951][766]LogModuleManager: Shutting down and abandoning module AssetRegistry (131)
[2015.07.10-16.58.05:090][766]LogModuleManager: Shutting down and abandoning module Persona (130)
[2015.07.10-16.58.05:090][766]LogModuleManager: Shutting down and abandoning module Kismet (129)
[2015.07.10-16.58.05:090][766]LogModuleManager: Shutting down and abandoning module GraphEditor (128)
[2015.07.10-16.58.05:090][766]LogModuleManager: Shutting down and abandoning module ClassViewer (127)
[2015.07.10-16.58.05:090][766]LogModuleManager: Shutting down and abandoning module Toolbox (126)
[2015.07.10-16.58.05:090][766]LogModuleManager: Shutting down and abandoning module ModuleUI (125)
[2015.07.10-16.58.05:090][766]LogModuleManager: Shutting down and abandoning module MovieSceneTools (124)
[2015.07.10-16.58.05:090][766]LogModuleManager: Shutting down and abandoning module OutputLog (123)
[2015.07.10-16.58.05:090][766]LogModuleManager: Shutting down and abandoning module GammaUI (122)
[2015.07.10-16.58.05:090][766]LogModuleManager: Shutting down and abandoning module Documentation (121)
[2015.07.10-16.58.05:090][766]LogModuleManager: Shutting down and abandoning module GameLiveStreaming (120)
[2015.07.10-16.58.05:090][766]LogModuleManager: Shutting down and abandoning module StreamingPauseRendering (119)
[2015.07.10-16.58.05:090][766]LogModuleManager: Shutting down and abandoning module AnalyticsET (118)
[2015.07.10-16.58.05:090][766]LogModuleManager: Shutting down and abandoning module Analytics (117)
[2015.07.10-16.58.05:090][766]LogModuleManager: Shutting down and abandoning module AITestSuite (116)
[2015.07.10-16.58.05:090][766]LogModuleManager: Shutting down and abandoning module GameplayDebugger (115)
[2015.07.10-16.58.05:090][766]LogModuleManager: Shutting down and abandoning module AIModule (114)
[2015.07.10-16.58.05:090][766]LogModuleManager: Shutting down and abandoning module ProfilerService (113)
[2015.07.10-16.58.05:091][766]LogModuleManager: Shutting down and abandoning module TaskGraph (112)
[2015.07.10-16.58.05:091][766]LogModuleManager: Shutting down and abandoning module SlateRemote (111)
[2015.07.10-16.58.05:091][766]LogModuleManager: Shutting down and abandoning module SteamVRController (110)
[2015.07.10-16.58.05:091][766]LogModuleManager: Shutting down and abandoning module SteamVR (109)
[2015.07.10-16.58.05:091][766]LogModuleManager: Shutting down and abandoning module ProceduralMeshComponent (108)
[2015.07.10-16.58.05:091][766]LogModuleManager: Shutting down and abandoning module OculusRift (107)
[2015.07.10-16.58.05:091][766]LogModuleManager: Shutting down and abandoning module LeapMotionController (106)
[2015.07.10-16.58.05:107][766]LogModuleManager: Shutting down and abandoning module CustomMeshComponent (105)
[2015.07.10-16.58.05:107][766]LogModuleManager: Shutting down and abandoning module CableComponent (104)
[2015.07.10-16.58.05:107][766]LogModuleManager: Shutting down and abandoning module MessagingDebugger (103)
[2015.07.10-16.58.05:107][766]LogModuleManager: Shutting down and abandoning module MediaPlayerEditor (102)
[2015.07.10-16.58.05:107][766]LogModuleManager: Shutting down and abandoning module SpeedTreeImporter (101)
[2015.07.10-16.58.05:107][766]LogModuleManager: Shutting down and abandoning module PluginBrowser (100)
[2015.07.10-16.58.05:107][766]LogModuleManager: Shutting down and abandoning module EpicSurvey (99)
[2015.07.10-16.58.05:107][766]LogModuleManager: Shutting down and abandoning module DesktopPlatform (98)
[2015.07.10-16.58.05:107][766]LogModuleManager: Shutting down and abandoning module VisualStudioSourceCodeAccess (97)
[2015.07.10-16.58.05:107][766]LogModuleManager: Shutting down and abandoning module UObjectPlugin (96)
[2015.07.10-16.58.05:107][766]LogModuleManager: Shutting down and abandoning module SubversionSourceControl (95)
[2015.07.10-16.58.05:107][766]LogModuleManager: Shutting down and abandoning module PerforceSourceControl (94)
[2015.07.10-16.58.05:107][766]LogModuleManager: Shutting down and abandoning module SourceControl (93)
[2015.07.10-16.58.05:107][766]LogModuleManager: Shutting down and abandoning module GitSourceControl (92)
[2015.07.10-16.58.05:107][766]LogModuleManager: Shutting down and abandoning module BlankPlugin (91)
[2015.07.10-16.58.05:107][766]LogModuleManager: Shutting down and abandoning module PaperTiledImporter (90)
[2015.07.10-16.58.05:107][766]LogModuleManager: Shutting down and abandoning module PaperSpriteSheetImporter (89)
[2015.07.10-16.58.05:107][766]LogModuleManager: Shutting down and abandoning module MeshPaint (88)
[2015.07.10-16.58.05:107][766]LogModuleManager: Shutting down and abandoning module SlateReflector (87)
[2015.07.10-16.58.05:107][766]LogModuleManager: Shutting down and abandoning module DirectoryWatcher (86)
[2015.07.10-16.58.05:109][766]LogModuleManager: Shutting down and abandoning module HotReload (85)
[2015.07.10-16.58.05:109][766]LogModuleManager: Shutting down and abandoning module MainFrame (84)
[2015.07.10-16.58.05:109][766]LogModuleManager: Shutting down and abandoning module LevelEditor (83)
[2015.07.10-16.58.05:110][766]LogModuleManager: Shutting down and abandoning module ContentBrowser (82)
[2015.07.10-16.58.05:110][766]LogModuleManager: Shutting down and abandoning module Paper2DEditor (81)
[2015.07.10-16.58.05:110][766]LogModuleManager: Shutting down and abandoning module UdpMessaging (80)
[2015.07.10-16.58.05:212][766]LogModuleManager: Shutting down and abandoning module Paper2D (79)
[2015.07.10-16.58.05:212][766]LogModuleManager: Shutting down and abandoning module WindowsMoviePlayer (78)
[2015.07.10-16.58.05:216][766]LogModuleManager: Shutting down and abandoning module Media (77)
[2015.07.10-16.58.05:216][766]LogModuleManager: Shutting down and abandoning module WmfMedia (76)
[2015.07.10-16.58.05:216][766]LogModuleManager: Shutting down and abandoning module OnlineBlueprintSupport (75)
[2015.07.10-16.58.05:216][766]LogModuleManager: Shutting down and abandoning module PropertyEditor (74)
[2015.07.10-16.58.05:216][766]LogModuleManager: Shutting down and abandoning module BehaviorTreeEditor (73)
[2015.07.10-16.58.05:216][766]LogModuleManager: Shutting down and abandoning module FunctionalTesting (72)
[2015.07.10-16.58.05:216][766]LogModuleManager: Shutting down and abandoning module CollisionAnalyzer (71)
[2015.07.10-16.58.05:216][766]LogModuleManager: Shutting down and abandoning module WorkspaceMenuStructure (70)
[2015.07.10-16.58.05:217][766]LogModuleManager: Shutting down and abandoning module MessageLog (69)
[2015.07.10-16.58.05:217][766]LogModuleManager: Shutting down and abandoning module Sequencer (68)
[2015.07.10-16.58.05:217][766]LogModuleManager: Shutting down and abandoning module AssetTools (67)
[2015.07.10-16.58.05:217][766]LogModuleManager: Shutting down and abandoning module UMGEditor (66)
[2015.07.10-16.58.05:217][766]LogModuleManager: Shutting down and abandoning module UMG (65)
[2015.07.10-16.58.05:217][766]LogModuleManager: Shutting down and abandoning module Slate (64)
[2015.07.10-16.58.05:217][766]LogModuleManager: Shutting down and abandoning module EditorStyle (63)
[2015.07.10-16.58.05:221][766]LogModuleManager: Shutting down and abandoning module SessionServices (62)
[2015.07.10-16.58.05:221][766]LogModuleManager: Shutting down and abandoning module SourceCodeAccess (61)
[2015.07.10-16.58.05:221][766]LogModuleManager: Shutting down and abandoning module HeadMountedDisplay (60)
[2015.07.10-16.58.05:221][766]LogModuleManager: Shutting down and abandoning module XAudio2 (59)
[2015.07.10-16.58.05:221][766]LogModuleManager: Shutting down and abandoning module Networking (57)
[2015.07.10-16.58.05:221][766]LogModuleManager: Shutting down and abandoning module Core (56)
[2015.07.10-16.58.05:221][766]LogModuleManager: Shutting down and abandoning module KismetCompiler (55)
[2015.07.10-16.58.05:221][766]LogModuleManager: Shutting down and abandoning module PhysXFormats (54)
[2015.07.10-16.58.05:221][766]LogModuleManager: Shutting down and abandoning module MeshUtilities (53)
[2015.07.10-16.58.05:221][766]LogModuleManager: Shutting down and abandoning module DerivedDataCache (52)
[2015.07.10-16.58.05:291][766]LogDerivedDataCache: Shutdown
[2015.07.10-16.58.05:291][766]LogModuleManager: Shutting down and abandoning module ShaderFormatOpenGL (51)
[2015.07.10-16.58.05:291][766]LogModuleManager: Shutting down and abandoning module ShaderFormatD3D (50)
[2015.07.10-16.58.05:291][766]LogModuleManager: Shutting down and abandoning module MetalShaderFormat (49)
[2015.07.10-16.58.05:291][766]LogModuleManager: Shutting down and abandoning module TextureFormatUncompressed (48)
[2015.07.10-16.58.05:291][766]LogModuleManager: Shutting down and abandoning module TextureFormatPVR (47)
[2015.07.10-16.58.05:291][766]LogModuleManager: Shutting down and abandoning module TextureFormatIntelISPCTexComp (46)
[2015.07.10-16.58.05:291][766]LogModuleManager: Shutting down and abandoning module TextureFormatDXT (45)
[2015.07.10-16.58.05:291][766]LogModuleManager: Shutting down and abandoning module ImageWrapper (44)
[2015.07.10-16.58.05:291][766]LogModuleManager: Shutting down and abandoning module TextureFormatASTC (43)
[2015.07.10-16.58.05:291][766]LogModuleManager: Shutting down and abandoning module TextureFormatAndroid (42)
[2015.07.10-16.58.05:291][766]LogModuleManager: Shutting down and abandoning module AudioFormatOpus (41)
[2015.07.10-16.58.05:291][766]LogModuleManager: Shutting down and abandoning module AudioFormatOgg (40)
[2015.07.10-16.58.05:291][766]LogModuleManager: Shutting down and abandoning module AudioFormatADPCM (39)
[2015.07.10-16.58.05:291][766]LogModuleManager: Shutting down and abandoning module LinuxTargetPlatform (38)
[2015.07.10-16.58.05:292][766]LogModuleManager: Shutting down and abandoning module LinuxServerTargetPlatform (37)
[2015.07.10-16.58.05:292][766]LogModuleManager: Shutting down and abandoning module LinuxNoEditorTargetPlatform (36)
[2015.07.10-16.58.05:292][766]LogModuleManager: Shutting down and abandoning module Messaging (35)
[2015.07.10-16.58.05:292][766]LogModuleManager: Shutting down and abandoning module IOSTargetPlatform (34)
[2015.07.10-16.58.05:292][766]LogModuleManager: Shutting down and abandoning module HTML5TargetPlatform (33)
[2015.07.10-16.58.05:292][766]LogModuleManager: Shutting down and abandoning module Android_PVRTCTargetPlatform (32)
[2015.07.10-16.58.05:292][766]LogModuleManager: Shutting down and abandoning module Android_ETC2TargetPlatform (31)
[2015.07.10-16.58.05:292][766]LogModuleManager: Shutting down and abandoning module Android_ETC1TargetPlatform (30)
[2015.07.10-16.58.05:292][766]LogModuleManager: Shutting down and abandoning module Android_DXTTargetPlatform (29)
[2015.07.10-16.58.05:292][766]LogModuleManager: Shutting down and abandoning module Android_ATCTargetPlatform (28)
[2015.07.10-16.58.05:292][766]LogModuleManager: Shutting down and abandoning module Android_ASTCTargetPlatform (27)
[2015.07.10-16.58.05:292][766]LogModuleManager: Shutting down and abandoning module AndroidTargetPlatform (26)
[2015.07.10-16.58.05:292][766]LogModuleManager: Shutting down and abandoning module WindowsTargetPlatform (25)
[2015.07.10-16.58.05:292][766]LogModuleManager: Shutting down and abandoning module WindowsServerTargetPlatform (24)
[2015.07.10-16.58.05:292][766]LogModuleManager: Shutting down and abandoning module WindowsNoEditorTargetPlatform (23)
[2015.07.10-16.58.05:292][766]LogModuleManager: Shutting down and abandoning module WindowsClientTargetPlatform (22)
[2015.07.10-16.58.05:292][766]LogModuleManager: Shutting down and abandoning module DesktopTargetPlatform (21)
[2015.07.10-16.58.05:292][766]LogModuleManager: Shutting down and abandoning module TargetPlatform (20)
[2015.07.10-16.58.05:292][766]LogModuleManager: Shutting down and abandoning module InputCore (19)
[2015.07.10-16.58.05:292][766]LogModuleManager: Shutting down and abandoning module Settings (18)
[2015.07.10-16.58.05:292][766]LogModuleManager: Shutting down and abandoning module OnlineSubsystem (16)
[2015.07.10-16.58.05:292][766]LogModuleManager: Shutting down and abandoning module HTTP (15)
[2015.07.10-16.58.05:293][766]LogModuleManager: Shutting down and abandoning module ExampleDeviceProfileSelector (14)
[2015.07.10-16.58.05:293][766]LogModuleManager: Shutting down and abandoning module TextureCompressor (13)
[2015.07.10-16.58.05:293][766]LogModuleManager: Shutting down and abandoning module ShaderCore (12)
[2015.07.10-16.58.05:293][766]LogModuleManager: Shutting down and abandoning module Landscape (11)
[2015.07.10-16.58.05:293][766]LogModuleManager: Shutting down and abandoning module SlateRHIRenderer (10)
[2015.07.10-16.58.05:302][766]LogModuleManager: Shutting down and abandoning module OpenGLDrv (9)
[2015.07.10-16.58.05:302][766]LogModuleManager: Shutting down and abandoning module D3D11RHI (8)
[2015.07.10-16.58.05:302][766]LogModuleManager: Shutting down and abandoning module Renderer (7)
[2015.07.10-16.58.05:302][766]LogModuleManager: Shutting down and abandoning module Engine (6)
[2015.07.10-16.58.05:302][766]LogModuleManager: Shutting down and abandoning module CoreUObject (5)
[2015.07.10-16.58.05:302][766]LogModuleManager: Shutting down and abandoning module NetworkFile (4)
[2015.07.10-16.58.05:302][766]LogModuleManager: Shutting down and abandoning module StreamingFile (3)
[2015.07.10-16.58.05:302][766]LogModuleManager: Shutting down and abandoning module SandboxFile (2)
[2015.07.10-16.58.05:302][766]LogModuleManager: Shutting down and abandoning module PakFile (1)
[2015.07.10-16.58.05:303][766]LogExit: Exiting.
[2015.07.10-16.58.05:307][766]Log file closed, 07/10/15 18:58:05
